0
17818802
13657535
17855533
21670643
25129577
23647109
11902849
4871961
16397945
10267546
23955992
16552760
789884
7370742
1980782
18684787
10016748
32136459
844955
61568290
41251210
36893000
12839907
3109742
34860310
85105
30627104
10153234
7190857
-1
-1
103641037
-1
-1
-1
-1
223444339
-1
-1
-1
-1
-1
-1
-1
-1
-1
-1
-1
453503825
-1
-1
399790708
-1
-1
121101653
-1
-1
-1
-1
-1
206948704
-1
482831069
-1
-1
-1
-1
-1
-1
-1
-1
-1
-1
174259907
-1
178015162
-1
-1
-1
105461652
-1
-1
-1
-1
-1
-1
-1
-1
118114640
403699863
-1
-1
-1
-1
-1
353741685
796740300
-1
674515992
-1
-1
-1
-1
-1
-1
-1
-1
601856363
-1
-1
29166114
-1
-1
152983507
-1
887272008
-1
174016340
-1
31309763
-1
-1
-1
-1
612564947
369089407
183733986
-1
-1
687778570
330207351
-1
-1
-1
-1
-1
-1
-1
-1
-1
-1
-1
-1
-1
-1
-1
-1
62035219
-1
-1
-1
-1
-1
-1
-1
-1
-1
-1
-1
-1
-1
-1
-1
-1
-1
-1
-1
-1
-1
813395661
-1
-1
-1
-1
-1
-1
31807178
-1
-1
646143003
-1
-1
34706137
528362202
-1
221936171
-1
369129463
-1
-1
-1
-1
-1
-1
555602383
-1
8651109
-1
364670090
-1
-1
115781881
-1
-1
-1
391871361
-1
977896244
-1
-1
-1
-1
187801718
-1
-1
-1
336135344
-1
-1
-1
321387929
125695692
908736189
500384768
142921530
48561627
54280498
-1
-1
-1
-1
-1
-1
-1
-1
474214236
-1
-1
65717634
-1
-1
-1
-1
-1
-1
-1
405386754
-1
-1
156450269
272571999
-1
-1
-1
-1
-1
-1
834237125
-1
-1
-1
-1
-1
-1
359202879
-1
-1
-1
74248822
156578814
-1
-1
-1
-1
-1
-1
-1
48526715
-1
-1
-1
-1
-1
894016719
216854729
-1
-1
-1
-1
-1
-1
48499334
-1
-1
-1
-1
-1
-1
-1
-1
-1
-1
-1
-1
451745963
-1
-1
677138201
-1
972620520
72394016
71727967
700290105
-1
276783621
-1
-1
-1
-1
501713016
-1
-1
-1
-1
-1
-1
-1
-1
339548568
-1
335456554
-1
-1
-1
-1
49948482
-1
-1
583685880
-1
-1
-1
-1
-1
-1
703358488
-1
346626496
-1
-1
-1
260927673
-1
86893561
-1
-1
-1
46998759
-1
-1
-1
-1
-1
273271581
-1
203074805
-1
-1
-1
-1
611921543
-1
-1
-1
-1
-1
39883153
262580837
319210090
82388884
-1
-1
-1
-1
-1
-1
407038361
542665707
-1
-1
-1
328335856
-1
-1
-1
100984008
-1
-1
536999223
-1
-1
-1
-1
-1
-1
624747499
-1
-1
-1
-1
877985556
-1
-1
161517131
-1
-1
286804049
104750403
-1
-1
368429005
-1
848782683
-1
-1
-1
681683648
446258182
248645780
-1
602008545
-1
-1
-1
-1
-1
-1
882005877
-1
-1
-1
-1
-1
333336467
-1
-1
609402476
726843900
-1
-1
-1
-1
839750879
-1
-1
-1
-1
804931344
847945986
-1
804802672
-1
197172143
22589730
-1
-1
-1
-1
-1
-1
-1
676042974
-1
149089242
-1
-1
888520060
-1
-1
-1
-1
-1
-1
-1
-1
-1
-1
-1
-1
-1
380872158
-1
-1
172480303
-1
-1
240710145
-1
-1
-1
-1
74113266
103622270
-1
-1
-1
-1
-1
265828700
-1
-1
-1
-1
-1
449716044
-1
-1
-1
166525605
241820960
-1
340413441
-1
-1
61680574
-1
-1
-1
-1
189821894
-1
-1
83926971
-1
-1
-1
300224474
63301400
830096362
-1
-1
-1
-1
-1
152977656
-1
32858654
-1
900849125
-1
339693499
-1
-1
-1
-1
-1
-1
-1
-1
-1
-1
-1
-1
-1
-1
-1
-1
-1
-1
-1
-1
652351140
-1
-1
986347472
-1
-1
-1
917726674
-1
250855720
-1
523212434
-1
-1
-1
287936916
-1
-1
948526171
-1
-1
-1
-1
-1
-1
634370209
-1
-1
-1
-1
-1
-1
-1
-1
-1
510508494
-1
-1
-1
-1
-1
-1
-1
-1
-1
-1
-1
-1
-1
-1
-1
-1
-1
-1
-1
-1
-1
547608906
883128711
-1
655505275
-1
472441433
-1
-1
596605539
-1
-1
-1
-1
-1
-1
7335431
-1
-1
802515049
-1
9959050
-1
-1
-1
338032312
-1
-1
-1
-1
-1
-1
-1
-1
626135381
278092109
-1
-1
295810572
853951313
69808201
-1
703849695
-1
-1
-1
69541260
-1
-1
104804773
-1
-1
-1
-1
56504571
-1
-1
-1
-1
-1
231174517
-1
534961044
-1
182190461
726165305
807472473
-1
-1
-1
556370119
-1
157088692
-1
-1
-1
-1
-1
851927610
-1
-1
137915504
-1
-1
956955817
389853437
-1
301608109
-1
-1
-1
-1
-1
-1
156390683
414155892
-1
153951087
-1
-1
230966712
-1
-1
-1
456100341
-1
-1
-1
-1
-1
912959293
-1
-1
-1
-1
-1
594905254
-1
-1
-1
-1
-1
-1
-1
-1
329893465
-1
982676366
-1
-1
-1
73038527
931788041
-1
-1
-1
-1
624840428
-1
-1
-1
-1
-1
-1
-1
-1
-1
-1
-1
-1
827762451
378513630
-1
-1
-1
-1
-1
-1
-1
-1
-1
592327034
-1
904900588
854024810
-1
-1
205749844
-1
-1
-1
417736788
434670343
-1
146727591
-1
-1
-1
964721151
-1
-1
-1
-1
-1
-1
-1
212127251
76257205
-1
-1
553105193
-1
662190665
220365836
-1
-1
286897026
-1
-1
-1
-1
-1
-1
-1
-1
-1
689866077
-1
496419402
-1
-1
-1
-1
271873932
-1
182011932
-1
-1
-1
-1
865440873
-1
162723155
-1
145055298
357278100
-1
-1
-1
-1
-1
-1
-1
482120591
-1
-1
-1
844472675
-1
-1
-1
-1
-1
-1
-1
-1
-1
134552834
-1
638242463
-1
-1
77727053
285270158
929829744
392019064
-1
-1
985172440
-1
-1
-1
-1
-1
970532962
159236051
-1
729862405
-1
420214065
484057185
-1
-1
-1
-1
-1
-1
-1
-1
-1
-1
-1
-1
-1
-1
-1
382132329
-1
-1
-1
604420819
-1
-1
-1
751757041
254499242
-1
755979788
-1
271863241
-1
-1
233524419
-1
49781647
-1
-1
-1
837113443
-1
688716046
-1
-1
-1
-1
-1
-1
-1
39908298
-1
148768845
-1
-1
512408298
-1
194101309
-1
333644661
-1
-1
545323782
-1
-1
-1
-1
525140720
-1
-1
-1
-1
-1
-1
70062468
-1
-1
-1
-1
-1
-1
-1
-1
-1
88048215
-1
1343073
5533887
-1
-1
-1
-1
-1
-1
-1
-1
-1
-1
-1
-1
-1
-1
68341942
-1
-1
-1
-1
-1
-1
-1
-1
-1
-1
-1
183535579
-1
-1
-1
-1
453139709
630226371
-1
-1
68404413
-1
-1
-1
-1
-1
-1
-1
22533534
-1
-1
-1
448535521
-1
-1
-1
201320921
353479692
-1
978174945
-1
-1
188486267
-1
-1
-1
-1
-1
-1
-1
-1
-1
-1
-1
-1
-1
-1
119910708
32123007
-1
207614530
-1
-1
-1
-1
-1
-1
-1
-1
-1
669218359
-1
494731217
-1
-1
921252893
-1
21316858
-1
539622594
-1
-1
-1
-1
116411442
-1
-1
-1
-1
-1
-1
454528018
-1
314790320
-1
-1
-1
-1
915157272
-1
-1
-1
175354351
-1
-1
-1
-1
-1
674280686
-1
-1
-1
637110110
330900524
-1
-1
-1
-1
192560262
-1
-1
-1
-1
656301107
-1
-1
-1
-1
-1
-1
-1
-1
271695833
-1
-1
243881601
-1
203104350
-1
-1
552234678
845105772
900748369
-1
-1
98726808
-1
-1
-1
-1
-1
286299500
37401894
-1
-1
-1
-1
-1
57326458
-1
-1
-1
-1
-1
-1
-1
-1
384268015
-1
-1
-1
154735148
-1
-1
-1
-1
49056487
-1
178993730
-1
-1
81561108
-1
-1
963951123
-1
-1
223280616
788744626
-1
-1
-1
-1
-1
-1
-1
-1
-1
-1
-1
-1
-1
-1
-1
-1
-1
-1
-1
-1
616278084
-1
79320572
-1
30275113
-1
-1
-1
-1
-1
-1
705060654
-1
-1
-1
664510972
-1
-1
383646714
-1
-1
785416822
482381219
-1
-1
-1
-1
-1
-1
-1
680835137
-1
-1
-1
-1
-1
210289082
263215590
-1
-1
-1
-1
49172960
-1
-1
982691071
-1
-1
-1
-1
-1
-1
-1
-1
-1
-1
-1
-1
-1
-1
-1
231273246
-1
-1
-1
-1
537508885
183319045
492846827
-1
850478515
429863173
-1
-1
-1
-1
-1
827283720
-1
-1
-1
-1
-1
-1
-1
-1
-1
472594106
-1
-1
-1
-1
-1
-1
515718677
-1
-1
-1
-1
-1
781014583
199770082
-1
-1
430981584
-1
-1
-1
371446363
-1
-1
-1
-1
-1
-1
-1
-1
-1
-1
-1
-1
651238156
-1
-1
-1
168948040
-1
-1
-1
465173442
-1
-1
-1
721432709
-1
-1
508972787
-1
-1
93565460
-1
-1
-1
791296413
131414237
-1
-1
-1
385512782
-1
-1
828108971
-1
-1
-1
-1
-1
-1
-1
671966062
577675276
-1
36770996
601718905
-1
-1
-1
-1
-1
-1
-1
-1
-1
351542851
-1
-1
960711460
-1
-1
-1
-1
-1
-1
203533728
459122381
-1
477913806
312265402
-1
-1
473116106
831380474
-1
538317636
-1
497104750
945106248
-1
-1
-1
-1
-1
314894317
243956806
-1
-1
-1
-1
-1
-1
588018382
-1
-1
45416443
-1
175227715
-1
-1
-1
-1
-1
-1
305428374
884874430
-1
-1
930944633
-1
656870897
-1
-1
-1
-1
371503839
-1
-1
-1
-1
-1
-1
-1
-1
-1
-1
-1
-1
-1
-1
797721827
-1
-1
-1
-1
761464427
-1
-1
658682443
-1
26676113
-1
906840122
-1
-1
-1
-1
-1
-1
-1
-1
-1
-1
-1
857488013
-1
-1
-1
-1
-1
-1
-1
-1
-1
86021776
106766
-1
-1
583801532
-1
-1
-1
99209021
702390072
-1
-1
-1
-1
-1
253889003
-1
-1
-1
198783820
-1
-1
347066981
-1
969346673
-1
-1
-1
-1
-1
982827819
845971194
-1
-1
-1
-1
-1
-1
-1
942379043
-1
-1
-1
-1
-1
45632759
-1
-1
-1
-1
-1
-1
-1
-1
-1
-1
982646987
-1
-1
494125425
-1
960692925
-1
865830022
219388039
-1
-1
840856565
-1
-1
-1
-1
-1
-1
-1
269467977
-1
-1
-1
-1
-1
-1
50547783
-1
756385263
-1
-1
-1
-1
255872556
-1
-1
-1
-1
-1
-1
-1
-1
-1
-1
-1
698293123
-1
591605015
-1
-1
-1
-1
-1
64833114
-1
-1
-1
-1
-1
-1
-1
-1
210190272
42407471
505085055
-1
780340885
-1
-1
-1
-1
-1
-1
576048212
-1
-1
-1
-1
-1
-1
799552923
-1
120528676
-1
-1
-1
-1
-1
-1
-1
521691304
-1
587158230
600719006
137848779
-1
-1
-1
-1
-1
-1
5785757
-1
-1
-1
550479534
-1
-1
933215241
-1
9972054
-1
-1
-1
-1
175877579
727556619
-1
-1
58087497
-1
-1
541119936
-1
-1
-1
-1
-1
-1
-1
-1
768910108
19519736
-1
971745147
-1
-1
-1
-1
588303328
313342272
488451129
-1
-1
-1
443491400
-1
-1
-1
-1
364314418
-1
-1
116695120
-1
-1
-1
-1
-1
-1
-1
-1
-1
-1
-1
563437923
-1
-1
-1
45820836
-1
-1
-1
826893692
-1
14490695
-1
-1
109271674
-1
-1
-1
-1
862865216
-1
-1
-1
-1
673786089
-1
-1
-1
-1
-1
-1
-1
672540786
-1
-1
-1
683205100
38613368
-1
-1
-1
-1
-1
-1
-1
-1
-1
-1
7429017
-1
-1
-1
345899912
-1
-1
-1
682958941
-1
-1
-1
-1
-1
-1
-1
-1
188779332
-1
-1
-1
-1
-1
373289994
-1
-1
195060906
-1
-1
579757557
-1
-1
-1
87068895
-1
-1
-1
-1
-1
694026661
-1
-1
-1
-1
-1
446939698
-1
99551282
-1
-1
-1
595958597
-1
-1
-1
-1
-1
-1
-1
-1
-1
442690750
-1
-1
-1
220189206
713220175
-1
-1
-1
502036482
-1
538578947
-1
-1
-1
-1
-1
-1
-1
268663273
-1
75747685
-1
624218958
-1
-1
-1
863327637
-1
-1
-1
799932515
-1
-1
-1
-1
964547534
-1
-1
683534568
-1
641854282
-1
300820897
-1
-1
-1
-1
-1
274696665
-1
-1
-1
-1
-1
-1
-1
-1
190803009
-1
-1
-1
-1
-1
-1
-1
-1
-1
-1
-1
-1
-1
309782079
-1
-1
-1
-1
-1
-1
482992622
-1
-1
76747661
-1
523013721
310756928
-1
-1
-1
-1
177081405
-1
-1
-1
-1
259188152
-1
-1
-1
-1
-1
-1
-1
-1
-1
-1
-1
762357807
-1
987484978
146489694
-1
725645136
-1
-1
-1
-1
-1
-1
-1
-1
-1
-1
-1
-1
-1
-1
-1
-1
-1
-1
-1
-1
-1
628592365
-1
-1
-1
-1
-1
-1
876486886
-1
-1
-1
-1
-1
-1
-1
-1
-1
-1
-1
-1
-1
980881742
-1
-1
-1
-1
-1
403645574
251651625
396003900
-1
-1
-1
929939805
-1
-1
-1
-1
19491827
-1
-1
669135673
-1
-1
-1
-1
742995755
-1
-1
-1
-1
187419113
-1
225156326
-1
-1
-1
-1
-1
-1
-1
-1
-1
141280727
-1
-1
95575315
253003250
-1
-1
199367540
-1
-1
-1
-1
-1
-1
-1
258006218
-1
-1
-1
-1
-1
-1
-1
-1
194422336
-1
218345309
-1
-1
-1
-1
-1
-1
-1
-1
-1
223794499
-1
-1
180083651
104059880
-1
-1
-1
-1
161704990
-1
-1
-1
-1
-1
-1
-1
-1
-1
747035512
26287806
-1
-1
-1
-1
-1
-1
831494275
-1
-1
-1
-1
-1
106005543
-1
-1
-1
-1
-1
-1
-1
-1
-1
-1
-1
-1
-1
-1
-1
-1
-1
-1
-1
-1
-1
539233777
-1
-1
30403597
-1
-1
-1
312992901
-1
-1
-1
-1
-1
-1
-1
32112835
-1
-1
-1
-1
-1
-1
-1
-1
-1
-1
-1
-1
-1
-1
-1
57553621
839893754
-1
-1
-1
804158396
-1
-1
-1
246616094
-1
-1
-1
-1
-1
-1
-1
186713837
-1
-1
387403531
-1
-1
-1
-1
-1
-1
378439366
725270491
-1
295542884
424251566
-1
-1
-1
-1
-1
506312717
-1
-1
513767820
-1
-1
-1
-1
477371848
-1
-1
224668103
586198576
2864155
-1
-1
395104419
-1
-1
-1
-1
-1
-1
684468951
-1
-1
-1
-1
-1
-1
-1
-1
-1
-1
-1
-1
479590436
307998733
-1
-1
-1
781828839
-1
536997556
-1
-1
2432162
-1
-1
-1
-1
-1
-1
-1
-1
-1
-1
-1
726410279
-1
-1
-1
922807149
-1
-1
303731507
25041823
-1
-1
-1
-1
-1
-1
-1
-1
-1
-1
-1
-1
-1
-1
-1
-1
613436024
381313848
438628101
-1
-1
683376867
-1
-1
-1
271430715
-1
659611336
22938403
-1
-1
-1
-1
-1
-1
-1
-1
-1
-1
-1
-1
-1
61882945
-1
-1
-1
-1
315232895
100997273
-1
-1
-1
-1
-1
103740653
-1
692635531
-1
-1
-1
-1
-1
-1
-1
-1
-1
271707781
-1
-1
-1
-1
-1
81179352
-1
-1
752897678
-1
-1
624976877
-1
-1
-1
-1
-1
459103212
267745648
-1
-1
-1
315111053
-1
329448536
585556266
691382539
-1
-1
-1
-1
514889646
827983255
-1
336261250
-1
-1
-1
-1
740772236
-1
-1
-1
-1
-1
-1
-1
-1
-1
-1
-1
717380004
-1
-1
-1
671402062
435862737
-1
-1
74552668
-1
-1
-1
-1
253585548
-1
-1
463694610
-1
-1
153437537
-1
875011574
-1
-1
-1
-1
-1
936824664
-1
-1
-1
137427696
-1
-1
-1
-1
-1
-1
-1
17804687
-1
-1
-1
-1
-1
34912199
-1
-1
-1
-1
-1
-1
-1
-1
398525237
-1
-1
88562461
-1
-1
454086429
47822337
508570690
-1
-1
427444984
-1
-1
-1
-1
-1
-1
-1
-1
-1
358818222
870124625
-1
-1
-1
853998002
830766958
-1
635716384
360761694
-1
-1
-1
-1
285939473
-1
-1
-1
-1
-1
-1
-1
-1
-1
-1
-1
-1
-1
-1
-1
-1
-1
-1
-1
-1
-1
-1
-1
-1
-1
565278538
-1
-1
-1
12317864
-1
-1
-1
-1
-1
-1
-1
-1
-1
-1
-1
-1
924712198
325177794
-1
-1
-1
-1
-1
433772009
-1
-1
-1
-1
-1
-1
157752669
745833881
-1
-1
-1
129609154
280619333
-1
-1
-1
116881982
-1
-1
-1
-1
162073722
847633405
-1
151552912
-1
80462353
-1
-1
-1
-1
-1
-1
833079982
-1
396015232
-1
-1
705980498
-1
52634760
-1
190527764
-1
403482328
-1
-1
-1
-1
-1
-1
-1
-1
24406458
-1
-1
-1
-1
378119981
-1
-1
171036006
-1
-1
-1
-1
-1
482827268
818768791
-1
-1
341597903
702739937
166591989
-1
556600345
242071766
-1
-1
-1
-1
250508245
-1
-1
-1
-1
-1
-1
-1
-1
-1
-1
-1
504261608
-1
-1
-1
279349317
-1
-1
458881515
-1
-1
-1
-1
765468253
342771277
-1
-1
-1
-1
996398020
-1
603336393
945327831
-1
-1
-1
961103151
-1
-1
-1
-1
-1
18820293
742412492
260921812
-1
-1
-1
-1
-1
-1
-1
-1
-1
-1
167779613
-1
-1
-1
195005139
-1
471186957
-1
-1
-1
167795148
-1
-1
-1
-1
-1
-1
-1
-1
776488261
-1
774281744
-1
-1
-1
102945629
-1
-1
617432503
-1
-1
843912422
-1
-1
-1
-1
417668720
-1
-1
-1
-1
-1
216305220
-1
627650817
6731257
899220574
-1
-1
495144520
19331726
-1
-1
957101776
-1
-1
-1
387091323
-1
-1
-1
-1
-1
-1
-1
-1
151530590
-1
145726410
-1
-1
-1
230036262
672917095
9557877
175184904
-1
-1
-1
-1
-1
-1
308137473
-1
859317842
-1
-1
711959626
-1
-1
-1
-1
-1
-1
-1
-1
796310398
403761997
-1
-1
-1
-1
-1
451106438
-1
130109213
-1
313009107
-1
36256459
-1
-1
-1
-1
-1
-1
301532976
-1
-1
-1
-1
-1
-1
-1
-1
113339154
-1
-1
-1
-1
-1
-1
-1
-1
-1
-1
-1
-1
-1
490265851
-1
-1
-1
-1
-1
-1
947323448
-1
-1
-1
-1
-1
470314099
-1
652611734
-1
-1
-1
-1
-1
341324548
-1
-1
55096036
-1
454987080
-1
-1
-1
904965276
-1
-1
-1
-1
-1
-1
-1
-1
-1
-1
-1
-1
-1
-1
-1
899377335
172623535
437293498
-1
-1
-1
-1
-1
-1
-1
-1
586373635
-1
-1
-1
-1
377158503
-1
-1
-1
606985654
-1
-1
-1
-1
-1
-1
-1
-1
848817143
-1
-1
308514680
-1
-1
227914354
-1
-1
-1
-1
-1
-1
324663158
705023667
-1
-1
-1
58803930
-1
-1
-1
-1
-1
-1
361855591
-1
-1
-1
-1
-1
-1
-1
462019861
-1
-1
895652148
-1
-1
-1
-1
566479761
169148692
-1
-1
-1
-1
259936418
397334278
22440369
-1
-1
-1
-1
330611999
-1
-1
183946289
-1
-1
-1
-1
-1
-1
-1
-1
-1
956897082
-1
-1
-1
-1
-1
-1
-1
-1
-1
20251641
-1
-1
-1
-1
88707587
-1
-1
-1
-1
-1
-1
-1
-1
594781679
-1
-1
129076677
-1
-1
-1
-1
-1
-1
-1
978464514
-1
-1
406654082
-1
759058569
-1
-1
-1
899682679
37781825
931776130
-1
-1
-1
-1
-1
-1
-1
-1
-1
-1
-1
-1
-1
-1
-1
-1
866217317
-1
-1
-1
-1
-1
-1
-1
-1
-1
45278067
-1
-1
79146669
340988026
-1
-1
-1
-1
469620858
-1
156697806
-1
-1
-1
-1
-1
-1
-1
-1
21311473
241728447
-1
-1
-1
-1
-1
-1
-1
-1
-1
-1
767112619
987746252
564176930
-1
487535127
10460368
515558518
-1
-1
-1
-1
22449172
667219491
-1
-1
866157206
-1
-1
-1
-1
-1
-1
-1
-1
-1
-1
-1
-1
44466968
-1
-1
513044773
647905520
-1
-1
-1
-1
-1
637736356
-1
-1
-1
615550775
-1
536244434
510181159
-1
-1
-1
-1
-1
81380154
-1
-1
-1
347540189
-1
-1
238937057
465031771
-1
-1
769167429
-1
-1
-1
-1
-1
-1
231566290
-1
721731613
792018836
749077169
353215564
907336805
-1
-1
-1
-1
-1
-1
-1
168141103
-1
638462320
-1
-1
-1
-1
-1
-1
-1
-1
-1
-1
-1
-1
-1
143915255
-1
-1
-1
851024137
-1
-1
-1
-1
884631691
-1
-1
-1
177072693
-1
-1
-1
-1
-1
-1
-1
-1
-1
-1
-1
-1
-1
680318260
-1
-1
-1
-1
-1
-1
-1
174944025
331817170
-1
-1
-1
-1
-1
-1
-1
387505414
-1
-1
-1
-1
-1
571395847
-1
-1
915737410
-1
909303483
-1
-1
832948194
-1
745146012
-1
-1
-1
511296750
-1
-1
-1
-1
858369732
447518638
944923667
878737563
-1
664527365
543230157
-1
-1
-1
-1
-1
-1
-1
43941679
-1
-1
177586273
-1
-1
-1
-1
-1
-1
-1
530068725
-1
208732662
-1
-1
-1
278334756
-1
-1
-1
36543089
45842765
-1
516410044
-1
-1
207276754
-1
-1
-1
-1
245239098
-1
-1
-1
-1
-1
-1
-1
-1
-1
-1
-1
-1
-1
-1
-1
-1
-1
-1
-1
-1
-1
-1
237520081
147472357
-1
-1
-1
-1
796898594
-1
930891095
-1
-1
592070110
-1
504034233
840146859
-1
-1
-1
-1
588530624
-1
-1
-1
-1
-1
339022868
-1
-1
541867458
38912762
-1
-1
26231097
-1
21207081
-1
-1
-1
-1
57518174
-1
198571841
-1
-1
-1
866090082
-1
-1
-1
-1
-1
-1
862732338
-1
-1
-1
-1
340381015
-1
-1
-1
-1
-1
202666067
339173752
-1
-1
-1
611047818
-1
-1
-1
955309205
-1
-1
-1
-1
-1
-1
-1
-1
-1
-1
36118980
-1
190050893
23047866
-1
-1
297071932
-1
-1
-1
-1
-1
17563204
226535474
516935042
-1
-1
-1
-1
-1
118639899
967063409
-1
-1
-1
868076224
-1
-1
-1
-1
-1
-1
675123050
-1
-1
-1
-1
791564666
-1
-1
-1
-1
308808546
-1
-1
-1
696515826
-1
390789048
929646239
-1
-1
-1
-1
-1
-1
-1
56218071
673945143
-1
-1
-1
-1
48362738
3980847
150387486
-1
-1
-1
-1
-1
-1
-1
-1
-1
-1
-1
-1
-1
-1
-1
888983025
-1
-1
33487109
-1
862883960
-1
-1
-1
644854861
673185628
433679008
-1
-1
-1
-1
-1
-1
83122905
-1
-1
-1
135470335
-1
-1
195888543
-1
578637877
-1
-1
164935047
-1
-1
881478169
-1
538514895
-1
-1
-1
-1
-1
458742733
-1
-1
660339644
52423937
-1
-1
-1
-1
-1
-1
-1
-1
175407774
-1
411209841
321524603
-1
-1
276037485
-1
601602883
-1
-1
56630975
-1
499573630
-1
-1
858282164
-1
732002362
-1
-1
76795243
-1
-1
68013518
914492235
-1
-1
-1
-1
-1
-1
-1
-1
-1
-1
-1
-1
-1
646187259
123666277
-1
334023901
12587948
-1
-1
-1
-1
-1
-1
-1
-1
897241219
-1
80249237
111717273
101067407
265677897
-1
-1
-1
-1
354754147
-1
-1
-1
-1
-1
-1
-1
-1
2416608
64883779
996041990
337871718
-1
-1
-1
-1
-1
-1
-1
-1
281969603
-1
-1
-1
-1
-1
-1
-1
-1
-1
-1
-1
-1
-1
-1
176174553
-1
786583933
-1
-1
-1
-1
-1
-1
-1
-1
187452726
377816479
-1
582738090
795176545
454941095
-1
-1
-1
554837148
-1
667263096
828965276
83895837
103627327
-1
908894664
-1
24738557
-1
-1
-1
-1
-1
-1
-1
-1
-1
-1
-1
-1
-1
-1
643103684
-1
-1
-1
-1
-1
-1
-1
-1
-1
-1
-1
-1
953169374
-1
982905703
850574172
-1
-1
-1
-1
-1
12295001
122146548
-1
-1
408710880
-1
707951313
272630787
-1
670299049
-1
-1
685634957
-1
818584186
410241040
273890417
126560163
-1
-1
-1
801987673
-1
221843288
-1
-1
-1
-1
-1
-1
-1
-1
-1
-1
131277066
-1
292424182
-1
-1
-1
-1
-1
-1
-1
-1
-1
-1
-1
-1
-1
-1
215318616
-1
-1
-1
-1
-1
-1
420835830
516384602
-1
-1
-1
-1
-1
-1
-1
-1
-1
-1
-1
-1
-1
-1
-1
-1
-1
-1
-1
-1
-1
-1
-1
-1
-1
-1
-1
-1
-1
-1
-1
372968200
-1
-1
-1
-1
8413724
-1
-1
-1
-1
-1
941035639
-1
-1
-1
172238030
-1
-1
-1
-1
195374060
-1
-1
-1
-1
632575814
-1
-1
-1
-1
-1
-1
-1
-1
-1
-1
-1
573733384
-1
-1
-1
-1
-1
770545564
-1
262933441
-1
-1
-1
-1
-1
-1
-1
-1
288072848
-1
-1
-1
-1
-1
-1
638179895
-1
-1
-1
-1
-1
58190049
-1
-1
-1
-1
-1
-1
-1
-1
-1
-1
-1
-1
873046391
-1
-1
-1
270999792
-1
759888752
-1
128064595
73245854
-1
-1
-1
-1
-1
-1
-1
-1
-1
-1
-1
-1
726362764
-1
166650319
805289868
-1
536803397
-1
-1
-1
552433714
-1
906278295
987355068
-1
-1
199367962
-1
476323915
-1
-1
577706295
595595068
-1
239831578
-1
865061589
-1
259688168
857640440
439820584
539878663
-1
-1
-1
-1
-1
693298957
-1
-1
762526657
-1
-1
-1
-1
-1
-1
-1
-1
-1
-1
-1
-1
121725517
-1
722358826
178814798
18892938
405916420
-1
-1
-1
-1
-1
-1
-1
-1
-1
-1
-1
-1
-1
202850755
754826817
-1
-1
-1
-1
-1
-1
-1
-1
-1
-1
-1
-1
-1
197547354
-1
-1
-1
784775754
-1
-1
352268978
-1
-1
752260496
-1
-1
681008358
-1
-1
-1
-1
-1
185802919
-1
-1
-1
195828501
-1
-1
-1
-1
-1
750571551
350215036
-1
-1
-1
-1
-1
468667723
-1
-1
-1
-1
653897271
-1
415814646
-1
-1
-1
426711238
-1
-1
-1
-1
-1
-1
-1
676870509
978199659
-1
-1
-1
-1
-1
-1
-1
-1
-1
-1
-1
-1
-1
-1
-1
-1
-1
-1
-1
-1
-1
211913658
-1
-1
331912664
706258929
606516962
-1
-1
-1
-1
-1
107969413
-1
-1
-1
349929975
915759236
642683076
565145753
-1
-1
-1
63516117
-1
425294955
-1
-1
-1
-1
-1
-1
-1
-1
-1
-1
342285780
665593140
-1
-1
-1
825174944
-1
567232666
-1
496849913
66841225
-1
-1
-1
-1
-1
166417925
99278373
-1
494947822
840759285
-1
-1
-1
494276476
-1
-1
998247993
-1
131546769
918021199
-1
-1
-1
-1
-1
-1
-1
-1
-1
977084403
673589494
-1
-1
-1
269981607
-1
-1
-1
9069766
-1
-1
-1
-1
304235944
-1
-1
176394982
-1
-1
-1
415883101
25323420
380572868
-1
430075142
-1
-1
-1
470179072
372068505
25514910
818695331
-1
-1
926389781
-1
-1
-1
317080838
-1
-1
69499112
-1
-1
-1
-1
-1
93952434
535390993
351874857
-1
-1
-1
-1
-1
-1
-1
-1
-1
-1
-1
-1
-1
-1
-1
-1
-1
-1
886884724
301690991
57053694
-1
-1
-1
-1
779288115
-1
-1
427949408
-1
-1
-1
-1
-1
-1
934875200
-1
-1
-1
-1
-1
-1
-1
952758890
-1
-1
-1
154873181
-1
676639046
528746301
-1
300135063
593671592
-1
-1
-1
-1
-1
-1
-1
337170606
-1
-1
-1
650816433
909047622
-1
818926392
772483268
-1
-1
-1
-1
-1
116235566
-1
-1
-1
441991363
-1
219142303
-1
-1
-1
-1
7729296
-1
-1
-1
-1
-1
468379688
-1
119448537
-1
-1
522430735
481366663
-1
366159978
-1
-1
-1
-1
-1
-1
923602198
791309145
256252256
546745933
-1
-1
-1
-1
186584096
-1
-1
-1
-1
-1
-1
979110855
-1
-1
-1
377928462
-1
-1
-1
249855303
-1
-1
-1
-1
790480066
-1
-1
-1
927767595
-1
834680318
-1
-1
-1
-1
-1
-1
-1
-1
-1
-1
-1
30139876
520226031
-1
-1
-1
-1
742559466
-1
-1
-1
-1
-1
-1
-1
-1
305948643
-1
-1
-1
126327084
217380986
-1
-1
-1
-1
339057437
-1
131415956
-1
-1
-1
175418421
-1
-1
-1
-1
-1
-1
-1
888927448
210453168
71607801
-1
-1
312593389
240581888
-1
-1
671834553
183230189
-1
-1
-1
-1
-1
-1
-1
-1
140524727
-1
-1
-1
-1
-1
820054943
-1
540012068
-1
-1
-1
-1
-1
-1
-1
-1
-1
-1
-1
-1
-1
-1
58405419
-1
-1
89424449
-1
-1
-1
-1
-1
-1
-1
523921765
-1
-1
-1
-1
831420997
-1
-1
-1
-1
-1
-1
-1
206580384
-1
-1
-1
-1
-1
-1
-1
-1
-1
-1
597956478
-1
-1
-1
-1
-1
-1
-1
-1
-1
-1
-1
-1
-1
-1
-1
-1
690906220
-1
-1
-1
-1
-1
-1
-1
-1
445528485
-1
-1
-1
-1
-1
-1
-1
-1
548054115
492315871
259044149
-1
-1
441239595
-1
-1
-1
-1
-1
-1
679032422
-1
151619031
-1
-1
563317622
-1
232262522
-1
-1
-1
459178931
-1
-1
-1
-1
-1
-1
-1
875549728
205298010
40325903
-1
-1
-1
-1
-1
-1
-1
933509616
277053597
-1
-1
-1
-1
386857505
-1
281393984
-1
-1
94289631
-1
359216906
-1
-1
-1
-1
107444868
-1
934667282
547400453
-1
768715805
-1
-1
613032387
-1
-1
847288183
792835365
134122522
-1
703588383
-1
704084193
-1
-1
76989257
-1
-1
-1
-1
-1
628870017
-1
-1
-1
-1
-1
-1
-1
-1
-1
-1
-1
72717197
514807525
484600655
210550876
-1
-1
-1
90361689
-1
175616211
-1
-1
-1
-1
-1
-1
-1
-1
-1
-1
96694900
-1
-1
-1
931441125
-1
-1
-1
-1
788155246
121427081
-1
474582964
-1
490046770
340281215
46358623
-1
-1
-1
-1
-1
231205107
-1
531384735
-1
-1
-1
897508993
-1
163115748
-1
-1
-1
104326564
-1
-1
-1
26664068
-1
-1
-1
-1
170502600
770589894
-1
-1
-1
-1
-1
-1
-1
-1
-1
-1
-1
667113696
-1
-1
-1
-1
13545145
-1
-1
-1
-1
-1
-1
-1
-1
151595408
-1
-1
-1
-1
782521231
-1
-1
-1
-1
-1
997880139
-1
967517405
-1
-1
-1
-1
-1
11618671
-1
-1
-1
375436749
-1
722610717
-1
88132932
-1
-1
-1
-1
563241138
-1
-1
-1
-1
-1
-1
-1
-1
-1
-1
174012749
-1
-1
710050589
-1
-1
-1
816220746
-1
-1
-1
-1
-1
-1
-1
-1
-1
-1
-1
-1
955714162
-1
948385481
-1
-1
539521685
33271852
-1
-1
896905673
494695027
-1
-1
-1
-1
-1
-1
-1
-1
-1
814650615
-1
670585945
-1
-1
-1
-1
-1
-1
-1
97754304
511277182
-1
455724109
-1
-1
211356239
-1
-1
727887886
421188131
-1
-1
162867588
-1
-1
-1
20955646
-1
-1
-1
12044257
-1
-1
-1
-1
-1
-1
378106175
970631404
-1
-1
-1
401335341
126333864
-1
-1
-1
853550006
-1
-1
-1
128610614
-1
-1
-1
-1
-1
-1
-1
-1
-1
-1
-1
-1
-1
-1
-1
330755390
-1
-1
-1
-1
867248079
-1
-1
641642133
-1
-1
390922760
-1
-1
-1
111581355
-1
-1
-1
-1
-1
901085737
-1
-1
125197381
-1
-1
-1
-1
176705412
-1
-1
-1
-1
967315667
-1
-1
-1
-1
-1
-1
-1
-1
-1
-1
-1
-1
579006014
-1
43781872
-1
-1
-1
-1
-1
952905449
-1
-1
-1
-1
-1
-1
-1
152301243
-1
-1
19812325
-1
490032991
-1
-1
-1
-1
-1
-1
-1
-1
-1
-1
-1
-1
-1
-1
-1
-1
-1
648486003
522206332
-1
-1
-1
-1
-1
-1
40141217
96367333
707952604
-1
-1
-1
-1
373904165
-1
216390054
781776865
-1
-1
-1
275799824
-1
-1
-1
-1
-1
320140749
-1
-1
-1
-1
544950720
-1
-1
-1
151690161
570660246
52051446
-1
-1
-1
36231654
774521910
107811016
235749154
-1
-1
-1
-1
-1
-1
270058736
-1
-1
-1
936444341
-1
-1
970919703
-1
-1
-1
740356900
-1
-1
-1
-1
-1
-1
-1
-1
-1
718140801
-1
-1
430714001
-1
57124782
-1
-1
-1
-1
-1
-1
566759312
-1
24416387
955920476
-1
539692177
916029270
-1
-1
-1
-1
-1
-1
-1
-1
-1
-1
76043729
-1
-1
-1
9838295
356094095
78950514
-1
-1
997956454
4701407
-1
557268000
-1
2446915
-1
-1
-1
-1
-1
512103734
-1
690081455
113428041
-1
895428944
572452471
