0
702557
11973
1129390
2894915
399269
470085
304424
97571
356409
256739
956704
976145
501551
1217886
1176194
2909264
26005
535125
280920
1423009
512788
1087726
901147
252994
622992
339677
544122
376159
209382
3091571
120220
1244189
1533663
509645
664975
969140
50412
960280
3958876
1085881
1758613
192810
434229
266901
526387
333901
1211642
392966
516065
253033
641546
648312
122436
1463433
180827
666525
2360232
1065512
1047
528771
135928
866238
849384
2480222
1331527
1873495
1409972
1128327
747807
1899049
1434573
63464
139809
1517013
1159546
114901
1460117
1327640
638147
94989
466288
2026552
27728
278249
1099526
395800
1835575
1751896
833238
3122687
945320
749257
494900
143329
14771
758117
637461
1728066
219771
429474
180854
239750
56269
538051
716981
1738606
1010963
224084
687659
523767
1812787
1829289
1902891
2231867
831359
178811
84890
348900
1441424
156460
3244520
1124776
105576
2501662
2416104
1160870
829694
261909
499176
2940863
51988
1182086
2102918
1127242
525313
881552
1675307
502355
526310
4540534
1015815
4619100
1104221
3292188
612511
5436
2277
844198
701670
4279945
777988
1674189
870936
1693525
164701
561278
677505
419969
1810117
909781
114386
702214
2202753
1069401
105649
609028
221840
90026
287369
771764
2025598
4940865
2045549
221794
158739
423861
1792778
741678
804582
766739
725639
2709981
413771
93691
3019779
149422
108074
3605870
260464
666689
883534
1364511
1082958
2964580
1340411
3431844
1690382
986663
895327
1583719
589567
976950
28438
155449
1220741
2004
513232
3183796
542582
670447
1209403
40042
2357
40086
408435
2579734
1415289
1031903
93512
1287878
207033
1779574
736874
1952751
1674325
315605
241513
2745203
1230191
1170886
118538
55334
1002778
921916
2301793
86829
502082
672297
2295096
546399
1802246
1313823
966113
539940
522470
2864192
1327858
234407
63697
455518
1573397
775466
1461855
428707
1357013
705883
2232522
1549750
223631
493238
350633
491140
1037243
1950365
1386501
627197
282127
1231170
3557462
68315
1000617
444313
2813530
1936672
130021
14454
698263
1488308
169525
929411
53574
181659
969467
293347
1229308
2256235
514128
530943
416214
25101
831527
713177
1016784
893612
82151
602935
667416
473682
1963147
470817
4378292
126258
350645
142554
173984
1725906
572929
1871722
555176
1737974
1802479
897188
222758
52512
1953310
417537
2027962
74811
1045587
1915000
1050985
1239109
237847
1214076
1154307
2229675
2062419
1804507
219140
161187
1267107
252822
265378
144157
731590
466146
3280151
646371
3125819
693636
598506
348469
266567
340259
3494562
631653
1106850
3120314
167865
2556119
783742
1818342
396543
124545
876777
593617
495893
324182
1199699
306936
388382
164183
943067
3570943
886409
475233
768351
376172
105360
3677887
686318
3013741
1190909
306907
2891764
171961
131204
2954756
6986
368586
1398725
291339
1098990
5652511
1092505
3437627
517145
943443
342444
1022457
420128
43275
3760790
249048
1277647
835332
5207
1192073
2036892
317400
691729
327851
364267
19359
1093960
1550247
741985
1202197
646657
2067063
594821
501943
2644491
656760
5158218
14064
53205
2418307
877123
442161
703748
1108548
1723182
961341
570939
11071
3353610
784548
2836852
3903355
1978531
942647
196870
149319
600551
780511
2711967
120247
218563
-1
-1
-1
-1
-1
-1
-1
-1
-1
-1
-1
-1
-1
-1
-1
-1
-1
-1
-1
-1
-1
-1
-1
-1
-1
-1
-1
-1
-1
-1
-1
-1
-1
-1
-1
-1
-1
-1
-1
-1
-1
-1
-1
-1
-1
-1
-1
-1
-1
-1
-1
-1
-1
-1
-1
-1
-1
-1
-1
-1
-1
-1
-1
-1
-1
-1
-1
-1
-1
-1
-1
-1
-1
-1
-1
-1
-1
-1
-1
-1
-1
-1
-1
-1
-1
-1
-1
-1
-1
-1
-1
-1
-1
-1
-1
-1
-1
-1
-1
-1
