0
412154
1824186
333304
228412
343972
2636277
2179579
764221
678181
2555894
808218
174126
173223
4137837
365613
2078903
357097
1149667
3030589
983374
1535644
371834
229619
1852124
570736
1180128
5941068
387439
601930
1092934
2649110
609606
1175142
1569200
47902
1122474
481200
1911835
1398403
1036159
1478444
775001
1182949
965209
2622724
41761
1104089
118096
346991
1618881
92965
2964096
925067
406343
192626
102593
875971
120134
506537
195992
2517851
134868
1409050
1545916
1577113
1445906
355641
67362
447879
63724
578159
390569
393611
1771490
594015
839273
2403002
615434
2480504
156483
85114
2126768
358594
234053
260742
103667
1721236
34806
736820
2172333
1634608
584636
340995
1952361
1249159
3472448
921789
1776023
488288
240834
1148156
70328
1077178
747683
274101
77848
107782
385139
1255548
978965
2304275
1518459
36763
661519
2119471
1080480
104200
3316
69131
797544
703500
1017525
10866
624252
657570
2667873
846049
141990
129181
1061657
426867
1014136
3083177
811880
279612
1598713
782469
248986
1818814
5551260
2204032
117700
994488
3276374
189853
3257348
1752350
983548
466124
880171
601121
772089
456355
2553531
1324279
580138
380745
143870
515552
762186
288837
240367
1004982
1537885
519620
520350
3678968
2573367
998084
892468
2166799
1435609
1284164
412536
168024
1604509
734349
2191313
565320
1065593
2346225
389326
184774
1778616
124749
892078
275033
492493
91235
47374
2177778
1324100
333219
104178
1886229
1283570
31290
1292831
223047
1548616
244243
528912
662125
1279633
1283302
2623295
1939500
935353
70810
1715784
1813189
111226
1065469
693792
446420
908528
522172
141821
979089
234874
763289
1028865
389110
1236665
1053006
106158
1289315
94796
1023890
1025192
1811897
779666
642248
177521
2718361
640491
956102
2266398
1521574
776842
117232
145248
114447
134478
1473907
4161138
1289292
2914311
161546
1264401
1692563
945110
1194384
121256
1019116
1657930
170698
1300499
1594951
317832
12945
629781
193228
184339
1684890
579106
893656
63251
1385490
308818
796502
1261712
672569
2580796
1021443
1521335
928953
730399
3070937
1710614
411116
350700
451360
1160044
1529685
1060229
60355
42049
2455
519078
155860
491074
78995
795924
3128379
834884
637233
2529937
1228361
2408701
3275166
741817
1339491
344162
856918
163076
1299461
611555
2938921
449470
492683
9530
1879780
1822405
239841
16864
108534
3390584
207527
172778
213296
246024
562724
1070879
967882
1179680
1711092
2745003
59752
1588946
1474981
2901061
69898
3805457
208745
891002
1147311
74836
270133
522839
106204
1310005
233911
2383299
1469235
210034
611941
542927
985400
31397
490387
2516692
2844934
4305184
3053869
410077
301127
681658
134206
1813690
1075115
288039
710077
883134
127863
374299
556607
1570668
2328605
314265
1161220
1285157
43906
442807
1718292
39218
796748
2876304
299614
1066182
652871
2375158
1153206
217062
1728137
549246
1144825
509767
433759
244448
802023
183052
21882
643942
466817
1364891
67252
1801088
1159047
1325095
1268041
292746
430071
404817
677215
1661100
1901498
387162
555182
16215
526683
194851
114923
654513
173648
94284
4174032
1075324
1901262
471072
1410085
1682820
89148
627787
1491548
229979
1561914
1095681
1119106
1548631
1747468
1312246
385125
2128260
209039
1788008
642491
1035820
375071
-1
-1
-1
-1
-1
-1
-1
-1
-1
-1
-1
-1
-1
-1
-1
-1
-1
-1
-1
-1
-1
-1
-1
-1
-1
-1
-1
-1
-1
-1
-1
-1
-1
-1
-1
-1
-1
-1
-1
-1
-1
-1
-1
-1
-1
-1
-1
-1
-1
-1
-1
-1
-1
-1
-1
-1
-1
-1
-1
-1
-1
-1
-1
-1
-1
-1
-1
-1
-1
-1
-1
-1
-1
-1
-1
-1
-1
-1
-1
-1
-1
-1
-1
-1
-1
-1
-1
-1
-1
-1
-1
-1
-1
-1
-1
-1
-1
-1
-1
-1
