0
36495
454100
473381
692506
251358
588859
1695088
2923089
159916
976362
444515
266207
209658
151948
537504
344966
100352
1333221
2085669
68659
647666
1810948
559141
474332
507385
161979
849016
1289667
228764
311849
247116
78352
22906
2596882
97544
2468193
678655
444549
428562
848708
1410802
3191795
3854486
513617
64419
36973
653901
913118
647480
355594
587914
19767
852254
174301
526983
1028512
87444
95476
3143014
74382
110765
213228
2152830
1560488
1214650
162535
1069563
218584
119957
2003444
2383185
349098
1436788
1718674
5353186
1546884
125501
1210722
93344
457583
685168
678488
290598
2251432
461630
1907994
39135
344314
412134
248027
4687211
292213
605320
667860
1763936
851688
3211340
2234500
245061
88285
583873
739921
612720
349837
1038674
1131712
38690
1382870
1239704
368341
530131
1213222
1800431
1434332
1026456
629449
109750
441167
1691878
512504
976397
2006420
291972
848732
1896616
218052
329361
2235600
1561146
2355587
1238983
839306
52284
273529
1431437
374791
202058
710671
283518
858295
667735
475181
1323593
171734
676672
2738828
896451
1946670
339379
2186852
4143246
132419
1090171
3049271
76732
489156
592086
136965
1573442
588678
344148
2738921
1096818
1085347
2029610
329793
1183898
954767
268583
53606
1205536
278440
766202
2061968
304446
877854
1712746
298692
605476
1380250
5116944
300554
294231
807758
1005162
477979
372383
1900058
131810
1444324
920424
2037765
2109474
98581
87614
238585
2998377
1128437
5437570
3326497
252123
545601
1220670
1165140
2323495
179799
223618
992017
49607
493731
1604857
903024
1875152
253471
665741
2812157
712964
802665
560569
1277931
555025
1022975
10340
56159
977239
1948942
54331
770944
296925
498566
162976
937884
418748
3517617
1736369
1717192
1953438
335282
115798
890926
869413
2256874
2183847
424419
316882
724249
548580
162077
1236316
295391
1754054
192953
1129588
383330
599696
1239338
626498
126659
31131
1481333
1993122
573306
257624
1288311
511769
1335306
104106
571316
1475503
703084
71405
73619
351657
300073
759445
6076916
2087627
3242943
2799697
1298490
91839
3425801
477558
792679
2163280
715912
252399
88595
249295
24558
2016094
1496961
1832642
2050438
1898586
506698
578219
132076
446310
78924
7236
255886
781770
164610
1203939
1602653
1126722
750887
743272
3171444
52302
1118742
1458907
1046525
505519
235867
89034
3742194
179569
1040719
153791
147873
2283297
793074
889876
18545
1357850
3453671
79909
1117880
328986
911723
765283
762041
264756
265882
1745447
975516
635463
160653
738625
257304
252899
1874022
828327
1975238
3166998
1317101
867175
1035065
72839
2091509
227100
719409
2129431
111557
1386850
1969366
1672060
2379366
1467202
29803
167325
474567
281913
989272
390739
982050
144251
532620
2505420
234611
192532
2005146
361330
811485
717772
63806
594779
3491893
1899877
1866635
145944
853012
244149
2194555
927606
997426
540198
936672
2606020
872810
1939827
1089839
153056
1287079
476708
1523767
68517
939257
535859
525716
1051312
1292821
1451428
301144
97107
213385
3140563
136957
796515
980989
160514
3618273
196265
1197237
2756010
151637
1422448
2371063
1176345
232152
301086
891441
1278555
89076
700313
41745
210081
224659
747400
507574
118921
42725
868378
246819
457476
2303108
203197
-1
-1
88097546
-1
-1
-1
-1
-1
-1
-1
-1
-1
-1
-1
-1
-1
-1
-1
-1
-1
-1
-1
-1
-1
-1
-1
-1
-1
-1
-1
-1
-1
-1
-1
-1
-1
-1
-1
12130220
-1
-1
-1
-1
-1
-1
-1
-1
-1
-1
-1
-1
-1
-1
-1
-1
-1
-1
-1
-1
-1
-1
-1
-1
-1
-1
-1
-1
-1
-1
-1
-1
-1
-1
-1
-1
-1
-1
-1
-1
-1
-1
-1
-1
-1
-1
-1
-1
-1
-1
-1
-1
-1
-1
-1
-1
-1
-1
-1
-1
-1
