0
7514064
950466
85706301
2640186
8458586
6056642
47624922
16555317
28929079
7273441
16424700
49704683
51395544
23414465
18825519
8115850
1842633
677205
21036844
8789690
11104446
6363642
33973734
3882459
4341348
45540828
32294544
21578300
3949723
-1
-1
-1
-1
-1
-1
-1
-1
-1
-1
-1
784872924
-1
46451599
-1
-1
-1
-1
338210868
-1
-1
-1
-1
407521438
902048204
881065335
-1
-1
406355014
-1
-1
551913821
-1
-1
33373740
564584953
-1
-1
-1
-1
319304494
-1
-1
-1
-1
489372339
-1
-1
-1
-1
-1
-1
-1
-1
-1
-1
350222589
969608080
926082598
-1
-1
777494618
-1
190821174
-1
-1
-1
-1
502268872
-1
-1
-1
-1
-1
-1
-1
-1
-1
-1
207401396
-1
-1
-1
-1
-1
-1
-1
-1
-1
-1
-1
-1
-1
-1
-1
-1
-1
-1
-1
-1
-1
-1
-1
-1
-1
171219963
805502108
-1
583423457
-1
603957479
-1
-1
513532247
-1
-1
-1
-1
98565715
-1
-1
-1
-1
-1
-1
50297448
-1
-1
-1
-1
-1
16997962
487794603
-1
-1
-1
-1
275350931
-1
-1
-1
-1
-1
535181937
242456955
-1
-1
253710440
-1
546266561
-1
-1
-1
-1
-1
994710535
-1
-1
-1
-1
329366115
-1
-1
828392016
-1
879058180
-1
-1
569028442
-1
-1
-1
188722441
-1
-1
-1
-1
828227892
-1
-1
-1
-1
465982224
589958627
698626951
-1
692620253
-1
-1
-1
208719063
-1
-1
432892099
577843000
588881806
-1
-1
-1
2186737
502700485
-1
-1
-1
-1
-1
-1
405716580
793581558
-1
489085710
-1
27397095
-1
-1
-1
-1
-1
-1
-1
991561545
-1
23608061
33462525
-1
-1
26878291
-1
-1
-1
778888016
-1
-1
-1
3020624
653704493
-1
-1
-1
-1
-1
-1
-1
-1
-1
-1
-1
-1
579355511
-1
-1
-1
-1
-1
-1
-1
-1
309155459
-1
-1
7869275
-1
-1
-1
-1
-1
-1
-1
-1
-1
-1
510058871
-1
-1
65806355
-1
-1
-1
-1
257605195
313867293
381287671
-1
167174939
-1
-1
-1
-1
-1
837466656
155876436
-1
-1
-1
-1
-1
-1
100739804
-1
-1
-1
-1
-1
-1
-1
651537213
-1
294476656
-1
-1
-1
-1
-1
-1
-1
-1
133755298
911649099
71489296
95798733
-1
-1
648202184
-1
970185492
975962323
677463956
-1
-1
-1
-1
-1
-1
-1
-1
-1
-1
154029574
73161699
-1
-1
-1
-1
-1
-1
738494410
-1
-1
249023302
-1
-1
-1
-1
-1
-1
-1
-1
155547887
743817830
-1
233523828
-1
326604801
-1
-1
-1
-1
-1
-1
-1
122322026
-1
182237197
-1
-1
-1
-1
-1
809746955
-1
-1
-1
-1
849341893
963137167
-1
-1
-1
-1
-1
313213573
653597271
-1
-1
-1
-1
-1
-1
-1
-1
-1
-1
180067056
-1
100231883
79044111
-1
-1
-1
-1
-1
-1
129883865
-1
-1
-1
-1
-1
-1
-1
-1
-1
-1
-1
-1
-1
-1
-1
-1
-1
-1
454376956
-1
-1
-1
-1
-1
-1
-1
-1
138224256
98338241
-1
-1
-1
-1
606147421
857284534
182627729
-1
-1
-1
-1
-1
-1
171106642
-1
-1
-1
-1
426723602
-1
501192856
98691891
-1
-1
138940949
-1
-1
-1
-1
-1
-1
-1
-1
-1
-1
-1
-1
-1
-1
-1
-1
-1
327373897
-1
992637766
-1
-1
-1
-1
-1
-1
548537489
-1
775031178
-1
-1
-1
-1
-1
-1
-1
89264012
-1
-1
-1
561887054
-1
-1
459414022
-1
-1
-1
288253472
276657493
-1
-1
-1
-1
-1
-1
-1
-1
-1
-1
196428072
3006878
-1
-1
-1
-1
-1
-1
-1
-1
445100257
-1
-1
53437376
660351619
-1
-1
-1
898880729
-1
-1
372123316
-1
-1
-1
-1
-1
493558356
-1
-1
-1
350853884
-1
-1
-1
-1
-1
717080262
262551575
387930814
-1
-1
-1
-1
12951949
-1
-1
-1
-1
-1
-1
-1
-1
887050662
-1
830435312
-1
-1
-1
141370107
-1
-1
-1
84741955
-1
-1
-1
749927761
-1
-1
967530762
-1
-1
-1
-1
-1
592766423
-1
-1
-1
-1
-1
852599097
475549512
59334222
-1
223088669
-1
-1
-1
-1
-1
-1
-1
-1
-1
-1
-1
-1
-1
-1
275529567
-1
-1
-1
-1
637673082
-1
257560603
-1
-1
295581676
614551835
-1
-1
-1
-1
-1
-1
513387119
-1
-1
-1
-1
-1
-1
-1
-1
-1
971513896
-1
-1
-1
150788709
-1
-1
802396028
-1
-1
252584505
313199811
-1
-1
600054201
-1
-1
-1
-1
-1
-1
-1
-1
-1
361330559
-1
-1
-1
-1
-1
-1
-1
-1
237074376
-1
95871049
-1
-1
86874876
-1
-1
203269087
-1
-1
-1
-1
484712759
-1
-1
-1
-1
-1
-1
-1
-1
-1
-1
-1
-1
-1
-1
-1
-1
-1
179092788
-1
647616088
267899697
-1
-1
484324336
-1
369066617
339432486
-1
-1
530902575
-1
-1
266738639
-1
-1
-1
-1
-1
-1
-1
-1
-1
-1
-1
-1
-1
-1
82128274
-1
620489911
130901880
-1
-1
-1
-1
-1
325775416
-1
-1
-1
-1
152765979
-1
-1
-1
-1
-1
-1
-1
-1
-1
-1
920844228
513454842
633246819
88825436
373306451
797571368
-1
-1
164501516
-1
-1
-1
-1
-1
-1
-1
-1
908155178
-1
-1
564915689
352392262
-1
-1
-1
-1
-1
511597857
-1
-1
-1
42436105
-1
-1
264622779
-1
-1
-1
-1
-1
-1
75446376
-1
-1
-1
-1
-1
-1
-1
-1
-1
-1
-1
808966298
-1
-1
-1
895516723
-1
-1
-1
-1
-1
-1
-1
-1
-1
11458955
508552005
593776964
520870350
900425742
-1
-1
-1
-1
-1
-1
-1
-1
139251314
459783734
948691178
-1
-1
602265129
25041997
-1
-1
344865077
-1
-1
-1
-1
278515016
-1
-1
-1
-1
691649348
-1
344636188
-1
-1
-1
-1
-1
-1
-1
-1
-1
443707869
-1
-1
-1
-1
-1
-1
-1
-1
-1
-1
-1
-1
-1
861449727
-1
-1
-1
-1
-1
-1
-1
22351752
299478630
-1
-1
-1
542507222
-1
-1
-1
-1
-1
-1
-1
732325018
-1
9652059
-1
288508258
773741087
-1
-1
3768051
206478788
-1
998410098
-1
-1
633556448
-1
-1
-1
818702291
-1
-1
-1
-1
-1
-1
-1
-1
449913693
-1
-1
-1
-1
-1
378870468
-1
275007400
-1
-1
-1
50696545
-1
875158889
-1
766751430
-1
-1
943620054
-1
288077777
525832934
-1
-1
337592976
-1
-1
-1
-1
-1
837730170
-1
-1
94222595
-1
28178236
-1
-1
-1
-1
-1
-1
-1
-1
56274245
582800064
-1
-1
-1
-1
-1
-1
-1
-1
-1
-1
-1
815943925
251709267
286855485
125413817
-1
927574165
-1
-1
-1
-1
120015251
-1
-1
797843956
-1
-1
-1
-1
-1
-1
-1
-1
-1
-1
-1
-1
-1
-1
-1
-1
-1
751405091
-1
682354831
-1
-1
-1
-1
-1
243458906
638545910
-1
-1
-1
-1
-1
-1
-1
-1
-1
-1
-1
-1
-1
-1
-1
-1
-1
-1
887935582
-1
-1
-1
-1
-1
-1
-1
15488630
-1
-1
-1
-1
184038180
-1
-1
-1
-1
-1
-1
-1
-1
-1
-1
-1
189957250
-1
-1
-1
575531157
149784831
-1
874848394
761109986
668465456
-1
-1
-1
-1
38322940
-1
-1
-1
-1
106823649
-1
801119547
-1
-1
-1
524419865
-1
-1
-1
-1
-1
-1
-1
23965232
-1
315110324
202000956
-1
110040656
379149465
977732329
52282024
-1
-1
46271188
-1
-1
-1
234881946
-1
-1
738942651
-1
327898094
-1
296096048
-1
-1
-1
-1
603516961
-1
-1
266983
-1
-1
234292491
-1
-1
-1
-1
-1
-1
-1
-1
-1
-1
-1
-1
902576644
-1
78025423
-1
-1
-1
-1
-1
-1
-1
-1
-1
-1
-1
-1
453720406
-1
-1
-1
-1
-1
-1
-1
-1
-1
702153347
989820707
577536494
456093977
-1
116046162
-1
-1
-1
-1
-1
-1
-1
-1
-1
-1
-1
-1
-1
-1
-1
-1
-1
336506526
5217792
-1
-1
-1
-1
650596160
-1
-1
-1
-1
-1
-1
-1
-1
-1
325451563
-1
504960375
-1
-1
-1
-1
-1
-1
-1
-1
-1
218601635
775288459
-1
-1
-1
-1
280825554
-1
-1
-1
995911307
-1
-1
-1
-1
-1
-1
171858023
82636409
-1
-1
-1
541228680
-1
-1
-1
-1
-1
-1
-1
687794294
-1
-1
614468974
124231996
-1
-1
-1
-1
-1
-1
-1
-1
-1
-1
-1
410775036
-1
-1
-1
557903333
-1
-1
-1
-1
-1
-1
-1
411929029
-1
-1
-1
233095360
433023298
-1
-1
-1
-1
-1
-1
365679401
-1
-1
-1
10450189
-1
680460603
-1
-1
-1
-1
199822644
-1
-1
-1
-1
-1
-1
677795550
-1
-1
-1
-1
390334396
232094068
-1
-1
-1
-1
-1
-1
-1
-1
773994892
-1
-1
-1
225660538
-1
55727115
-1
-1
-1
670935359
523512010
-1
-1
-1
-1
596430275
-1
-1
-1
-1
-1
-1
-1
-1
-1
-1
-1
-1
967725161
-1
956616619
-1
-1
-1
-1
-1
541312006
-1
-1
-1
276600776
321858337
-1
-1
-1
-1
-1
-1
633749910
768330891
-1
-1
-1
-1
-1
-1
24950346
-1
-1
-1
-1
-1
-1
-1
-1
-1
-1
-1
-1
-1
-1
-1
-1
-1
811439100
-1
-1
-1
-1
-1
-1
-1
-1
-1
-1
-1
-1
-1
-1
-1
-1
-1
415014412
-1
857206766
-1
-1
-1
-1
-1
130492371
-1
548599634
24396026
253382199
-1
-1
-1
-1
-1
-1
-1
-1
-1
-1
-1
-1
-1
-1
-1
23687797
-1
-1
-1
269260754
-1
716042090
-1
-1
340980786
-1
152816255
322186633
677057964
-1
168285541
-1
-1
-1
562591425
-1
-1
-1
-1
802019276
-1
-1
-1
-1
459344183
-1
811805755
-1
-1
-1
25003810
-1
-1
-1
-1
-1
-1
-1
-1
-1
-1
-1
-1
-1
272723775
-1
-1
-1
-1
-1
-1
964518387
521623132
-1
-1
-1
-1
-1
-1
-1
-1
-1
-1
125577226
-1
-1
-1
-1
-1
817901949
195658742
-1
-1
-1
680908801
-1
755864180
353608449
-1
-1
-1
-1
-1
-1
-1
-1
-1
-1
-1
-1
-1
-1
620571734
-1
717311039
-1
-1
209915543
-1
-1
-1
92860694
-1
-1
-1
-1
91551146
665738305
843607423
-1
857445469
-1
-1
-1
26714082
197939341
-1
415712608
-1
-1
-1
-1
345682478
-1
-1
267059666
-1
432802893
-1
-1
-1
-1
-1
871972157
-1
-1
-1
477543303
-1
-1
723601689
-1
-1
-1
-1
-1
-1
-1
-1
-1
-1
-1
-1
-1
-1
-1
-1
-1
947241954
886163195
-1
-1
-1
-1
-1
-1
-1
-1
-1
-1
454529446
551501560
-1
924542856
984202159
101258890
-1
-1
868103718
-1
-1
-1
765230810
572954019
-1
-1
-1
-1
-1
-1
162846046
-1
132989227
-1
-1
-1
-1
-1
-1
-1
-1
54201704
615407181
-1
433404104
-1
-1
341928964
743532221
-1
451437284
299791206
-1
-1
782880663
638891120
-1
-1
810283757
269341004
-1
-1
804148217
543864830
-1
-1
-1
662501420
-1
-1
-1
-1
-1
-1
498359223
-1
-1
-1
-1
-1
-1
-1
-1
294832484
-1
-1
-1
-1
-1
-1
-1
-1
-1
-1
-1
-1
655105737
199796337
76218816
936131946
-1
-1
557830682
-1
-1
-1
-1
809776981
166657521
-1
-1
-1
714175523
-1
-1
-1
-1
-1
-1
-1
-1
-1
938421379
212153484
-1
-1
-1
-1
-1
-1
-1
-1
-1
-1
923596535
-1
734233247
478592804
-1
-1
-1
-1
-1
-1
-1
-1
-1
-1
-1
-1
-1
-1
220750290
-1
-1
449518700
-1
-1
-1
-1
-1
-1
-1
-1
-1
-1
-1
-1
384947201
341209534
-1
-1
-1
-1
747611214
-1
-1
-1
-1
-1
-1
126071100
-1
-1
-1
301903228
-1
-1
-1
-1
-1
-1
-1
-1
-1
-1
-1
157494318
741308525
-1
-1
646063762
-1
-1
190009541
-1
-1
-1
-1
-1
-1
-1
-1
22210034
-1
-1
-1
533715993
-1
138358679
-1
485137535
135989433
-1
307318219
127808342
-1
-1
-1
-1
276992651
-1
52534532
-1
-1
-1
-1
-1
936752775
247323692
-1
829537042
548432556
-1
-1
-1
-1
-1
-1
-1
-1
569027078
-1
-1
269978504
-1
-1
-1
-1
744914863
-1
-1
2917474
-1
146029503
265499196
-1
-1
-1
-1
-1
-1
-1
-1
-1
-1
974998156
-1
315736592
-1
830040665
-1
-1
-1
-1
-1
-1
-1
-1
-1
-1
-1
-1
52956973
-1
-1
-1
793838560
758025863
-1
-1
-1
-1
-1
-1
-1
-1
-1
-1
208295425
-1
-1
-1
-1
-1
-1
-1
-1
518264726
243366683
412956325
-1
-1
-1
-1
434481184
-1
-1
-1
8577510
548953090
-1
-1
-1
-1
-1
-1
-1
822875272
927101542
-1
-1
-1
806456167
-1
-1
-1
-1
-1
753053393
3110418
-1
-1
-1
-1
-1
-1
559227871
767159715
-1
-1
-1
153116176
150176746
-1
-1
-1
-1
789020550
-1
626322804
-1
505795642
173042844
-1
-1
-1
-1
-1
-1
-1
-1
-1
-1
-1
-1
-1
-1
-1
-1
-1
136931239
-1
43067112
-1
-1
-1
-1
-1
-1
-1
-1
-1
988394957
-1
-1
-1
-1
-1
-1
-1
-1
-1
-1
-1
-1
531566974
846725100
-1
-1
537256672
-1
-1
-1
-1
362657569
-1
-1
-1
-1
-1
-1
-1
-1
-1
-1
-1
-1
-1
-1
-1
-1
-1
-1
-1
-1
-1
-1
-1
-1
-1
-1
-1
-1
-1
635326345
-1
-1
17388109
905469565
-1
322262067
-1
-1
562226909
-1
-1
744222563
-1
-1
-1
-1
-1
-1
-1
-1
-1
889588530
777569676
-1
-1
-1
-1
912794085
-1
-1
-1
-1
-1
-1
725229460
315809761
-1
-1
-1
117602657
190093206
-1
-1
-1
-1
-1
154507558
-1
-1
-1
-1
376025307
-1
702967661
-1
-1
-1
613450339
-1
297925042
-1
-1
-1
-1
-1
-1
-1
-1
-1
-1
-1
221787419
-1
-1
776104857
-1
649505689
128984599
-1
-1
685183479
-1
-1
-1
-1
150449471
505526009
-1
-1
-1
783849353
-1
619445938
-1
374234994
-1
-1
-1
-1
-1
-1
-1
-1
661056346
-1
2738239
484299592
-1
-1
-1
-1
-1
-1
987298392
196799956
-1
-1
-1
-1
-1
-1
-1
60834551
-1
-1
-1
-1
-1
-1
337018417
197985500
-1
-1
-1
-1
-1
563204132
257929513
-1
695368512
-1
-1
-1
-1
-1
605179245
-1
-1
-1
-1
-1
256066900
-1
-1
353294417
209542372
-1
-1
-1
474625268
-1
-1
-1
972985211
-1
-1
-1
-1
-1
-1
-1
-1
-1
-1
-1
600931278
-1
748712687
-1
128402914
-1
-1
-1
-1
234856169
-1
-1
-1
-1
100113771
-1
726129158
263386447
-1
-1
-1
-1
141690712
-1
156949339
89371566
744848493
133431749
-1
-1
-1
-1
-1
756980786
-1
-1
-1
-1
-1
461022785
-1
-1
611340708
-1
-1
-1
194085111
-1
-1
-1
-1
-1
-1
-1
-1
960246862
655366463
741179669
-1
-1
584217604
-1
-1
-1
-1
-1
-1
467055338
-1
665997237
-1
-1
-1
-1
-1
-1
593500645
-1
567028252
-1
-1
-1
-1
-1
-1
-1
116206588
-1
-1
679740266
42947037
-1
242861838
-1
-1
-1
-1
-1
-1
-1
-1
-1
48377145
-1
-1
673757597
351249230
-1
-1
211656362
-1
-1
-1
-1
-1
-1
-1
-1
647671845
-1
-1
-1
134585338
-1
-1
-1
386957485
-1
-1
563955624
-1
-1
-1
-1
-1
-1
-1
940930720
-1
-1
-1
-1
-1
-1
-1
-1
289941316
-1
332201042
242908233
202094548
-1
-1
480782022
445610926
-1
-1
-1
-1
923509982
-1
389455552
-1
-1
-1
-1
369206574
-1
-1
-1
-1
643982644
-1
-1
-1
-1
-1
-1
-1
-1
-1
-1
-1
-1
-1
-1
423206729
-1
699146588
-1
-1
-1
-1
-1
-1
667582167
-1
-1
-1
-1
-1
-1
-1
861286608
-1
712057508
-1
-1
-1
-1
-1
-1
1241943
-1
-1
-1
-1
368969447
497118671
-1
-1
786878024
-1
-1
495875717
-1
-1
411285810
-1
-1
509972071
-1
-1
-1
-1
-1
-1
-1
-1
-1
-1
-1
-1
589917741
380585975
-1
-1
348429739
-1
798250231
-1
-1
-1
-1
-1
-1
421331065
-1
835592815
-1
-1
-1
161245388
688094027
-1
398359901
-1
727686377
120121048
-1
-1
-1
-1
-1
-1
544104368
-1
-1
-1
-1
-1
-1
-1
-1
-1
12486377
-1
-1
-1
-1
842147623
-1
-1
-1
-1
-1
-1
-1
-1
498471034
-1
-1
173648010
-1
-1
-1
-1
327461907
-1
-1
-1
495043733
14430126
-1
-1
302708097
7358813
-1
-1
-1
756710087
154382930
-1
-1
197070087
-1
-1
-1
-1
219467523
-1
11984724
146622076
254391133
-1
-1
-1
-1
-1
980466264
-1
33646730
-1
-1
-1
-1
10718764
-1
-1
-1
-1
-1
-1
-1
-1
-1
-1
-1
-1
-1
-1
-1
757688291
-1
-1
-1
-1
-1
-1
-1
-1
-1
-1
-1
-1
-1
-1
-1
-1
-1
-1
-1
-1
-1
848146021
367254475
-1
285707986
190569916
490203441
-1
-1
-1
-1
894003922
389860428
-1
-1
-1
-1
555837950
-1
-1
-1
-1
-1
-1
-1
-1
740483774
-1
-1
-1
-1
-1
-1
-1
-1
829335456
212712455
-1
-1
-1
-1
-1
-1
71744629
-1
-1
-1
-1
-1
139369759
173021543
-1
78275985
28312868
-1
-1
310753239
-1
-1
-1
850018984
-1
-1
-1
-1
-1
-1
-1
202545026
-1
-1
904070256
-1
-1
-1
-1
49268068
-1
-1
-1
-1
-1
-1
889289213
-1
917272004
280969927
-1
-1
75712781
-1
-1
393644081
-1
-1
69901735
-1
-1
-1
-1
-1
-1
-1
-1
-1
-1
-1
633782786
-1
-1
-1
-1
-1
-1
-1
-1
840282015
-1
-1
-1
-1
541328182
-1
-1
-1
-1
-1
-1
-1
-1
-1
-1
384688543
-1
-1
-1
997429909
-1
-1
-1
-1
-1
-1
-1
-1
-1
-1
36860515
-1
-1
-1
-1
-1
-1
-1
-1
-1
-1
947622552
380400187
-1
300714064
-1
559781440
-1
-1
-1
-1
-1
-1
555293916
269203839
-1
422403129
236406971
653750114
103085352
-1
-1
-1
7321774
-1
-1
-1
-1
37500118
-1
-1
-1
20691327
-1
-1
-1
-1
-1
785534590
-1
-1
-1
-1
-1
-1
-1
-1
-1
-1
287853668
-1
749072004
-1
-1
279263044
801057164
131207062
-1
411685833
-1
-1
-1
-1
789760382
-1
-1
40599124
-1
-1
-1
-1
321777095
-1
-1
-1
-1
-1
812743814
828971248
-1
-1
-1
-1
-1
-1
-1
846653320
-1
-1
29707627
209722403
274626516
-1
-1
613493978
116262240
-1
-1
-1
-1
917859310
-1
-1
-1
-1
808940090
-1
-1
-1
-1
-1
-1
-1
-1
69391800
-1
-1
-1
63587935
-1
-1
-1
227479741
836951017
-1
-1
-1
116504069
-1
-1
-1
-1
-1
199869237
-1
-1
-1
-1
-1
-1
138150982
-1
-1
796740819
-1
279181481
-1
-1
-1
-1
768945158
-1
-1
-1
-1
324777107
172883656
-1
-1
-1
8782368
-1
-1
737201361
-1
-1
386470820
-1
-1
857232215
-1
-1
-1
-1
-1
-1
207865554
-1
-1
-1
865877736
506376769
-1
76299883
-1
-1
-1
-1
-1
-1
-1
-1
-1
-1
-1
475466430
-1
-1
-1
281061877
-1
192585543
-1
545028239
-1
-1
-1
-1
-1
156982970
-1
-1
-1
-1
-1
-1
-1
-1
-1
-1
-1
-1
-1
-1
-1
-1
479864003
-1
-1
-1
-1
-1
615395227
-1
-1
952256629
-1
-1
-1
-1
-1
-1
-1
-1
551310948
-1
-1
-1
-1
-1
-1
-1
-1
-1
-1
487970582
-1
-1
581474929
-1
-1
-1
-1
-1
-1
-1
-1
-1
-1
-1
-1
-1
-1
224508348
427865704
-1
-1
-1
-1
-1
-1
-1
-1
181671221
-1
-1
530336057
798740650
-1
-1
-1
-1
110284744
-1
469028509
780587710
-1
-1
-1
206437039
-1
661305387
-1
-1
-1
-1
-1
-1
-1
-1
515666525
-1
-1
468449542
-1
-1
-1
-1
-1
-1
-1
361055206
-1
-1
-1
-1
943108497
-1
-1
-1
-1
586846127
-1
-1
-1
-1
-1
-1
-1
-1
-1
-1
-1
-1
-1
-1
-1
809368799
-1
-1
-1
-1
-1
-1
-1
-1
-1
888746547
-1
-1
-1
-1
14811121
-1
-1
-1
-1
-1
-1
-1
-1
-1
-1
-1
-1
-1
730045588
-1
-1
343772290
-1
-1
-1
94656662
-1
572108172
-1
-1
-1
68966237
-1
690612891
-1
-1
-1
560661084
-1
-1
-1
825167651
-1
-1
-1
-1
972690540
-1
-1
-1
632586352
282187590
-1
-1
-1
-1
-1
-1
582853406
-1
-1
-1
-1
-1
-1
-1
-1
-1
-1
-1
-1
446961553
892748869
-1
-1
-1
862117923
-1
27811154
-1
-1
538483996
-1
-1
-1
358557557
254415138
-1
-1
350837580
-1
-1
-1
-1
-1
320490301
427589616
-1
-1
-1
-1
-1
-1
66582168
-1
-1
-1
-1
520858790
-1
-1
-1
-1
-1
-1
-1
585164893
-1
5559856
-1
-1
-1
-1
-1
-1
-1
-1
-1
-1
285794758
-1
740882115
-1
-1
-1
-1
697023730
-1
-1
-1
-1
-1
483469183
379557118
485732039
-1
-1
-1
-1
-1
-1
-1
-1
421060236
-1
-1
615725585
-1
-1
279433594
-1
8421669
-1
-1
-1
-1
-1
718046937
-1
-1
-1
-1
986649705
69652861
-1
-1
-1
225287773
-1
-1
-1
-1
420905751
-1
155695256
33401019
344445878
-1
166968755
-1
-1
-1
-1
-1
288831518
-1
-1
-1
-1
-1
-1
-1
-1
-1
-1
-1
-1
873714747
-1
692450802
24430674
-1
970194233
-1
-1
-1
-1
-1
444893349
153420890
-1
612059489
918664108
799706904
-1
-1
-1
-1
-1
-1
463450790
-1
556414020
-1
718060771
762462407
-1
-1
753370452
-1
97327304
-1
-1
-1
-1
-1
-1
-1
-1
266033424
-1
-1
125228183
-1
-1
7200421
-1
-1
-1
-1
-1
152522835
-1
-1
-1
-1
618132974
-1
58014602
-1
325019039
-1
-1
-1
662899976
-1
-1
62510434
144317771
-1
108820253
912335474
9577923
-1
436406437
724670689
-1
49920057
252712657
-1
-1
-1
-1
-1
-1
734893418
108338886
-1
960131488
-1
-1
-1
-1
529325994
879016788
439861207
914094389
-1
-1
-1
-1
-1
-1
-1
-1
-1
-1
889108539
-1
7032927
161782047
-1
-1
-1
-1
358823604
685496985
-1
-1
895410231
740406986
-1
932663134
6907673
-1
-1
9127540
-1
-1
-1
-1
20818871
-1
-1
-1
-1
216752644
-1
-1
-1
-1
-1
61302451
-1
-1
-1
-1
-1
-1
451777721
-1
-1
-1
-1
-1
82928652
-1
-1
245032114
64785892
-1
-1
-1
-1
-1
-1
-1
-1
-1
-1
-1
-1
-1
-1
-1
-1
-1
882737572
12184247
-1
-1
515137149
-1
-1
-1
-1
-1
-1
-1
106804917
-1
-1
-1
-1
-1
861159192
-1
-1
-1
-1
59509462
-1
-1
-1
-1
-1
-1
116758775
4979653
-1
-1
159523083
-1
-1
-1
-1
-1
-1
-1
-1
-1
-1
-1
671531198
122830013
-1
-1
-1
-1
-1
-1
-1
-1
-1
335456173
570625350
-1
-1
-1
-1
-1
-1
818045914
-1
-1
-1
-1
-1
-1
-1
-1
-1
-1
-1
-1
-1
-1
-1
796849836
-1
-1
-1
-1
-1
-1
823447745
-1
-1
-1
-1
251673458
74168340
-1
-1
-1
-1
-1
-1
-1
312494382
497553767
-1
-1
291157392
-1
255881612
-1
-1
-1
246829797
-1
-1
-1
636012059
625634195
143112728
-1
-1
-1
302347518
-1
-1
-1
-1
305614910
-1
-1
42925371
-1
-1
-1
-1
-1
-1
-1
-1
-1
-1
-1
-1
-1
-1
368067585
-1
-1
-1
-1
-1
267293509
-1
-1
-1
-1
88004321
-1
-1
-1
-1
-1
206330520
-1
497955139
-1
434256323
-1
-1
-1
-1
256770416
137164084
-1
-1
-1
-1
-1
141368051
-1
505192312
-1
-1
678398587
485605365
557407339
-1
-1
142505961
483413237
567613761
688614909
871059511
-1
-1
-1
733844659
-1
-1
-1
560728067
-1
388418598
-1
-1
489094329
-1
-1
-1
-1
639414010
254833885
-1
-1
-1
-1
-1
-1
-1
-1
-1
-1
-1
-1
-1
-1
182618630
-1
-1
-1
791366517
47192699
-1
-1
871545043
-1
-1
964918238
330283000
-1
578885219
-1
187786642
-1
-1
-1
-1
246691909
-1
-1
206989410
-1
-1
-1
-1
-1
-1
-1
-1
-1
466693193
-1
-1
-1
-1
813695462
-1
837758275
-1
-1
-1
55587814
-1
-1
-1
576187718
925488884
-1
-1
-1
234776824
-1
-1
-1
-1
-1
-1
173001104
-1
809265523
639774782
596806565
-1
-1
222135791
310051729
795795425
-1
-1
-1
-1
-1
-1
-1
-1
84095271
-1
-1
-1
-1
-1
-1
110981189
-1
-1
-1
80398497
-1
-1
-1
-1
-1
-1
-1
133295648
988452308
-1
-1
116792575
-1
-1
-1
-1
-1
-1
303380315
-1
81998173
-1
-1
-1
-1
-1
-1
-1
-1
4022166
-1
-1
-1
-1
20105668
-1
-1
-1
-1
-1
-1
-1
392158819
-1
-1
106638324
-1
-1
524078981
-1
-1
-1
-1
135025618
-1
974111608
-1
-1
606656183
-1
-1
-1
602355434
-1
-1
-1
-1
677374490
-1
-1
113348854
-1
-1
683273624
-1
-1
-1
-1
-1
615836497
-1
-1
-1
-1
-1
-1
-1
-1
-1
70429711
361517598
-1
914337318
-1
-1
-1
-1
-1
-1
-1
-1
-1
-1
-1
-1
-1
-1
-1
-1
-1
-1
-1
-1
-1
-1
-1
-1
-1
-1
823082360
-1
-1
984737122
-1
-1
394985773
-1
443830203
607399722
-1
-1
-1
-1
346798239
-1
-1
-1
-1
-1
-1
-1
-1
571588831
-1
-1
-1
-1
-1
-1
-1
-1
-1
579198175
576957353
-1
-1
-1
-1
-1
640459153
-1
-1
112531064
504844400
-1
-1
-1
908951250
869939054
-1
-1
-1
-1
-1
-1
-1
-1
-1
624570468
126808135
-1
-1
-1
287770333
-1
-1
791873317
949266054
-1
-1
277103547
-1
-1
-1
-1
-1
-1
-1
356970392
-1
-1
-1
-1
-1
52482039
-1
189593252
439590909
-1
-1
452681499
-1
-1
-1
-1
994991850
-1
-1
683842245
-1
-1
-1
-1
-1
-1
-1
59033881
-1
-1
-1
-1
976890620
-1
-1
-1
-1
268464665
-1
-1
18574042
-1
-1
-1
61280416
-1
707339770
-1
-1
-1
-1
-1
-1
413992238
-1
-1
-1
-1
318573759
-1
-1
-1
-1
-1
-1
-1
-1
-1
-1
-1
-1
467781125
791142125
-1
-1
-1
-1
-1
-1
-1
-1
-1
-1
-1
-1
-1
-1
-1
-1
768175741
-1
-1
-1
92641154
-1
-1
-1
246573410
-1
95378415
-1
164746962
-1
-1
-1
-1
-1
73413883
335488933
424464983
-1
-1
206908504
464849408
-1
-1
-1
-1
-1
612638630
-1
814662519
-1
-1
-1
-1
-1
-1
-1
-1
-1
-1
257435094
-1
-1
-1
-1
-1
-1
-1
-1
-1
-1
-1
-1
-1
521493917
893917153
-1
228852735
181353989
-1
-1
-1
-1
156244552
570190378
-1
-1
-1
-1
-1
-1
-1
-1
-1
-1
55808217
-1
773365051
-1
-1
231180265
-1
154850012
68119447
-1
-1
-1
-1
-1
-1
-1
-1
302017356
369494512
-1
504642531
-1
-1
-1
-1
384872684
-1
-1
-1
-1
-1
927339134
-1
-1
-1
374791045
510121380
-1
-1
-1
566058555
198267736
212681606
-1
-1
-1
-1
-1
54402589
-1
-1
327408447
-1
-1
-1
-1
-1
-1
135269255
-1
893385899
-1
-1
-1
-1
-1
-1
-1
-1
115778014
-1
-1
-1
142554567
-1
104603526
55138927
-1
-1
-1
-1
333594056
-1
-1
-1
-1
-1
-1
-1
-1
304501496
-1
-1
-1
14000233
-1
-1
-1
938727392
-1
-1
51411148
-1
-1
422174964
-1
-1
-1
-1
-1
-1
118270432
520130535
-1
-1
155750713
-1
377587699
661828737
-1
64648946
-1
286348062
-1
360955812
-1
-1
-1
-1
-1
-1
-1
771975151
-1
-1
-1
337198526
618869338
-1
909775546
-1
-1
-1
-1
-1
-1
183099648
-1
503375499
-1
-1
-1
-1
-1
661407761
-1
-1
-1
716337361
-1
-1
-1
-1
-1
-1
-1
-1
-1
-1
-1
-1
-1
-1
-1
718288645
-1
-1
-1
474932749
-1
-1
-1
-1
-1
801738066
-1
-1
-1
404370311
-1
-1
72108040
-1
-1
-1
-1
561699672
-1
-1
343638401
-1
-1
-1
945672339
-1
317905442
-1
-1
-1
-1
-1
858463962
199989014
-1
724967908
-1
-1
-1
179489157
-1
-1
-1
-1
-1
-1
-1
-1
-1
705279876
-1
-1
438013691
-1
-1
-1
-1
-1
-1
-1
-1
-1
-1
-1
-1
-1
-1
80864993
-1
933426497
-1
-1
-1
409110444
-1
-1
-1
-1
-1
-1
38343249
112741868
-1
722403200
-1
-1
-1
-1
696278450
806880841
-1
-1
-1
-1
-1
42270002
431847570
-1
-1
578447486
-1
-1
138279954
-1
-1
968240866
-1
-1
149002427
-1
500004957
-1
-1
-1
-1
-1
16332791
-1
202312550
-1
-1
-1
-1
-1
-1
-1
-1
-1
-1
-1
454624652
395548559
216765693
-1
-1
-1
-1
14912607
-1
-1
-1
-1
-1
-1
-1
-1
937741206
-1
-1
-1
-1
-1
-1
-1
20385419
97166021
-1
-1
-1
325518637
533170996
134992979
-1
196795533
-1
-1
-1
454421243
-1
-1
-1
536213197
273347776
-1
-1
980231422
487836960
-1
-1
-1
601244618
-1
610720179
277494036
-1
-1
158093035
-1
-1
-1
-1
-1
-1
-1
624666584
-1
-1
-1
-1
-1
210663458
125045568
-1
-1
-1
-1
-1
-1
73315050
-1
545730586
-1
-1
-1
-1
629301235
-1
-1
-1
-1
-1
-1
-1
-1
-1
-1
-1
693158572
-1
-1
548960896
-1
-1
79420619
-1
-1
-1
-1
-1
-1
-1
778487426
150284841
-1
-1
-1
-1
-1
-1
-1
-1
768197144
-1
-1
-1
-1
-1
778443968
-1
663861247
112216215
475734330
-1
-1
-1
884624593
-1
560791477
-1
-1
-1
-1
576010096
-1
477544709
-1
-1
-1
-1
-1
962423278
-1
116620954
754561484
-1
-1
934277017
-1
-1
-1
-1
-1
-1
-1
92269584
650528976
-1
-1
624076933
773443481
-1
-1
-1
-1
-1
-1
-1
104715698
-1
236592046
311035699
-1
-1
-1
-1
-1
80586773
-1
-1
-1
-1
-1
232135754
-1
428642841
-1
-1
-1
-1
-1
-1
-1
544800069
-1
-1
-1
-1
-1
-1
-1
61256151
2758394
-1
-1
-1
-1
-1
-1
363078519
-1
-1
-1
-1
-1
-1
410142995
602034719
-1
-1
-1
-1
-1
-1
-1
-1
-1
-1
-1
-1
894731016
859722022
185325745
-1
769013671
-1
-1
-1
183502914
930040249
-1
863914391
-1
983353353
-1
-1
-1
-1
381078002
-1
-1
-1
-1
-1
-1
-1
-1
-1
-1
-1
-1
-1
-1
240138646
-1
-1
-1
356254210
-1
-1
-1
-1
437828598
251151317
-1
-1
-1
204653857
90834148
-1
-1
-1
-1
-1
-1
-1
-1
-1
-1
-1
-1
287306363
51014571
985562828
-1
25230236
-1
-1
-1
570737786
654223673
-1
-1
-1
-1
-1
-1
99346615
-1
725253919
509023256
41243834
-1
-1
-1
946358059
-1
-1
-1
-1
-1
-1
568652000
-1
-1
-1
-1
-1
698011894
-1
-1
-1
-1
-1
-1
-1
-1
-1
-1
-1
-1
-1
-1
239766793
-1
-1
-1
-1
-1
-1
-1
-1
843582518
499089356
702247839
-1
-1
-1
-1
-1
-1
-1
-1
-1
-1
-1
-1
-1
54197580
-1
734945923
-1
-1
-1
-1
934691747
-1
-1
676163425
-1
362726513
-1
743731928
-1
978567881
-1
41566695
-1
-1
-1
15723194
-1
-1
-1
-1
-1
-1
806008139
-1
710181527
-1
510891979
524778351
-1
396521593
-1
-1
-1
-1
-1
-1
-1
947801599
