0
20468009
2866343
16821491
2431137
30702537
4073670
6889103
12197711
30819241
21273476
29164571
26061533
6844933
7985117
15745973
25027972
11999014
3275962
13381656
35609983
10298900
39423006
78367058
14064902
24246125
23611118
15286411
436875
3333074
13781574
-1
-1
-1
-1
-1
-1
-1
-1
-1
-1
-1
254748393
-1
-1
-1
292110645
-1
-1
-1
550354658
-1
-1
377977996
-1
-1
-1
460156054
-1
912416048
-1
-1
-1
-1
-1
-1
-1
650305396
-1
-1
941968957
-1
-1
658741767
-1
917079178
101074192
-1
-1
-1
782547519
-1
-1
-1
-1
485717313
-1
506582286
-1
-1
-1
-1
87224915
567533868
-1
46611825
417582455
-1
-1
-1
-1
-1
-1
-1
-1
-1
-1
-1
-1
879725052
-1
993224397
-1
240289407
777426915
-1
899634437
-1
-1
-1
87747160
-1
397676947
-1
-1
-1
-1
926668033
-1
-1
-1
-1
302032755
-1
-1
-1
-1
-1
-1
225768803
-1
-1
-1
-1
-1
-1
172876744
200014392
-1
-1
-1
-1
-1
-1
-1
-1
-1
36872443
153502962
-1
-1
-1
-1
-1
454046223
-1
-1
577725237
-1
-1
151106273
-1
-1
21630277
195255301
-1
-1
-1
-1
-1
853663821
-1
43172450
-1
-1
-1
-1
-1
-1
-1
-1
-1
-1
-1
-1
-1
898620212
-1
-1
-1
-1
-1
-1
-1
-1
-1
-1
-1
823334031
946375695
-1
-1
-1
-1
-1
310052277
-1
848213177
-1
-1
-1
-1
-1
-1
-1
620819182
-1
-1
-1
-1
-1
-1
-1
-1
182226236
-1
-1
-1
14755128
-1
-1
-1
-1
-1
-1
-1
-1
-1
-1
-1
-1
-1
-1
-1
-1
-1
353199847
716498710
-1
-1
-1
-1
-1
-1
689810986
-1
-1
-1
-1
841819805
-1
-1
-1
-1
-1
-1
-1
-1
-1
-1
-1
803359843
981465377
-1
427663028
-1
-1
-1
-1
-1
854245856
-1
-1
-1
892789291
-1
-1
-1
-1
-1
-1
-1
-1
-1
813587146
-1
-1
-1
-1
639223161
-1
-1
-1
-1
535616127
-1
-1
-1
99929492
-1
871175449
-1
-1
-1
-1
-1
-1
-1
-1
-1
961816025
-1
-1
-1
-1
-1
-1
-1
841490688
-1
737288499
327252991
-1
26117304
250508679
-1
217860223
-1
-1
-1
-1
-1
-1
76597015
-1
-1
714477446
-1
-1
-1
-1
-1
-1
-1
-1
-1
574053672
954058076
-1
97621425
-1
-1
-1
-1
-1
-1
206801797
242051405
-1
-1
-1
557393693
-1
-1
9856038
-1
210140412
710380893
-1
-1
-1
612740104
-1
-1
214137308
-1
-1
-1
-1
-1
-1
-1
-1
86441736
373392819
862447766
338646182
-1
-1
-1
-1
-1
-1
-1
365535538
-1
-1
-1
-1
-1
-1
-1
77004119
-1
-1
-1
-1
-1
498362533
-1
-1
-1
-1
553850954
-1
-1
-1
-1
-1
940055138
-1
-1
-1
-1
-1
-1
30311837
-1
-1
-1
-1
19259593
595233694
947044436
-1
-1
-1
-1
420855739
-1
-1
-1
-1
469285113
-1
-1
-1
-1
-1
-1
231687612
-1
38445363
316288297
-1
203960639
-1
801776970
-1
-1
-1
-1
78520453
-1
-1
-1
-1
658270386
-1
-1
-1
-1
-1
-1
-1
-1
-1
-1
-1
-1
-1
-1
-1
150565048
-1
137489939
-1
-1
-1
-1
-1
572570110
-1
596342834
-1
-1
-1
96519503
-1
-1
-1
-1
-1
593254727
394672080
-1
880466736
-1
-1
-1
102516171
-1
-1
506613171
-1
-1
-1
-1
-1
-1
-1
-1
697080022
-1
-1
352750085
-1
-1
267586117
-1
-1
-1
-1
217929283
-1
193740150
-1
203306885
-1
-1
-1
-1
-1
-1
998157787
-1
387489772
-1
-1
139175303
643768088
-1
-1
-1
-1
-1
-1
495230868
-1
524098175
-1
-1
-1
-1
-1
-1
-1
-1
622996641
68154722
-1
-1
60396577
-1
-1
113223121
-1
-1
-1
-1
-1
-1
450003670
-1
-1
-1
-1
-1
-1
-1
-1
87690139
313936700
-1
-1
-1
34872385
-1
509317875
-1
-1
422479329
-1
-1
-1
-1
-1
-1
-1
-1
746739290
509105918
-1
-1
-1
-1
336258515
-1
295055075
-1
-1
-1
2183314
-1
490340227
-1
-1
152880155
248708841
-1
-1
-1
-1
-1
-1
-1
-1
-1
-1
367129450
-1
-1
-1
703909371
-1
-1
-1
-1
-1
-1
-1
-1
-1
703551732
-1
964941234
-1
-1
-1
-1
-1
-1
-1
-1
-1
-1
277076553
-1
-1
-1
-1
-1
-1
-1
-1
-1
-1
433750842
-1
-1
-1
358992266
-1
-1
-1
-1
-1
-1
-1
-1
324048430
-1
-1
-1
-1
656056801
688591502
-1
-1
640808414
-1
-1
-1
-1
-1
-1
-1
-1
-1
-1
-1
248870
21904222
-1
-1
-1
415097236
-1
-1
745540908
-1
-1
976838235
-1
-1
-1
-1
215678179
228934527
-1
848522302
513936390
574666821
-1
-1
-1
-1
-1
57522659
-1
-1
-1
-1
-1
-1
969141182
-1
-1
-1
-1
-1
-1
983280810
-1
-1
464597648
-1
-1
-1
-1
-1
312584013
-1
-1
-1
-1
-1
-1
-1
-1
-1
-1
473021808
477266454
-1
10698519
61993099
-1
-1
-1
-1
-1
-1
-1
537896729
-1
-1
-1
-1
876191000
-1
703165273
-1
-1
865599169
315467492
673107658
556876188
103030909
-1
-1
-1
-1
613114613
-1
-1
-1
-1
-1
-1
-1
-1
-1
954814999
-1
-1
-1
-1
-1
-1
-1
-1
-1
-1
-1
393441959
-1
-1
-1
-1
-1
-1
-1
-1
-1
148970338
726940050
-1
550602133
-1
-1
-1
-1
-1
442905723
-1
-1
-1
-1
-1
-1
750558668
-1
-1
-1
-1
354911964
-1
-1
-1
-1
-1
-1
-1
141696318
-1
-1
-1
-1
-1
-1
-1
-1
-1
957662662
-1
-1
595335947
-1
-1
-1
-1
-1
956605612
520931169
342486202
182418364
-1
-1
421349345
-1
-1
52132749
-1
-1
480545665
-1
-1
509918386
-1
-1
-1
-1
-1
-1
-1
-1
-1
-1
-1
-1
-1
-1
-1
-1
-1
-1
-1
-1
354211184
-1
-1
-1
19454302
-1
-1
-1
695793153
-1
-1
-1
-1
-1
-1
-1
530142892
-1
-1
700584913
945346002
126456310
-1
62713864
-1
-1
648853575
-1
-1
-1
-1
-1
-1
-1
225965439
-1
59202426
-1
235399457
257135490
-1
-1
-1
-1
682305010
737458938
-1
780794046
-1
-1
886366605
-1
327491091
-1
-1
-1
-1
-1
-1
-1
-1
-1
-1
-1
-1
-1
-1
116737002
763133669
-1
-1
-1
-1
-1
-1
142685338
509689045
736790345
-1
-1
312730370
-1
-1
178913273
-1
765065992
-1
-1
-1
-1
535402242
-1
-1
-1
470957129
-1
-1
-1
114617676
-1
-1
-1
-1
-1
-1
-1
-1
189438542
583804073
78252317
-1
-1
-1
341958701
-1
-1
-1
-1
-1
-1
-1
77267173
-1
-1
-1
-1
-1
104204731
-1
-1
380567890
-1
174638328
-1
-1
437731008
704133537
289382511
402967670
-1
-1
-1
-1
717279551
437285798
-1
649586567
-1
-1
522470332
180839498
-1
415559408
220619159
-1
-1
553770443
-1
-1
-1
344021981
-1
-1
-1
624347172
728577528
-1
-1
92030497
-1
-1
-1
346192253
-1
-1
-1
-1
195806400
-1
-1
-1
-1
644941184
-1
-1
-1
-1
-1
970858322
468486893
991619303
-1
719644212
-1
939600916
-1
-1
-1
-1
-1
80678692
-1
-1
-1
853353565
-1
-1
356210472
-1
-1
-1
484994740
918320661
-1
-1
-1
-1
-1
-1
777926636
-1
-1
-1
-1
-1
-1
-1
-1
-1
240623543
127497635
-1
-1
-1
-1
-1
-1
-1
-1
-1
-1
375941598
-1
-1
-1
693305661
-1
960289014
-1
959626236
-1
-1
-1
-1
-1
-1
502847474
-1
-1
-1
-1
-1
-1
-1
44224662
-1
-1
-1
-1
734215630
-1
-1
-1
-1
405656172
-1
-1
-1
729865190
-1
-1
-1
-1
297867043
-1
-1
-1
-1
-1
-1
-1
-1
302769123
-1
-1
-1
-1
544405270
-1
-1
103203791
439999022
-1
155950037
-1
-1
-1
-1
934857890
-1
-1
-1
-1
-1
-1
-1
-1
-1
-1
-1
-1
-1
249646209
-1
-1
168261808
-1
-1
929401999
-1
-1
-1
-1
-1
109746944
-1
-1
-1
-1
91223698
577696607
-1
-1
-1
-1
-1
-1
-1
-1
-1
-1
687897261
891366402
-1
-1
569717184
-1
252480156
-1
-1
-1
-1
-1
-1
-1
-1
-1
-1
-1
133997639
-1
739248814
-1
-1
877127583
16881950
785904200
-1
-1
-1
-1
-1
791569296
-1
348683102
-1
118589815
721711416
-1
495081386
730277694
-1
-1
889289714
-1
-1
-1
-1
-1
-1
-1
336483138
-1
411459824
-1
933644645
120497389
445138498
-1
-1
-1
-1
-1
-1
-1
-1
-1
-1
905550988
-1
-1
-1
-1
-1
-1
-1
537932318
-1
415962543
-1
-1
277446109
492690193
-1
-1
969790211
-1
-1
-1
650431131
-1
352499427
-1
-1
-1
-1
-1
-1
-1
-1
375252600
-1
-1
-1
921665154
-1
-1
-1
369560049
915274356
-1
378477678
-1
-1
-1
-1
-1
-1
160330603
-1
-1
-1
-1
-1
-1
-1
-1
426972153
-1
-1
-1
-1
599741717
-1
-1
-1
-1
-1
-1
-1
-1
-1
-1
604356367
974561524
752285678
-1
-1
-1
-1
-1
-1
-1
24646088
373927787
155131784
-1
-1
-1
-1
-1
-1
-1
-1
-1
983372277
-1
-1
385154838
909316432
-1
840843123
-1
355298297
-1
-1
273925848
-1
459161047
-1
-1
-1
-1
-1
-1
870110575
-1
335710461
-1
-1
-1
-1
-1
-1
391730836
688945824
-1
-1
-1
-1
-1
-1
-1
-1
-1
-1
-1
218873269
-1
-1
-1
-1
-1
-1
-1
-1
-1
377694511
-1
-1
-1
830938761
-1
-1
-1
-1
-1
-1
-1
-1
-1
-1
-1
65434384
-1
-1
-1
-1
-1
74657488
-1
-1
-1
-1
964497761
726856429
-1
-1
-1
59004660
-1
-1
127960279
-1
-1
-1
-1
631594395
-1
-1
560658260
-1
-1
-1
-1
-1
-1
-1
-1
-1
-1
-1
-1
-1
-1
-1
272970002
261758024
-1
-1
-1
-1
-1
-1
-1
-1
-1
-1
-1
-1
-1
-1
-1
-1
549086431
-1
359977050
636253934
-1
-1
832274882
-1
-1
211712055
238451709
-1
-1
-1
587732068
-1
-1
177746296
-1
847791777
-1
-1
-1
-1
-1
-1
-1
-1
-1
-1
-1
374329418
-1
-1
223247589
-1
-1
-1
-1
-1
-1
-1
-1
-1
-1
-1
-1
-1
-1
-1
-1
199399542
-1
987879756
261755705
-1
-1
-1
-1
22781153
-1
-1
-1
-1
-1
-1
-1
-1
-1
-1
704567458
-1
-1
-1
-1
-1
-1
-1
-1
-1
360107682
69175817
-1
-1
-1
-1
-1
-1
522229772
-1
-1
879503724
-1
-1
545700308
-1
368720681
-1
-1
-1
-1
-1
-1
-1
-1
-1
-1
-1
664761949
-1
90109352
378142034
636345257
-1
-1
-1
-1
803225530
-1
410132277
-1
-1
636143378
-1
-1
-1
17301909
521658828
-1
-1
-1
332742101
-1
-1
-1
-1
340973219
-1
-1
-1
280994984
475311323
330879312
60650351
210377103
376781751
-1
-1
225301676
602933808
-1
269632282
124337633
-1
-1
-1
-1
-1
-1
529111123
-1
-1
-1
-1
695511050
-1
-1
-1
-1
247502279
-1
-1
-1
-1
795370918
665049491
882931069
-1
-1
934772877
-1
-1
532421267
-1
-1
-1
-1
923624391
-1
210720340
-1
-1
842287922
-1
-1
182379550
-1
828160218
492974500
-1
-1
-1
605339559
-1
-1
-1
-1
-1
-1
703709995
41121809
-1
-1
-1
-1
143885087
-1
-1
857489371
475803206
237550286
-1
-1
-1
-1
-1
-1
-1
-1
852884864
-1
-1
492842176
103829506
-1
165637210
-1
-1
646151387
-1
-1
-1
574158293
561555938
-1
-1
-1
-1
84989195
-1
540253952
-1
-1
-1
-1
-1
-1
-1
-1
-1
-1
369175111
-1
-1
-1
-1
689891553
-1
-1
-1
-1
-1
-1
-1
-1
-1
-1
-1
-1
-1
587533442
-1
870948809
-1
880877696
997209140
-1
-1
-1
-1
447907198
-1
-1
-1
-1
176867314
-1
-1
391877102
739099841
-1
169016357
-1
-1
835865403
252384512
-1
539962837
-1
-1
-1
697299943
137541000
-1
-1
-1
-1
-1
-1
-1
-1
608337177
-1
-1
-1
629794120
613565101
-1
-1
-1
-1
-1
568856835
-1
320173976
-1
-1
882249417
-1
-1
-1
-1
-1
-1
-1
-1
-1
-1
398875554
-1
-1
-1
-1
-1
-1
503622981
90943360
256597304
-1
-1
-1
-1
336598682
-1
-1
38588432
-1
-1
-1
627529344
-1
207429161
38652433
923871165
-1
-1
-1
295997432
-1
-1
-1
-1
-1
-1
-1
-1
-1
-1
770399879
-1
-1
-1
-1
208252645
-1
-1
-1
-1
-1
-1
304772784
-1
-1
-1
-1
-1
-1
-1
-1
922549611
875700016
-1
-1
-1
397340252
-1
407185452
255165510
-1
-1
-1
610543339
-1
890780597
70687924
63360325
-1
-1
-1
-1
-1
-1
-1
-1
-1
-1
-1
25928077
-1
-1
-1
-1
365700304
-1
-1
-1
-1
-1
-1
-1
191931838
-1
-1
-1
132930098
831263271
120731953
-1
-1
-1
-1
-1
164274281
-1
-1
-1
-1
-1
-1
996787864
-1
-1
-1
-1
777067548
-1
-1
133572076
-1
747480945
-1
779836487
849646897
32096204
897798960
-1
-1
-1
-1
-1
-1
-1
399259129
-1
-1
-1
-1
-1
-1
-1
115968421
495379164
-1
687550072
-1
616168490
-1
-1
-1
-1
-1
107431325
-1
251436276
-1
39665596
60000829
-1
-1
-1
-1
-1
-1
-1
-1
-1
-1
-1
-1
-1
898485709
-1
-1
-1
-1
-1
70482348
-1
-1
-1
192906535
-1
-1
-1
-1
-1
-1
-1
-1
-1
-1
-1
-1
-1
-1
-1
-1
-1
-1
-1
-1
-1
-1
-1
-1
-1
-1
-1
-1
-1
-1
-1
895508231
724384031
-1
-1
-1
-1
-1
-1
379402822
-1
124599609
-1
-1
-1
-1
-1
-1
186405015
-1
-1
-1
885804041
-1
-1
-1
-1
689382056
-1
-1
-1
-1
-1
-1
-1
-1
-1
-1
-1
-1
-1
-1
-1
-1
538835423
-1
-1
-1
531662560
-1
807483327
-1
-1
-1
-1
-1
216371828
-1
-1
-1
-1
-1
-1
-1
464355351
97781219
276474648
-1
-1
-1
-1
-1
294149106
-1
571871610
-1
-1
-1
960892549
-1
-1
541278412
665782857
-1
-1
-1
-1
69625369
-1
-1
-1
-1
-1
-1
-1
-1
956239620
-1
-1
-1
-1
-1
-1
-1
-1
-1
-1
-1
929131080
127992479
-1
-1
-1
2029070
-1
-1
-1
-1
-1
-1
-1
-1
-1
-1
-1
-1
-1
-1
-1
-1
-1
937724320
-1
75444487
-1
-1
-1
-1
-1
-1
-1
-1
201596794
366074093
-1
-1
-1
-1
564525605
-1
-1
-1
-1
-1
727109125
-1
-1
507861330
967504135
175861470
-1
70917830
-1
-1
-1
-1
-1
-1
24892012
995755296
-1
-1
-1
-1
-1
43030465
-1
-1
-1
-1
893101299
252759243
-1
-1
-1
-1
-1
-1
-1
-1
-1
-1
274491004
-1
-1
-1
178019969
-1
-1
-1
-1
-1
-1
252862516
-1
12061984
-1
59926821
-1
-1
-1
-1
-1
-1
-1
-1
-1
-1
73605369
430511416
60990419
-1
-1
751217125
-1
-1
183904285
-1
-1
108388995
150066482
-1
896870501
132624405
-1
-1
-1
-1
-1
651564462
-1
414909675
894029486
-1
-1
-1
-1
594754701
188325730
-1
-1
-1
-1
-1
596935699
-1
-1
17167797
354701881
-1
-1
-1
-1
-1
-1
168499736
-1
-1
-1
-1
62537376
-1
872158021
-1
-1
-1
-1
-1
-1
-1
-1
-1
-1
-1
213757764
195639121
-1
471947
-1
-1
734057559
-1
-1
-1
835864237
-1
146672132
900923272
-1
209930994
-1
-1
-1
44000310
-1
-1
-1
45727577
-1
-1
361515911
444702582
-1
-1
-1
-1
-1
396560708
-1
-1
-1
163679947
-1
-1
-1
-1
-1
-1
-1
-1
-1
-1
-1
55796795
-1
-1
-1
-1
-1
-1
-1
-1
789584577
65097590
-1
-1
-1
-1
-1
-1
-1
-1
257640835
-1
-1
473100138
-1
-1
-1
-1
-1
-1
-1
249356449
-1
-1
-1
-1
-1
-1
-1
-1
-1
-1
-1
252476824
-1
-1
-1
-1
780428791
-1
-1
-1
163896601
-1
960511536
-1
-1
-1
-1
-1
-1
-1
-1
-1
-1
-1
-1
-1
951603547
-1
-1
-1
-1
-1
-1
-1
-1
-1
-1
830282823
358381078
-1
-1
-1
517890394
-1
428585366
-1
-1
-1
-1
-1
-1
-1
919048561
-1
-1
-1
-1
-1
-1
461393796
-1
109013596
-1
-1
-1
712216318
-1
-1
-1
45765647
-1
-1
-1
-1
-1
309341526
-1
-1
283361148
744694989
979142322
120638173
-1
-1
-1
-1
-1
-1
-1
-1
327093758
567804690
-1
-1
175356888
-1
830695071
-1
-1
-1
921727334
-1
-1
949720947
-1
-1
-1
-1
-1
-1
-1
-1
227789991
-1
-1
-1
941042592
762290169
-1
-1
-1
-1
598933231
412169565
-1
-1
496278352
-1
292934706
-1
-1
-1
-1
604916129
-1
-1
188313502
58536829
-1
953034594
-1
-1
-1
-1
337318368
661225900
-1
-1
-1
799081728
-1
-1
-1
-1
-1
-1
-1
-1
-1
311136380
-1
-1
-1
50300800
-1
-1
-1
-1
-1
480210240
-1
-1
-1
350292159
-1
-1
148807882
-1
71263457
-1
856177619
-1
-1
537383627
-1
-1
-1
-1
-1
-1
-1
-1
958293117
-1
-1
-1
869388754
-1
-1
563538986
59431714
-1
700115358
-1
-1
-1
229516523
-1
614360117
-1
-1
-1
-1
-1
227874314
-1
-1
-1
889585789
-1
-1
-1
-1
-1
203676039
40734947
-1
73648711
-1
-1
152248500
-1
-1
-1
8747022
-1
-1
856964741
368387075
-1
-1
150146146
-1
-1
253540732
-1
692709392
-1
-1
598155962
-1
960083417
-1
-1
-1
-1
-1
608303177
-1
-1
-1
-1
-1
-1
-1
-1
-1
239886646
577203484
387301378
-1
882785778
-1
-1
-1
-1
677379025
14609445
-1
-1
-1
635414200
-1
-1
739367429
12755289
-1
-1
-1
-1
-1
776413171
-1
-1
-1
748041481
352173157
-1
-1
-1
-1
-1
625125389
-1
-1
83534608
-1
-1
-1
-1
-1
-1
530244545
320743264
171090706
-1
-1
-1
174699735
-1
280956913
799264681
-1
955066861
-1
-1
-1
-1
-1
-1
-1
-1
973209300
-1
377121106
-1
585714528
-1
-1
-1
-1
-1
-1
-1
-1
-1
-1
-1
-1
-1
-1
5693375
-1
-1
491107244
-1
686561414
181589785
-1
686475870
-1
-1
-1
638913479
-1
-1
154315427
-1
-1
-1
454928080
-1
-1
-1
603290411
-1
-1
-1
-1
-1
-1
201629149
-1
-1
-1
-1
-1
412189963
-1
-1
86538620
-1
-1
-1
-1
-1
-1
-1
-1
-1
-1
-1
-1
-1
-1
558265898
-1
-1
-1
-1
-1
-1
-1
-1
-1
991408999
-1
190231015
545190353
-1
-1
263171725
270414470
-1
-1
-1
-1
-1
-1
-1
-1
-1
-1
-1
709292985
-1
-1
-1
-1
-1
-1
-1
-1
208573334
-1
-1
-1
194023579
-1
-1
-1
-1
-1
196630920
410434856
907483918
-1
98448243
235553731
-1
923560355
157259542
-1
-1
326893852
448675134
-1
719113033
-1
58910191
-1
-1
821335582
220181150
351746356
-1
-1
403526657
-1
363226858
-1
121802406
-1
-1
225237571
-1
-1
269681994
-1
336585908
-1
-1
-1
-1
-1
-1
-1
-1
-1
-1
658216530
382892626
767929624
-1
591941548
-1
-1
-1
471871317
-1
741284740
-1
898367263
951192774
-1
846651980
-1
-1
-1
-1
-1
-1
-1
565809803
-1
-1
-1
-1
211194389
-1
-1
-1
291849295
-1
1175805
-1
-1
-1
496988886
-1
-1
868027247
-1
-1
-1
-1
627320591
-1
371076306
-1
406646614
-1
124149659
-1
381725075
-1
458891902
-1
-1
-1
-1
-1
-1
-1
-1
-1
877549056
-1
-1
-1
-1
-1
-1
-1
-1
-1
-1
-1
-1
-1
-1
259391769
-1
-1
-1
-1
-1
-1
-1
-1
-1
756617279
-1
-1
-1
-1
-1
624348631
-1
-1
841874806
19177034
-1
-1
467230785
-1
-1
-1
-1
52650393
305751297
97904653
329179500
-1
-1
-1
-1
-1
-1
-1
557390586
-1
-1
504060671
-1
-1
934940515
-1
-1
-1
-1
-1
-1
-1
510842137
-1
-1
-1
-1
-1
679702042
-1
-1
-1
932498496
623034390
-1
-1
-1
-1
798585402
-1
-1
645389761
-1
-1
-1
-1
96967956
-1
252784209
977398454
-1
-1
-1
-1
-1
-1
-1
-1
-1
-1
-1
-1
-1
-1
-1
-1
180856503
856453127
-1
-1
-1
-1
-1
299748693
824728761
-1
-1
-1
220607145
-1
-1
820233083
-1
980681964
186338701
-1
-1
-1
439191367
-1
-1
560437940
-1
-1
-1
-1
522542641
230849982
646243228
-1
-1
-1
-1
123086364
-1
-1
-1
816741103
-1
-1
446688680
-1
-1
-1
-1
-1
482151702
-1
872542355
-1
-1
201467663
-1
-1
-1
-1
937867926
-1
-1
-1
576863458
-1
-1
-1
-1
307592721
322207064
-1
-1
702701886
-1
-1
-1
166261546
-1
-1
-1
-1
-1
533385810
-1
-1
-1
-1
-1
-1
-1
-1
-1
-1
-1
-1
-1
-1
-1
-1
-1
668588859
-1
591332361
-1
-1
-1
98410690
647124903
-1
-1
693653719
-1
-1
608518994
-1
-1
-1
-1
-1
-1
640832444
-1
-1
-1
-1
-1
-1
595078193
-1
-1
-1
-1
-1
176733783
488681962
-1
-1
-1
-1
-1
-1
-1
-1
642893362
-1
-1
-1
-1
-1
-1
-1
-1
-1
-1
-1
-1
-1
733077478
-1
-1
-1
-1
-1
-1
-1
-1
-1
-1
-1
-1
-1
-1
-1
896980200
-1
-1
-1
-1
-1
619301823
-1
-1
-1
-1
-1
-1
-1
-1
-1
-1
-1
-1
-1
-1
-1
-1
-1
460342516
-1
-1
-1
292021323
881169879
-1
-1
-1
-1
-1
-1
-1
-1
-1
-1
481710235
-1
-1
740526987
-1
-1
-1
-1
-1
-1
208248327
194729403
670437758
-1
-1
-1
-1
-1
-1
-1
36655633
-1
-1
-1
-1
-1
-1
-1
-1
55946418
-1
-1
-1
-1
-1
-1
-1
478845563
-1
-1
-1
-1
-1
-1
-1
-1
933755623
-1
-1
-1
-1
973906568
-1
-1
-1
-1
-1
-1
-1
-1
-1
-1
849237470
-1
-1
690582289
-1
626669771
-1
-1
-1
28951833
-1
-1
-1
395599360
-1
-1
-1
-1
-1
-1
-1
-1
349521376
-1
17209860
-1
-1
-1
-1
-1
22006587
143798329
-1
40448039
849586986
-1
574532933
-1
127073531
-1
-1
383323559
-1
-1
-1
-1
472654006
-1
-1
-1
-1
-1
336720885
-1
-1
-1
457220695
-1
-1
-1
-1
777524172
-1
-1
-1
872336672
960417313
-1
-1
-1
-1
-1
-1
-1
-1
-1
-1
212710615
-1
-1
364899562
-1
-1
-1
-1
-1
-1
-1
-1
205581991
-1
-1
210097168
40250132
-1
-1
813408671
-1
-1
-1
-1
136180395
823360810
-1
-1
-1
-1
-1
-1
-1
-1
3156170
214696646
-1
-1
-1
-1
-1
-1
-1
-1
-1
-1
152409377
-1
322108753
-1
-1
-1
-1
-1
-1
-1
-1
-1
-1
-1
-1
-1
-1
-1
-1
-1
561662703
-1
-1
-1
-1
212603572
210080494
-1
-1
-1
-1
485021286
-1
662151949
-1
-1
-1
-1
-1
-1
876882209
-1
875082289
-1
565042052
-1
-1
7716400
-1
831733231
-1
-1
-1
-1
-1
-1
-1
-1
-1
-1
-1
-1
226095055
-1
-1
-1
323919231
554735500
-1
-1
-1
-1
-1
-1
-1
992819475
-1
-1
-1
-1
-1
-1
-1
-1
-1
246013948
-1
43283692
776691094
-1
11303084
-1
965376140
-1
-1
-1
155077748
-1
-1
-1
-1
-1
-1
-1
828944339
-1
833402013
661244204
-1
-1
-1
933804887
-1
-1
-1
-1
-1
961117836
793497831
-1
-1
-1
-1
-1
-1
364723372
-1
-1
-1
-1
114340154
63535974
-1
-1
-1
-1
-1
-1
-1
-1
173516682
565703404
-1
-1
801758169
-1
-1
75059232
-1
-1
-1
-1
-1
-1
-1
-1
-1
-1
-1
-1
-1
277817756
-1
-1
-1
-1
-1
-1
-1
-1
-1
-1
-1
-1
-1
-1
-1
-1
-1
-1
41944641
58238574
-1
-1
-1
-1
-1
-1
-1
-1
73891800
-1
-1
829374050
557400481
-1
-1
-1
-1
-1
-1
257421054
702263862
54352183
-1
-1
315569613
-1
-1
19106790
-1
-1
-1
675610135
329341430
-1
-1
-1
-1
101798053
-1
96545019
-1
-1
-1
-1
941097935
-1
-1
-1
-1
-1
-1
-1
-1
-1
-1
-1
-1
-1
40187825
-1
-1
-1
-1
-1
-1
-1
-1
-1
-1
-1
-1
186365836
-1
-1
-1
594979830
-1
-1
321646408
40372337
-1
-1
-1
-1
142496163
-1
-1
996361675
674973778
-1
-1
-1
-1
-1
-1
-1
218622603
-1
777171195
-1
-1
-1
-1
-1
-1
-1
-1
-1
930630636
-1
-1
700018443
831455017
-1
-1
-1
-1
-1
-1
764856654
409174748
-1
-1
720896847
-1
-1
-1
-1
-1
-1
-1
-1
897648156
-1
612650954
-1
-1
232373515
-1
-1
-1
-1
-1
-1
84151445
-1
-1
-1
-1
138421358
-1
-1
-1
434144346
-1
830199751
-1
-1
170888303
-1
-1
-1
-1
-1
614086836
-1
-1
-1
61893871
-1
-1
-1
-1
-1
-1
-1
136110417
218638228
-1
-1
-1
-1
-1
466657162
-1
-1
-1
-1
-1
-1
-1
-1
370691415
-1
-1
-1
549368383
-1
-1
229672683
723477509
-1
-1
-1
-1
-1
670339352
61280608
-1
836655732
-1
-1
-1
278517872
842111451
-1
582676983
942868818
134601899
429642092
-1
364480201
-1
-1
-1
-1
37875885
-1
-1
-1
-1
873197142
-1
-1
-1
-1
-1
-1
-1
860736596
-1
-1
-1
345867884
-1
638703821
-1
-1
-1
-1
-1
811157618
-1
-1
-1
-1
-1
169825735
-1
-1
-1
-1
-1
247999183
-1
-1
-1
-1
-1
-1
751302579
-1
-1
-1
-1
-1
-1
-1
-1
-1
-1
-1
-1
-1
758759577
-1
-1
-1
-1
367056644
-1
-1
99131587
-1
-1
175562164
-1
-1
-1
-1
878335400
924502673
-1
-1
-1
-1
185096040
-1
-1
-1
601210284
-1
-1
-1
928882475
-1
-1
-1
529517596
-1
-1
-1
-1
-1
-1
-1
-1
549624987
503889501
-1
-1
-1
-1
-1
593128866
-1
-1
-1
-1
-1
973053760
-1
308214131
-1
-1
-1
636842815
-1
-1
809007985
-1
-1
-1
-1
-1
-1
-1
535447521
-1
-1
127498839
-1
-1
-1
-1
206757883
-1
226928109
-1
-1
-1
26680536
230819758
47763523
-1
-1
733811126
-1
-1
-1
313047226
-1
-1
-1
616918148
-1
-1
-1
-1
-1
-1
-1
-1
650230866
-1
-1
-1
-1
-1
-1
-1
-1
-1
-1
-1
422683362
255786163
891394764
-1
47231430
257467003
696087451
-1
318591423
331408865
-1
434763174
-1
-1
24675020
-1
263302781
-1
-1
-1
-1
-1
-1
-1
269526850
-1
-1
-1
-1
-1
551959048
-1
-1
-1
-1
-1
46371760
-1
-1
836266505
-1
-1
575513159
922139512
-1
-1
-1
328214496
-1
-1
-1
-1
-1
-1
152855874
-1
-1
-1
-1
-1
-1
763509187
-1
-1
-1
-1
-1
690879179
932684961
-1
-1
-1
-1
-1
-1
115746373
873500020
-1
-1
550018560
-1
-1
-1
936588644
-1
-1
-1
20999178
-1
-1
131126656
88887935
-1
-1
-1
-1
-1
-1
-1
623731062
199881119
-1
802097335
-1
-1
-1
-1
-1
-1
-1
-1
-1
-1
-1
-1
-1
-1
-1
-1
-1
999964439
-1
-1
-1
-1
-1
973954026
-1
-1
-1
25342835
-1
-1
-1
-1
-1
-1
-1
-1
463253964
-1
513570389
551708684
-1
332631758
-1
-1
-1
-1
178629182
-1
-1
-1
-1
-1
936446445
-1
-1
-1
636852081
-1
-1
-1
-1
-1
596560332
-1
627846751
28911260
113338191
-1
-1
-1
-1
-1
892939721
-1
279771373
955869045
-1
-1
146068231
-1
-1
-1
-1
951897705
-1
-1
-1
-1
-1
-1
-1
-1
538422215
-1
277946220
-1
-1
-1
-1
-1
-1
-1
-1
-1
944312278
603926517
-1
-1
-1
-1
240691451
-1
-1
556236902
-1
637645197
-1
-1
-1
540163819
913619996
905438444
109678503
-1
-1
-1
-1
-1
-1
-1
228898332
482897237
-1
-1
838347601
-1
-1
-1
643515262
-1
-1
-1
-1
98462128
461657713
-1
-1
-1
896997413
-1
-1
-1
-1
-1
-1
-1
909877393
357319921
72363797
-1
-1
-1
-1
-1
329108558
-1
-1
-1
-1
137017961
-1
-1
-1
-1
-1
-1
-1
75941134
3406322
-1
-1
-1
-1
117864371
-1
371837852
-1
-1
-1
-1
-1
-1
-1
-1
-1
-1
-1
-1
872260762
-1
-1
-1
-1
68967273
-1
-1
-1
-1
707628797
-1
340404915
-1
-1
-1
52135281
-1
781524956
-1
-1
-1
110101779
-1
-1
-1
807805015
-1
-1
-1
955026553
397351010
-1
91004919
-1
-1
900306035
4847923
936164533
-1
-1
-1
-1
-1
-1
401191697
-1
-1
-1
-1
253330923
-1
891167944
531900967
-1
-1
-1
-1
-1
-1
-1
-1
131451013
-1
-1
584284853
-1
992108599
-1
-1
-1
-1
-1
-1
-1
-1
432388603
81525239
-1
-1
600994817
-1
-1
-1
-1
-1
297375386
-1
-1
-1
-1
-1
-1
-1
-1
-1
-1
604598369
389718854
858876027
207366144
-1
-1
-1
-1
-1
316703256
-1
-1
-1
-1
759495216
-1
58097376
-1
-1
66581663
-1
-1
-1
-1
-1
-1
-1
-1
-1
701241931
-1
-1
-1
-1
-1
-1
-1
457735228
131259229
-1
-1
186420437
-1
-1
-1
832440570
567226395
792345503
-1
-1
-1
180436334
171163983
495964611
-1
35036996
-1
270063715
-1
54847256
-1
-1
408972469
88231090
-1
-1
283227551
-1
-1
-1
959470319
436966929
-1
-1
-1
-1
230984314
795956032
-1
-1
-1
-1
-1
95116077
866380594
-1
-1
64535806
11231564
-1
-1
-1
-1
-1
-1
930731374
887422124
-1
-1
-1
-1
-1
365665554
-1
-1
-1
-1
-1
-1
-1
-1
-1
-1
-1
-1
-1
-1
-1
-1
34137425
-1
-1
-1
13416644
-1
93320024
-1
-1
-1
-1
-1
-1
876882436
-1
-1
-1
-1
-1
-1
700569312
772650363
529496036
-1
-1
-1
-1
-1
-1
-1
465757856
-1
-1
-1
419242911
-1
-1
-1
154116767
-1
-1
-1
227452463
-1
763333270
-1
-1
168349731
379232303
-1
-1
-1
-1
-1
-1
-1
168566392
632410102
-1
-1
-1
-1
-1
-1
71771564
516263868
-1
-1
-1
-1
-1
-1
405452499
-1
-1
-1
12505868
-1
-1
-1
-1
-1
-1
-1
-1
-1
-1
921505755
-1
-1
-1
644688543
-1
-1
-1
-1
-1
-1
-1
-1
-1
-1
757218552
-1
-1
597193096
-1
892919326
-1
-1
-1
-1
-1
383901268
57963568
-1
901706542
621634293
746769484
-1
-1
-1
-1
-1
-1
862031874
-1
-1
-1
35355139
341793083
-1
-1
-1
-1
-1
-1
772236358
-1
514954657
-1
-1
-1
-1
207018151
-1
-1
-1
-1
406849279
-1
-1
-1
-1
-1
-1
-1
-1
-1
-1
-1
805659244
-1
-1
-1
-1
-1
-1
-1
-1
-1
-1
-1
-1
50426052
-1
-1
-1
-1
214587729
-1
-1
874440760
-1
-1
-1
-1
-1
-1
-1
-1
-1
-1
-1
-1
742881724
-1
-1
-1
75261537
222772468
-1
-1
-1
-1
-1
-1
-1
-1
-1
-1
-1
-1
488017153
-1
-1
-1
-1
-1
-1
-1
-1
-1
-1
-1
-1
-1
-1
-1
-1
-1
-1
-1
-1
-1
775976125
288897684
-1
-1
-1
-1
-1
-1
-1
696031992
-1
-1
-1
-1
275247434
-1
-1
-1
-1
-1
-1
755473972
-1
-1
-1
-1
-1
-1
-1
-1
-1
816854262
-1
-1
-1
313421308
671633900
