0
15338200
10594113
22357589
12672891
1199863
11530738
140841
10021483
2438391
39307077
14447376
22863190
17104402
379135
1101485
29816460
11653646
19550149
31914787
36932989
59817546
21613332
22373659
2355410
300730
4852907
28209443
23280577
89666
609735056
-1
-1
-1
277967555
-1
-1
-1
-1
-1
-1
277525167
-1
-1
-1
-1
-1
-1
-1
-1
-1
-1
968513228
172273220
34305377
-1
623520762
-1
-1
256465514
-1
-1
-1
-1
-1
-1
-1
516716994
-1
222573207
-1
-1
85789942
-1
-1
-1
-1
223064868
-1
-1
447874158
604516634
-1
-1
-1
-1
-1
-1
-1
-1
-1
-1
-1
-1
-1
643577998
-1
-1
-1
17819570
-1
-1
-1
5338281
342156848
-1
602712025
-1
-1
-1
278864501
-1
590773796
794319685
324848465
59419268
-1
-1
-1
-1
-1
-1
-1
-1
-1
-1
-1
-1
-1
-1
-1
-1
-1
-1
140731417
-1
-1
-1
-1
-1
-1
-1
-1
-1
717963633
-1
-1
-1
489401936
-1
-1
447951044
567639909
890370859
-1
-1
-1
-1
748818427
750909757
-1
-1
754387284
-1
-1
-1
-1
-1
-1
-1
222150429
-1
-1
96396477
-1
-1
440918209
-1
888065439
33954852
-1
-1
-1
634678083
-1
53698449
-1
-1
-1
-1
-1
-1
202306644
-1
825633771
-1
-1
-1
-1
-1
392332577
143527942
-1
-1
-1
-1
-1
3899450
78890938
-1
452388417
-1
-1
65931929
-1
-1
-1
-1
-1
-1
-1
-1
-1
-1
-1
-1
-1
-1
-1
-1
511187209
-1
-1
-1
-1
325178684
-1
-1
610098613
-1
526044306
-1
-1
-1
-1
-1
-1
781542916
-1
92391750
177111820
877481191
368523024
-1
-1
-1
-1
-1
602521962
-1
-1
-1
-1
-1
863142571
-1
-1
158184269
428761315
-1
491570577
-1
-1
-1
-1
-1
-1
-1
-1
-1
-1
225846299
-1
-1
-1
-1
-1
144583577
-1
-1
-1
-1
192148981
-1
-1
-1
51981516
327831968
-1
-1
-1
-1
-1
-1
-1
-1
85059309
-1
62632405
-1
-1
148828530
-1
-1
-1
-1
-1
-1
-1
-1
-1
-1
-1
371846579
-1
-1
-1
-1
-1
220974778
-1
-1
-1
-1
-1
-1
17119415
-1
26637146
763282003
-1
167060734
650518727
-1
43287849
-1
-1
661955901
-1
-1
380055462
-1
-1
-1
-1
824761393
-1
-1
-1
871309046
-1
-1
-1
-1
-1
-1
217688520
-1
-1
438845933
-1
62352897
-1
-1
-1
-1
-1
-1
273532724
-1
-1
-1
-1
-1
908446090
-1
-1
-1
-1
-1
114539512
-1
-1
-1
-1
547204638
361265128
-1
5079449
-1
120594972
-1
-1
-1
-1
-1
-1
-1
-1
-1
551818735
599493762
-1
-1
-1
-1
-1
-1
-1
-1
-1
-1
-1
287542323
-1
629180757
137291089
-1
-1
332703377
-1
-1
-1
-1
-1
-1
-1
-1
-1
-1
-1
-1
-1
-1
-1
-1
-1
-1
492164261
-1
-1
46394520
-1
-1
265947168
-1
-1
-1
-1
-1
-1
-1
55491789
-1
624952680
789725386
-1
-1
-1
-1
-1
182812355
-1
114379883
-1
249320608
-1
266940705
-1
-1
-1
-1
-1
-1
-1
-1
685592157
-1
-1
-1
-1
-1
-1
121443872
-1
-1
-1
-1
-1
-1
-1
-1
-1
-1
-1
-1
-1
-1
-1
560668558
398062984
-1
-1
-1
781034380
-1
261459868
-1
-1
-1
-1
-1
-1
-1
957103813
-1
-1
287428187
-1
-1
-1
-1
-1
400923082
-1
-1
891611648
-1
-1
-1
-1
-1
-1
-1
-1
529731343
282549718
-1
-1
-1
89720199
-1
-1
243270871
-1
-1
-1
277587524
-1
-1
-1
-1
283406959
-1
951253606
-1
17510901
-1
-1
-1
-1
-1
-1
-1
-1
728908992
-1
-1
-1
-1
-1
-1
-1
970087
521439982
-1
-1
-1
-1
437656188
167781919
-1
450944973
-1
-1
-1
-1
-1
-1
605406641
-1
-1
-1
-1
-1
218265570
-1
-1
-1
674846569
-1
89830550
316398571
-1
-1
-1
-1
-1
-1
50979378
-1
-1
-1
-1
-1
643063389
-1
-1
-1
-1
354456918
-1
53733502
-1
-1
-1
49831093
996777230
-1
-1
-1
-1
-1
-1
-1
864863915
-1
-1
-1
-1
-1
116302626
-1
970676051
-1
-1
-1
-1
208583124
-1
402919628
-1
-1
-1
-1
351744463
-1
-1
-1
-1
-1
-1
-1
-1
-1
-1
-1
-1
857999678
-1
-1
-1
-1
-1
-1
-1
-1
-1
-1
-1
-1
-1
-1
398769904
-1
-1
-1
-1
-1
-1
-1
874235464
-1
-1
338533242
-1
846717473
-1
182126446
-1
953865898
-1
-1
-1
-1
-1
-1
-1
-1
-1
-1
-1
-1
-1
-1
-1
-1
270550666
-1
55874374
829062218
720909369
-1
-1
-1
353538446
-1
-1
-1
-1
-1
-1
-1
-1
-1
-1
773422455
-1
-1
525156665
-1
-1
-1
-1
-1
-1
-1
-1
-1
-1
-1
-1
-1
-1
-1
-1
-1
657750434
-1
165292602
-1
983096936
587294781
-1
-1
-1
-1
-1
-1
-1
772085159
-1
-1
-1
-1
226907475
-1
-1
-1
-1
-1
-1
-1
778468057
-1
-1
-1
-1
417799375
-1
130613044
-1
-1
-1
418817692
-1
892852840
-1
-1
-1
-1
564381067
-1
-1
-1
-1
-1
-1
-1
-1
-1
-1
652308600
838541988
-1
-1
-1
-1
-1
-1
-1
-1
-1
-1
-1
704107783
224987022
-1
-1
298345475
-1
-1
-1
-1
-1
-1
-1
-1
-1
-1
-1
-1
-1
-1
-1
437413788
21187512
651505126
579805062
-1
793202240
-1
-1
-1
77320291
-1
-1
-1
-1
-1
-1
-1
-1
935277292
-1
-1
-1
-1
-1
416064114
975660011
-1
-1
-1
332684940
-1
-1
398200284
670109258
-1
-1
-1
-1
610018226
528883817
-1
-1
-1
-1
-1
-1
262155853
265954068
389790490
-1
-1
624150698
191066442
-1
405727998
-1
122588947
-1
-1
-1
-1
669665950
-1
-1
375278376
-1
35342940
577899240
-1
804485810
879775616
516906624
-1
-1
-1
-1
-1
-1
-1
-1
-1
-1
-1
151606882
-1
-1
157829026
898834762
-1
634149730
-1
-1
34455652
942880036
-1
-1
634638035
159871628
-1
-1
617471522
-1
-1
713789948
-1
-1
-1
-1
319283304
-1
-1
274814770
-1
-1
-1
-1
889753514
935021223
-1
435083834
-1
-1
35614296
161993242
-1
288869631
-1
-1
-1
-1
-1
-1
-1
-1
-1
-1
-1
463906084
-1
-1
-1
-1
-1
722333272
-1
-1
435295960
-1
-1
-1
-1
-1
-1
-1
672544951
1570134
-1
478690209
-1
66635520
234564797
-1
57208533
-1
-1
-1
-1
18491036
-1
-1
-1
-1
-1
255805006
-1
-1
-1
-1
-1
-1
904764679
-1
-1
-1
818211776
-1
-1
358111794
-1
-1
258727122
871627466
-1
161093113
-1
-1
-1
-1
339296610
172225055
-1
-1
-1
-1
-1
-1
-1
-1
-1
-1
-1
-1
-1
-1
-1
-1
356535725
-1
878816810
-1
-1
149754003
191914376
-1
-1
207331198
-1
-1
-1
-1
991134513
-1
-1
-1
-1
-1
-1
-1
-1
-1
911286729
-1
519324377
-1
-1
-1
-1
-1
-1
711896104
296266068
728839039
-1
128871420
634147460
-1
-1
232311517
738588084
-1
-1
-1
-1
716877447
-1
-1
-1
-1
-1
-1
-1
-1
-1
-1
479748104
-1
5434973
-1
849127563
-1
428169351
-1
-1
-1
594709929
730732489
-1
582898667
-1
-1
28881585
466422127
-1
-1
135002441
-1
-1
-1
-1
-1
-1
209995831
-1
-1
528617877
-1
-1
-1
-1
-1
-1
-1
-1
380653094
-1
-1
386564764
-1
-1
233228637
-1
-1
-1
476816250
73743494
-1
-1
-1
-1
-1
-1
778623523
-1
-1
-1
-1
-1
711355201
-1
-1
-1
471327992
815677936
-1
-1
-1
-1
-1
16248597
-1
-1
796018535
-1
-1
-1
482772925
-1
-1
-1
-1
-1
-1
-1
-1
-1
175945889
874432732
-1
694051083
-1
-1
-1
-1
736008828
28936774
284531885
-1
-1
-1
-1
-1
-1
-1
460621962
57251126
906414617
-1
-1
884165777
-1
45095358
66360335
-1
-1
-1
-1
-1
-1
-1
833901593
-1
-1
-1
-1
893958631
-1
-1
-1
-1
-1
-1
-1
-1
-1
-1
-1
196481641
-1
519662009
-1
-1
-1
-1
60313837
-1
-1
358491904
-1
-1
-1
137878919
-1
-1
-1
581986616
-1
-1
839240837
727955715
622494820
-1
-1
-1
-1
-1
-1
-1
-1
-1
-1
-1
-1
337697021
-1
-1
45447929
-1
-1
-1
-1
-1
149820833
-1
720605962
-1
-1
243819079
-1
-1
-1
159218959
-1
-1
-1
-1
517348084
-1
-1
-1
-1
-1
-1
-1
-1
393038019
48912390
-1
790988385
360465619
-1
-1
-1
-1
-1
-1
-1
-1
-1
343481009
-1
-1
-1
-1
807920953
-1
212872143
-1
-1
-1
-1
-1
359847792
-1
687333225
-1
-1
-1
-1
-1
-1
42599160
-1
-1
178436863
810373014
-1
-1
615752490
29732705
-1
-1
-1
-1
622240814
-1
-1
913951894
-1
-1
-1
-1
-1
-1
-1
52125910
-1
-1
-1
-1
250564860
-1
-1
-1
-1
-1
-1
-1
-1
-1
-1
-1
-1
-1
-1
271569126
-1
73168110
-1
-1
-1
-1
-1
-1
-1
84769907
600213795
-1
-1
-1
-1
-1
-1
332562153
-1
-1
-1
-1
-1
-1
-1
-1
-1
-1
-1
-1
-1
-1
-1
-1
-1
-1
277552917
-1
799315895
-1
28897237
-1
783073707
625511075
-1
-1
-1
-1
177975786
-1
-1
-1
243918747
-1
-1
-1
-1
-1
17851586
330075211
-1
-1
-1
-1
-1
-1
883897381
-1
-1
-1
-1
-1
-1
313213554
227693079
-1
904845150
-1
67652366
-1
-1
731387384
360218408
-1
-1
-1
-1
-1
-1
-1
-1
-1
-1
-1
907809030
-1
-1
107331683
383213880
30038338
285148494
582406109
-1
-1
-1
426096854
-1
-1
-1
-1
-1
-1
-1
-1
79882649
-1
-1
-1
-1
-1
-1
-1
-1
-1
-1
-1
-1
-1
-1
-1
-1
-1
666271160
857082225
-1
-1
-1
-1
-1
-1
426996499
-1
-1
-1
-1
-1
425077385
-1
-1
-1
70631508
686606853
-1
-1
52054188
-1
-1
-1
-1
-1
-1
-1
-1
-1
-1
-1
-1
-1
-1
86812634
-1
-1
-1
-1
-1
-1
-1
-1
-1
529421615
-1
436323476
-1
362767780
937150693
-1
423001753
-1
196471848
-1
150505821
-1
-1
714620759
-1
-1
680646991
-1
-1
-1
-1
-1
649161116
-1
295583060
-1
-1
-1
-1
-1
-1
-1
-1
-1
-1
-1
800811074
565022720
-1
-1
-1
955271639
696838744
-1
-1
-1
-1
-1
-1
-1
149025195
-1
389523057
-1
-1
764666889
-1
-1
-1
915595967
728364113
-1
504532826
62833750
-1
-1
-1
-1
39834177
-1
-1
-1
-1
-1
-1
869631878
464264924
-1
-1
218038854
225877943
-1
-1
806806866
-1
-1
-1
501683914
-1
89754733
-1
-1
-1
-1
-1
-1
-1
-1
-1
-1
-1
249704562
-1
-1
-1
908903151
-1
-1
-1
-1
171442339
-1
495526636
623737231
-1
638875110
-1
-1
-1
-1
-1
-1
84931788
604388578
-1
-1
-1
187970274
867019468
-1
-1
-1
461355591
817002903
-1
-1
-1
-1
-1
-1
-1
-1
-1
-1
-1
-1
-1
-1
-1
-1
705020881
-1
-1
-1
-1
-1
-1
-1
592354192
-1
-1
-1
-1
-1
-1
-1
-1
-1
-1
-1
-1
-1
161555768
-1
56219850
6390154
-1
-1
-1
-1
-1
-1
-1
63183487
-1
-1
-1
-1
-1
-1
-1
-1
826499917
-1
-1
35347146
-1
-1
11299033
-1
-1
-1
-1
-1
911349697
-1
-1
-1
-1
310457843
-1
-1
-1
-1
-1
-1
212478168
-1
-1
-1
-1
-1
51542668
-1
463055436
-1
-1
47575900
-1
-1
-1
-1
-1
94962106
755280575
-1
-1
-1
-1
317641339
232776849
-1
-1
-1
-1
-1
191932716
-1
843030397
-1
-1
310436310
-1
-1
-1
-1
-1
-1
-1
140065507
-1
-1
-1
301882744
-1
-1
-1
-1
-1
-1
-1
-1
-1
49167745
-1
-1
-1
-1
-1
801282470
-1
-1
-1
-1
845035507
936674382
-1
-1
-1
-1
-1
124415867
6120089
602727812
855321100
-1
-1
-1
-1
-1
-1
-1
850101110
-1
-1
-1
-1
-1
422242576
-1
-1
-1
903278949
-1
-1
526123762
-1
-1
-1
-1
-1
-1
869740569
-1
-1
-1
-1
-1
-1
-1
-1
-1
-1
-1
-1
618963492
939028270
-1
-1
-1
-1
-1
-1
117041246
-1
-1
-1
-1
-1
-1
-1
-1
-1
281208183
-1
-1
194804328
-1
-1
-1
-1
-1
-1
-1
-1
-1
-1
-1
971851640
-1
-1
-1
-1
-1
-1
-1
-1
-1
-1
765924721
-1
-1
-1
-1
-1
490499479
359962105
75646612
-1
-1
-1
-1
-1
287765393
-1
-1
-1
-1
462514766
-1
404363802
-1
83127440
-1
-1
-1
-1
-1
-1
-1
-1
954525929
-1
-1
650156957
-1
725836777
-1
-1
-1
-1
-1
863469000
44442103
-1
150455686
-1
-1
-1
273562555
-1
257794696
820012369
909353311
286675428
100342008
452539601
-1
-1
-1
-1
-1
-1
-1
-1
-1
-1
-1
-1
-1
-1
56945540
-1
803180952
-1
379610600
-1
469807759
-1
305013739
-1
-1
-1
-1
-1
-1
-1
-1
818602898
-1
-1
-1
88827291
-1
-1
-1
-1
549590489
-1
-1
-1
-1
-1
-1
-1
-1
-1
34508786
-1
-1
253367867
-1
430107665
259734729
-1
-1
-1
-1
-1
-1
-1
-1
374454103
-1
-1
-1
323445223
585630657
790033614
-1
-1
-1
-1
-1
-1
-1
-1
-1
-1
942893077
146032535
-1
705574804
795233452
-1
-1
59732829
-1
-1
847456202
-1
-1
-1
-1
-1
-1
-1
-1
-1
-1
195477312
-1
-1
-1
-1
-1
-1
-1
-1
-1
-1
273579035
243719525
-1
-1
-1
-1
-1
-1
-1
-1
315468711
-1
-1
27503182
-1
938071599
41132630
701623216
-1
253341351
-1
-1
908280615
-1
178955486
-1
-1
-1
-1
828482045
-1
-1
-1
-1
-1
-1
-1
-1
-1
-1
715050568
850476094
346151604
698637660
67717706
-1
-1
-1
294682446
-1
-1
-1
378272445
-1
-1
-1
441316424
-1
464702584
-1
-1
-1
960853654
777297443
262224943
-1
-1
340795113
-1
-1
-1
-1
325838452
-1
118793766
-1
-1
897367932
-1
-1
-1
294321545
-1
-1
-1
492519460
62601648
-1
-1
-1
126261502
-1
-1
-1
-1
-1
-1
-1
-1
-1
-1
-1
-1
336932964
-1
-1
-1
-1
-1
195734377
-1
286028711
-1
89557492
678055993
-1
-1
-1
-1
-1
-1
-1
-1
-1
178713419
-1
-1
-1
-1
-1
220643465
-1
-1
-1
-1
-1
-1
-1
-1
-1
-1
374562838
553008641
-1
-1
-1
110530891
-1
-1
797020027
-1
-1
-1
-1
-1
-1
-1
-1
-1
-1
-1
-1
490265299
-1
51244658
-1
-1
-1
-1
-1
-1
-1
-1
735801387
-1
-1
-1
-1
547782039
-1
-1
-1
-1
-1
-1
-1
811776563
-1
-1
-1
104307403
-1
477131581
78270034
-1
-1
-1
168272321
-1
474203275
-1
-1
-1
574520349
-1
-1
-1
-1
-1
-1
133577311
-1
-1
-1
-1
-1
-1
731537034
-1
776995974
-1
-1
-1
333644973
-1
-1
-1
-1
-1
-1
123166088
-1
784212774
-1
-1
-1
-1
-1
-1
-1
-1
-1
-1
247689445
709480533
-1
-1
-1
-1
-1
275651363
960631457
-1
-1
694335905
-1
-1
-1
-1
-1
42232383
-1
-1
-1
-1
-1
35831653
-1
-1
-1
-1
-1
36916531
-1
-1
-1
525981655
-1
-1
868118656
-1
739771094
-1
-1
-1
-1
-1
-1
-1
795871141
-1
-1
-1
-1
124748922
-1
-1
493423954
955190206
-1
-1
-1
858116521
-1
-1
158853624
-1
-1
-1
-1
-1
-1
-1
-1
637268185
-1
-1
-1
-1
-1
-1
-1
32956477
-1
-1
-1
-1
774009365
-1
972904910
392782664
-1
-1
-1
206648412
492842804
598600566
-1
-1
-1
885167680
-1
296110864
691836648
-1
-1
-1
22811341
136342590
-1
-1
-1
525014612
-1
-1
-1
-1
-1
-1
-1
189618515
-1
-1
149251826
-1
-1
557612784
-1
-1
-1
22881019
-1
20350508
-1
649575941
-1
152177839
-1
-1
-1
-1
-1
-1
-1
-1
-1
396562549
-1
-1
-1
-1
190756007
-1
448482722
-1
-1
-1
363397786
-1
-1
-1
-1
-1
-1
-1
-1
-1
642377213
-1
-1
-1
-1
-1
-1
-1
-1
-1
158464388
519403202
-1
775605108
-1
201443440
-1
-1
-1
873946745
714070471
-1
-1
466990628
15127019
-1
-1
-1
-1
-1
132777517
-1
-1
-1
-1
-1
-1
-1
-1
646109109
-1
-1
-1
-1
-1
2111077
986472740
-1
-1
-1
-1
-1
-1
-1
-1
-1
412826017
-1
-1
405468315
226913989
-1
-1
-1
-1
-1
-1
-1
-1
-1
-1
-1
-1
-1
754159326
-1
587176695
-1
-1
-1
880649883
-1
-1
-1
287719014
-1
925055581
-1
650212183
-1
-1
-1
-1
347541087
-1
95790289
-1
-1
-1
-1
-1
-1
-1
-1
-1
-1
-1
-1
-1
718024650
315585829
-1
-1
-1
-1
287426213
-1
-1
-1
-1
-1
356272210
780360660
555870321
-1
-1
-1
-1
115382203
-1
894085178
-1
-1
146368820
689989366
-1
-1
15136287
-1
-1
-1
-1
-1
727820766
-1
-1
-1
719023006
-1
-1
229839936
-1
148582479
-1
558410030
-1
-1
-1
-1
177387874
-1
-1
-1
-1
23725790
-1
-1
340781456
-1
-1
655399429
679233521
-1
-1
-1
-1
217042503
-1
-1
552464057
-1
-1
141126868
-1
352623255
-1
122800614
538928650
-1
-1
-1
806749
-1
-1
94968337
-1
-1
-1
91012296
-1
-1
-1
-1
-1
-1
-1
-1
35520724
-1
-1
-1
857910811
-1
995044862
-1
-1
497595616
-1
-1
325118677
-1
-1
-1
-1
-1
-1
-1
534086580
-1
-1
-1
-1
-1
-1
-1
-1
-1
-1
-1
-1
-1
-1
-1
-1
-1
-1
-1
-1
-1
-1
687339827
671511969
84780423
-1
-1
-1
-1
-1
-1
-1
-1
288089731
937796960
-1
-1
69507648
-1
168595966
39908902
-1
-1
-1
-1
275437759
-1
-1
-1
-1
315865530
456043606
461314749
-1
-1
-1
-1
-1
-1
-1
531165216
-1
-1
-1
-1
-1
-1
-1
101677628
-1
-1
-1
-1
593557982
486373440
-1
-1
-1
-1
-1
-1
-1
-1
-1
-1
-1
-1
-1
514716398
-1
-1
-1
-1
366331906
-1
-1
-1
-1
-1
333686830
-1
123604279
-1
140803859
920050331
850102851
-1
-1
-1
-1
-1
-1
-1
-1
514637477
-1
-1
-1
-1
-1
-1
-1
-1
926118454
-1
735107018
-1
135584838
-1
-1
-1
149549953
-1
-1
-1
-1
-1
368977899
332300108
-1
-1
-1
79458248
-1
-1
-1
-1
-1
-1
-1
-1
-1
-1
922480267
-1
-1
-1
-1
-1
-1
-1
225376268
-1
-1
-1
-1
-1
-1
-1
-1
339134058
-1
38292446
-1
-1
-1
-1
649764049
-1
-1
-1
209502033
-1
-1
-1
-1
-1
-1
702649453
-1
-1
-1
-1
-1
-1
-1
212323774
388286542
-1
-1
441706497
-1
-1
-1
-1
-1
-1
-1
-1
-1
-1
-1
-1
800671767
-1
304019551
-1
-1
-1
-1
749522835
-1
-1
-1
-1
504980237
-1
-1
-1
-1
478639175
-1
-1
-1
609426109
-1
-1
-1
784649926
-1
-1
-1
-1
-1
-1
-1
841793940
-1
-1
-1
-1
-1
-1
388238080
307963608
-1
987502288
72661202
-1
-1
-1
991637707
-1
-1
-1
-1
-1
-1
704450357
-1
-1
-1
-1
581346687
-1
-1
-1
-1
422124339
-1
-1
-1
-1
-1
-1
-1
-1
83931302
-1
58137225
-1
-1
-1
-1
-1
26671825
-1
-1
191901362
-1
-1
-1
-1
-1
-1
-1
-1
-1
534928566
-1
-1
-1
-1
-1
-1
17020679
-1
-1
255449142
-1
-1
-1
469101346
117629672
-1
-1
-1
-1
-1
-1
-1
-1
-1
-1
-1
-1
-1
488310006
-1
163088229
-1
-1
-1
-1
-1
-1
-1
-1
-1
-1
-1
-1
-1
364324165
-1
413914974
-1
540014473
-1
345671801
-1
403587086
-1
-1
-1
-1
-1
-1
-1
105583553
-1
991620317
-1
-1
142184846
-1
-1
-1
-1
653897497
-1
-1
-1
255501809
111107745
-1
693019016
-1
-1
-1
-1
530424928
-1
-1
-1
-1
-1
-1
971171866
-1
-1
633658222
-1
842099088
100426218
151388077
226874800
-1
-1
833702317
-1
-1
-1
-1
-1
736679322
-1
499266265
-1
631381535
-1
-1
252622506
545937079
-1
-1
-1
-1
-1
-1
-1
999237864
-1
-1
-1
-1
986898396
477579016
-1
-1
-1
-1
-1
-1
48525227
-1
-1
-1
-1
-1
-1
-1
-1
-1
-1
-1
-1
-1
-1
-1
-1
157501975
672184574
17279549
-1
-1
-1
233137013
-1
-1
-1
-1
-1
-1
-1
-1
-1
-1
-1
-1
-1
679122067
-1
-1
-1
-1
-1
32888132
-1
842304482
-1
-1
-1
175951879
613372625
-1
-1
794099189
-1
-1
-1
-1
431511583
-1
-1
-1
-1
-1
-1
-1
644376479
737542238
-1
-1
-1
-1
-1
-1
-1
-1
-1
-1
-1
-1
-1
123950187
546976222
-1
-1
-1
-1
-1
592558264
-1
-1
-1
-1
-1
-1
709603596
647819757
-1
-1
-1
-1
-1
233307141
-1
-1
184577127
-1
-1
-1
-1
-1
864600962
-1
450623584
-1
-1
-1
543717604
-1
-1
-1
252487853
-1
-1
9351974
-1
-1
-1
-1
781251637
191364313
-1
514908520
903393864
-1
296755642
52098149
-1
-1
-1
400990316
214249339
-1
286565159
-1
-1
-1
-1
830016157
318906774
865291504
482531406
-1
-1
-1
-1
-1
709537180
-1
993629000
723257787
-1
-1
-1
252573679
-1
-1
230784126
112407855
-1
-1
-1
-1
-1
-1
-1
-1
-1
-1
-1
-1
924551868
-1
-1
510933635
33160020
-1
-1
-1
45836253
-1
-1
-1
-1
-1
-1
-1
-1
-1
-1
408504538
-1
-1
599737085
-1
-1
-1
604988164
-1
-1
-1
-1
-1
-1
-1
-1
620836257
229978739
-1
-1
212238216
-1
-1
9134951
-1
388995995
809888707
-1
-1
-1
-1
-1
839184313
-1
-1
-1
-1
-1
-1
-1
247659291
209641305
-1
-1
-1
-1
-1
-1
-1
23134578
288356002
-1
-1
-1
-1
-1
-1
213965460
-1
-1
-1
-1
-1
169943211
-1
-1
-1
251264681
-1
-1
-1
-1
-1
227651938
-1
-1
-1
-1
-1
-1
-1
-1
898808559
-1
-1
-1
-1
-1
327170145
-1
-1
-1
-1
700958861
770572943
-1
690941342
335813861
-1
-1
-1
-1
-1
-1
452099607
-1
412401201
-1
-1
-1
-1
31835899
-1
-1
-1
-1
892642793
115243148
285117529
-1
-1
-1
30735618
-1
-1
-1
-1
-1
-1
326740860
-1
-1
50132612
-1
104253376
268535926
277274800
-1
-1
-1
-1
253962341
-1
-1
-1
-1
526616231
-1
591009807
-1
-1
-1
8476987
-1
-1
-1
713435107
-1
-1
-1
-1
-1
568304238
-1
-1
-1
-1
-1
-1
-1
-1
-1
913673766
-1
-1
-1
-1
-1
939500691
48349171
-1
-1
-1
-1
-1
-1
-1
162007398
-1
-1
-1
-1
-1
-1
-1
-1
-1
-1
-1
-1
-1
-1
-1
173259540
-1
-1
-1
-1
-1
-1
266175272
-1
119581876
-1
-1
751357318
844766250
-1
572053551
983974831
-1
-1
81152852
-1
-1
-1
-1
-1
-1
-1
215600198
-1
-1
8199325
-1
-1
-1
851603004
-1
-1
-1
-1
-1
-1
-1
820919440
-1
-1
-1
-1
-1
-1
-1
-1
109686506
-1
450886215
-1
-1
-1
-1
-1
-1
-1
53561438
-1
-1
725007608
-1
-1
-1
-1
-1
-1
-1
-1
-1
825711453
-1
-1
-1
-1
-1
360728298
-1
433039038
-1
-1
-1
-1
-1
881069282
-1
-1
817607121
-1
-1
-1
-1
-1
-1
3490961
-1
-1
-1
-1
200126812
-1
-1
475578150
-1
-1
-1
-1
-1
206049685
-1
-1
-1
-1
-1
-1
-1
-1
-1
-1
-1
-1
-1
-1
-1
-1
279559734
165793685
471070362
462361016
-1
441287818
-1
686201803
-1
195335448
795776959
-1
-1
-1
-1
639790761
-1
-1
235836025
588206484
-1
-1
-1
-1
-1
-1
-1
-1
-1
-1
-1
-1
-1
386492995
-1
267615081
-1
-1
-1
-1
493086536
955483972
364961448
-1
532131640
378650450
-1
-1
491256748
-1
-1
-1
-1
-1
-1
-1
-1
-1
29001635
-1
-1
-1
431182345
169134216
560767679
-1
-1
198670858
-1
-1
698504808
735370102
-1
956372739
-1
-1
459027591
124264410
-1
-1
-1
456533696
-1
-1
-1
-1
373934518
650753989
-1
138823220
-1
-1
-1
-1
228588532
-1
-1
-1
-1
690025089
-1
-1
-1
-1
-1
-1
-1
-1
547988853
33659986
-1
-1
-1
-1
338820619
641413387
-1
-1
-1
88414294
-1
-1
471047014
-1
-1
-1
-1
-1
-1
989033556
-1
158865677
-1
-1
-1
-1
328463775
-1
-1
-1
65833395
-1
-1
-1
550694714
598046191
-1
-1
-1
738363786
-1
-1
53595108
-1
-1
505845430
401870136
751165594
-1
250217445
31681398
-1
-1
-1
266389350
-1
-1
-1
209138163
-1
-1
-1
-1
-1
-1
-1
-1
218168071
-1
185313353
-1
-1
-1
-1
-1
88012278
-1
77354648
-1
184746969
713736256
357059121
-1
-1
-1
-1
-1
-1
-1
-1
158592137
-1
43005953
-1
-1
-1
-1
-1
-1
713725797
-1
-1
-1
-1
-1
-1
878663974
-1
-1
-1
-1
-1
-1
255976211
-1
-1
481747026
-1
506648015
-1
544149701
-1
-1
-1
706538488
-1
-1
-1
-1
-1
-1
-1
5100728
-1
-1
-1
971776761
-1
-1
-1
-1
-1
72275517
-1
-1
-1
-1
-1
60822286
-1
-1
-1
-1
-1
-1
-1
-1
-1
168481127
551010109
-1
-1
-1
-1
-1
143200466
587983398
-1
-1
-1
-1
-1
-1
-1
-1
140794878
-1
-1
-1
-1
-1
-1
-1
494092396
-1
810386232
-1
-1
-1
-1
98631000
-1
-1
967327654
423519018
-1
-1
-1
827819882
-1
-1
-1
-1
-1
-1
-1
923519971
-1
-1
-1
-1
466458887
807353394
-1
-1
-1
653148895
-1
-1
449773002
90800706
-1
-1
-1
-1
-1
20865380
-1
-1
-1
-1
-1
-1
359305330
243154109
-1
-1
-1
-1
-1
-1
-1
-1
492308142
-1
-1
-1
-1
10720895
-1
-1
-1
83073306
-1
-1
50011734
-1
-1
-1
-1
-1
-1
75997271
523335380
-1
-1
-1
-1
738645142
-1
379958560
-1
528328583
-1
-1
-1
419093004
-1
-1
343648742
-1
116474981
-1
-1
550431392
-1
-1
-1
-1
-1
-1
405762155
-1
-1
626780784
-1
-1
-1
886419634
-1
-1
-1
-1
-1
-1
-1
-1
-1
-1
-1
-1
797531129
-1
23153307
-1
496611238
-1
-1
-1
-1
-1
444773926
-1
-1
710993193
-1
429976074
-1
147528381
-1
-1
-1
-1
-1
-1
-1
-1
-1
-1
-1
-1
417792861
-1
341658798
-1
-1
-1
-1
132652194
289697404
-1
-1
231005787
514580806
-1
-1
752609407
-1
-1
-1
-1
875029165
-1
-1
89663272
-1
-1
-1
-1
408955375
-1
-1
843859602
-1
-1
20026265
-1
-1
246620
-1
236593324
-1
177384469
929926131
-1
-1
23342757
-1
-1
517293154
195096208
-1
366842889
-1
915294888
-1
521514713
-1
-1
-1
364127335
283731854
-1
-1
456875924
-1
-1
-1
-1
555223313
-1
668734691
-1
-1
-1
-1
310463919
-1
-1
-1
-1
-1
248620681
238974789
219931151
-1
-1
-1
-1
-1
764152873
-1
-1
-1
-1
-1
931746595
300172849
970403238
510220611
-1
-1
-1
-1
566640822
-1
187856223
9610797
-1
-1
-1
-1
-1
-1
-1
-1
112329762
-1
-1
-1
231090749
273136419
-1
255314883
849690240
-1
617185830
-1
545239091
445468110
-1
-1
-1
-1
38882339
271254878
-1
-1
-1
-1
-1
-1
975157009
71337642
-1
-1
-1
-1
-1
-1
-1
391047637
-1
-1
-1
-1
-1
948393070
418539736
906739144
-1
-1
-1
-1
320975191
-1
-1
-1
-1
-1
-1
-1
-1
96176241
-1
-1
-1
-1
-1
867860087
-1
-1
-1
-1
-1
-1
-1
-1
901402799
284325385
-1
220921722
-1
667439931
-1
-1
-1
896674833
-1
-1
-1
-1
-1
-1
-1
-1
-1
-1
-1
-1
159857363
437672314
-1
-1
-1
-1
-1
-1
315140958
-1
-1
597252597
-1
-1
683138119
-1
-1
-1
-1
-1
-1
-1
-1
-1
-1
-1
86712498
-1
73386379
368515843
890095710
-1
-1
-1
753316725
-1
-1
160404440
-1
-1
-1
-1
119548241
444991245
-1
-1
-1
-1
-1
292138872
-1
-1
-1
-1
123832816
518338396
-1
-1
-1
283317492
-1
-1
298745019
-1
-1
-1
-1
-1
-1
864825527
567002186
-1
-1
-1
-1
-1
-1
-1
-1
21885977
308501536
452345173
983847774
505709037
-1
-1
826805099
-1
-1
-1
-1
364556744
-1
846544059
-1
-1
-1
742263990
-1
-1
-1
770849473
179857848
-1
-1
253968007
-1
212202391
-1
-1
-1
462072097
866554307
-1
-1
-1
308874463
-1
-1
-1
-1
-1
-1
969905258
911964723
-1
866921457
95087066
-1
-1
-1
-1
777744050
-1
-1
-1
-1
237914770
275351176
-1
-1
843764718
-1
-1
-1
173732818
-1
679679477
-1
-1
-1
-1
-1
-1
-1
-1
-1
26637826
-1
875463657
-1
-1
-1
10663802
-1
-1
-1
-1
-1
-1
-1
820979215
-1
386420589
-1
-1
-1
-1
-1
233282596
-1
-1
-1
-1
-1
-1
7527875
76697095
-1
-1
-1
-1
-1
284995082
-1
-1
33161260
-1
-1
-1
-1
-1
-1
-1
-1
-1
-1
-1
-1
-1
-1
-1
-1
731033470
-1
-1
-1
-1
-1
-1
479903845
-1
-1
-1
770299307
-1
-1
-1
-1
-1
-1
-1
-1
-1
-1
-1
357781901
-1
625628431
-1
-1
-1
350906698
312862002
-1
-1
-1
-1
404684716
-1
-1
-1
930989209
459342511
-1
515292458
-1
-1
-1
-1
-1
-1
-1
-1
-1
771689525
-1
737021155
-1
426082013
880617
-1
-1
-1
-1
-1
165800641
-1
-1
-1
896745821
-1
-1
-1
-1
-1
843226678
-1
421625190
-1
-1
-1
-1
-1
-1
-1
-1
-1
-1
-1
-1
-1
-1
-1
-1
-1
-1
-1
-1
58899710
-1
-1
-1
-1
587304065
-1
-1
-1
-1
206470755
-1
-1
-1
259317262
-1
-1
-1
341085452
-1
-1
-1
-1
-1
-1
-1
-1
197115639
334880042
-1
-1
-1
332177121
846139847
-1
-1
-1
-1
674167846
-1
835527070
-1
790218493
-1
-1
156430342
-1
300487595
-1
-1
737335273
931880867
14689398
725066473
-1
-1
631618293
-1
-1
-1
-1
-1
-1
-1
-1
-1
527579194
-1
-1
-1
16277579
-1
-1
-1
57830963
638347232
667461427
-1
-1
-1
-1
85496801
449442945
-1
-1
-1
-1
-1
-1
722728363
-1
-1
-1
-1
-1
-1
-1
-1
-1
-1
706096478
-1
-1
-1
591043192
747728554
-1
-1
29236938
-1
-1
2856047
-1
-1
-1
-1
-1
-1
-1
-1
-1
-1
-1
-1
-1
-1
-1
-1
61769861
-1
-1
-1
395919153
-1
-1
505882063
656753081
-1
-1
-1
-1
35429826
63456298
-1
-1
-1
-1
-1
-1
-1
-1
-1
-1
914458972
-1
-1
-1
-1
-1
-1
-1
-1
-1
-1
-1
-1
162369863
861675433
-1
-1
-1
-1
-1
-1
-1
818500478
-1
983245791
-1
680456516
-1
445031517
-1
-1
-1
-1
53676873
-1
-1
-1
-1
315674020
-1
821272279
-1
-1
-1
-1
-1
-1
202703164
711835418
-1
235824677
-1
164670722
267206383
-1
756203501
-1
-1
-1
-1
-1
423457770
538938094
-1
-1
637511909
-1
-1
-1
-1
-1
159631490
-1
803228258
181777280
-1
-1
-1
-1
995055950
-1
-1
285859927
-1
-1
-1
448688272
800458284
-1
-1
213989063
688248890
-1
-1
-1
-1
145386896
29822380
-1
-1
-1
-1
218675572
-1
-1
-1
-1
-1
-1
-1
-1
-1
374305684
-1
-1
-1
