0
12144946
1690197
87662058
19096435
12975567
31153684
9186349
32279421
7508429
9974187
71989343
14380072
186205745
47607898
105979646
18211395
11199731
15843672
48482314
18918150
4197393
11923635
37946320
6693783
6265716
4659455
17234265
13856068
35888611
-1
-1
-1
-1
-1
-1
-1
-1
-1
-1
439710871
154982986
-1
111559716
-1
-1
905231150
202786012
-1
-1
-1
366306207
-1
945473269
-1
-1
-1
-1
-1
-1
-1
-1
-1
-1
307717241
945475270
-1
93855864
-1
355232771
834729926
-1
-1
-1
-1
-1
400778923
-1
-1
-1
-1
-1
-1
-1
-1
-1
-1
-1
376590230
-1
527486610
-1
-1
-1
-1
108179924
-1
-1
-1
-1
-1
166689356
-1
-1
-1
500313081
-1
-1
38356194
787341757
-1
-1
-1
707807777
-1
210323034
-1
-1
876865284
-1
-1
490109859
-1
197899424
-1
-1
-1
-1
-1
205112821
-1
-1
-1
-1
-1
-1
-1
445312982
-1
-1
-1
-1
-1
-1
-1
-1
-1
807636950
-1
-1
-1
292806617
-1
19538947
-1
-1
-1
-1
-1
-1
-1
-1
-1
166670426
-1
19360113
-1
981256374
-1
-1
661921946
-1
-1
-1
-1
-1
-1
-1
-1
739178604
820778472
-1
-1
-1
-1
-1
-1
-1
-1
691341136
26238325
-1
-1
765177637
-1
-1
764135887
184715131
-1
-1
-1
-1
187251981
-1
-1
-1
-1
464947245
-1
-1
-1
425819918
-1
-1
184343377
-1
200977273
-1
-1
591826036
-1
-1
-1
970109276
-1
-1
-1
-1
224205466
466880437
-1
-1
446079409
-1
918796523
-1
-1
-1
-1
805582611
864660576
651338628
-1
35606502
559364467
341054088
-1
-1
195708559
-1
-1
-1
-1
-1
-1
-1
139340467
892527934
-1
-1
-1
-1
312466830
-1
114688958
138463222
6702112
-1
-1
-1
-1
-1
-1
654693531
-1
287679382
458708756
-1
-1
-1
-1
445469140
-1
-1
-1
-1
-1
-1
-1
-1
-1
-1
-1
-1
-1
-1
-1
-1
-1
-1
-1
-1
-1
745179726
-1
-1
-1
-1
576206949
-1
-1
-1
-1
-1
-1
-1
-1
-1
290498108
-1
-1
553325262
-1
-1
-1
-1
-1
-1
-1
-1
-1
-1
-1
-1
-1
-1
41643729
-1
-1
-1
-1
80936007
43825736
-1
-1
855789511
678796379
320551874
-1
-1
-1
158771618
-1
-1
261585958
-1
15482759
-1
-1
-1
-1
-1
-1
934567412
793263804
68964182
-1
397321923
-1
-1
-1
859576924
406164501
-1
825341305
-1
237640068
-1
303125129
663034894
-1
-1
-1
-1
-1
-1
-1
-1
-1
51410569
-1
-1
323143060
-1
830741579
-1
233455806
-1
415395920
-1
434823240
-1
-1
-1
-1
-1
914294073
-1
-1
-1
-1
-1
-1
314406303
-1
-1
-1
-1
279156683
-1
-1
-1
551257069
268149251
-1
-1
-1
-1
-1
-1
-1
270630683
-1
-1
-1
-1
-1
-1
-1
97720235
145860932
-1
-1
-1
135170399
-1
-1
-1
514585593
405503739
-1
-1
-1
-1
-1
-1
492366909
-1
-1
-1
-1
-1
-1
725255220
-1
-1
-1
-1
-1
-1
-1
-1
-1
540171780
-1
-1
422826763
-1
782481463
-1
-1
635716929
-1
-1
-1
-1
-1
-1
-1
-1
842890901
-1
-1
-1
-1
-1
9058163
329574937
-1
-1
841078539
140611802
-1
-1
-1
-1
-1
436939686
-1
243026252
-1
-1
-1
-1
-1
624422428
273078982
-1
-1
127723308
-1
-1
157525125
-1
-1
-1
-1
-1
372900562
-1
-1
452240002
-1
-1
743270578
-1
-1
-1
-1
20755200
188804121
-1
43645521
396270355
279397015
-1
-1
185242385
-1
388490949
-1
-1
-1
-1
-1
-1
-1
30953530
-1
-1
-1
62639140
33121290
-1
-1
-1
-1
-1
-1
-1
761457489
-1
-1
314521173
8557524
153784734
-1
-1
-1
-1
905084453
-1
-1
-1
-1
-1
-1
-1
-1
-1
-1
-1
-1
-1
-1
-1
-1
-1
-1
-1
944365977
363046254
-1
-1
-1
625238645
716178770
746142170
-1
-1
-1
-1
-1
76707289
-1
-1
-1
-1
133517376
-1
-1
-1
-1
834159826
-1
-1
-1
-1
658834641
-1
-1
-1
-1
-1
500345600
852784945
982674342
-1
-1
-1
482969439
-1
-1
-1
-1
-1
489961156
-1
-1
-1
-1
-1
-1
259177642
-1
-1
-1
90672950
-1
-1
-1
-1
460447063
-1
164553811
-1
-1
-1
-1
-1
-1
-1
416848246
821802280
-1
-1
-1
752087353
-1
-1
-1
365161328
-1
451829486
-1
-1
-1
-1
-1
-1
-1
-1
106782138
-1
-1
-1
-1
-1
-1
-1
657711292
-1
464978115
-1
-1
751758281
-1
-1
-1
249318755
-1
-1
-1
-1
423409341
-1
-1
550675887
-1
511972818
-1
-1
-1
-1
-1
306876569
10131030
-1
-1
-1
738272730
-1
51227899
-1
-1
-1
-1
-1
-1
-1
-1
-1
-1
-1
-1
-1
807625624
-1
-1
-1
-1
-1
-1
-1
310280185
724399009
-1
203416415
-1
352459423
346514331
391873948
-1
-1
-1
613611778
-1
-1
-1
-1
-1
744445338
-1
-1
-1
-1
-1
-1
993963452
566898067
391695518
-1
-1
885838761
-1
-1
-1
-1
-1
630376024
-1
-1
-1
-1
729018496
-1
-1
-1
-1
-1
-1
-1
-1
-1
978588731
-1
-1
249353140
25510753
-1
-1
-1
-1
-1
-1
889658660
-1
-1
-1
-1
-1
-1
-1
-1
-1
-1
222246519
-1
-1
-1
-1
-1
-1
-1
-1
-1
-1
-1
52280252
-1
-1
-1
-1
-1
262778605
-1
-1
-1
-1
634396974
39070250
-1
-1
-1
-1
-1
-1
-1
68175102
-1
-1
671164855
-1
-1
47018741
-1
-1
-1
-1
-1
744995914
-1
-1
744515943
605298890
-1
-1
-1
-1
-1
621913751
-1
-1
-1
177522832
-1
-1
-1
806686407
730627420
-1
-1
237129863
-1
301084179
-1
-1
-1
-1
-1
-1
-1
-1
51004386
-1
589268214
203554417
737198321
498903351
-1
-1
87983013
-1
872025752
-1
-1
700004050
-1
-1
-1
-1
-1
-1
-1
-1
-1
-1
425367658
-1
-1
-1
-1
-1
263025076
-1
140454010
-1
-1
713935124
-1
-1
843769811
315006260
-1
-1
-1
-1
772814129
-1
495660036
368206272
-1
313859447
-1
646905012
-1
-1
-1
-1
100219362
433465838
648841713
-1
707060290
-1
-1
-1
415276362
-1
-1
403484132
-1
380433485
-1
-1
-1
-1
-1
-1
-1
-1
788035710
560628115
-1
-1
386744146
-1
-1
-1
-1
-1
-1
647418797
-1
-1
-1
-1
-1
211838662
-1
599978865
-1
-1
340120290
-1
-1
-1
-1
-1
-1
-1
126948896
-1
-1
-1
-1
-1
-1
-1
-1
57126402
-1
-1
-1
-1
-1
-1
69229531
-1
552049883
-1
-1
-1
-1
-1
-1
-1
-1
220801486
-1
414332023
-1
-1
-1
-1
463554826
-1
-1
-1
-1
-1
-1
245864677
625372155
-1
-1
244902213
-1
-1
-1
-1
-1
-1
-1
-1
-1
-1
-1
-1
-1
-1
-1
-1
-1
-1
-1
-1
731645169
-1
82133917
-1
-1
370063694
-1
712486870
-1
-1
-1
-1
-1
-1
-1
-1
710742918
-1
133868194
-1
-1
-1
-1
-1
-1
-1
599813008
-1
-1
-1
-1
-1
46414523
-1
-1
-1
-1
-1
-1
-1
-1
-1
-1
981819413
-1
-1
-1
-1
-1
-1
-1
-1
-1
245854757
458261892
-1
-1
-1
-1
431388371
-1
-1
-1
-1
-1
-1
-1
-1
-1
435851704
893933293
-1
-1
-1
-1
-1
-1
235098138
179171868
-1
869385097
-1
901097920
-1
358700194
-1
-1
-1
-1
-1
-1
-1
737344659
-1
-1
-1
-1
89459174
-1
200355647
-1
-1
-1
-1
-1
423069468
-1
246074386
-1
-1
-1
-1
82542251
-1
292162802
-1
-1
-1
206966441
-1
707132280
-1
-1
-1
-1
-1
-1
-1
-1
-1
-1
-1
263343327
64718316
153061300
-1
157730463
-1
54104207
-1
454801433
-1
6421576
-1
497859435
-1
-1
-1
-1
683677386
-1
-1
-1
-1
-1
-1
-1
754044843
843374164
-1
-1
-1
127811094
-1
-1
-1
-1
-1
-1
593228397
3631639
623150205
-1
-1
-1
-1
-1
-1
-1
577521839
-1
-1
-1
671696904
832695638
-1
526883248
-1
-1
-1
985846629
-1
-1
-1
-1
-1
-1
-1
-1
-1
-1
-1
-1
-1
278130344
-1
261976354
-1
-1
-1
-1
-1
-1
-1
761050501
-1
458710536
-1
-1
81794779
472643188
-1
-1
-1
196436197
-1
152988667
-1
-1
-1
-1
367830689
-1
-1
-1
-1
-1
914458417
-1
-1
-1
-1
-1
645823307
-1
846765505
690300907
-1
-1
-1
-1
-1
-1
-1
-1
-1
-1
853115948
-1
-1
61127640
-1
-1
-1
277709272
-1
-1
-1
-1
-1
-1
192558690
-1
-1
-1
-1
286513405
-1
629117303
-1
-1
-1
-1
-1
-1
205098585
-1
-1
-1
-1
-1
-1
-1
-1
-1
627391888
-1
448975145
-1
148394751
-1
-1
-1
-1
-1
-1
183407140
-1
-1
-1
-1
-1
-1
-1
-1
-1
-1
-1
-1
-1
-1
111953186
-1
-1
-1
-1
-1
-1
-1
-1
327817600
-1
-1
-1
-1
-1
-1
28363206
-1
-1
-1
-1
-1
865403144
24836288
78060980
-1
-1
-1
-1
-1
-1
-1
415123958
-1
-1
-1
-1
-1
-1
-1
317223280
-1
801633783
71339038
971130600
-1
-1
-1
-1
970413952
-1
-1
-1
-1
705259843
-1
-1
158485389
-1
-1
-1
-1
-1
-1
-1
-1
-1
-1
-1
-1
-1
-1
-1
-1
-1
-1
-1
559825105
-1
-1
-1
214046855
546863544
-1
-1
-1
-1
-1
-1
-1
-1
666610725
-1
-1
-1
-1
632444318
-1
-1
138490080
253413948
667353941
-1
-1
620013227
-1
-1
-1
-1
-1
-1
-1
-1
-1
-1
214643306
498527158
-1
588477885
-1
837980597
698724914
-1
-1
-1
-1
-1
-1
-1
-1
-1
-1
-1
22174618
-1
-1
392437094
-1
-1
-1
-1
-1
-1
-1
-1
-1
-1
-1
808172152
838439556
615580197
375615247
168928441
-1
-1
-1
-1
739591157
-1
-1
-1
-1
-1
-1
-1
-1
31537813
-1
-1
-1
-1
-1
-1
-1
709598296
-1
-1
-1
-1
-1
-1
592356109
-1
-1
-1
-1
-1
684594143
-1
-1
704375866
-1
-1
-1
-1
-1
-1
-1
62406225
-1
-1
-1
-1
-1
-1
541144472
433915423
-1
-1
-1
-1
-1
784577727
-1
-1
-1
-1
-1
-1
48751323
-1
-1
-1
-1
-1
-1
-1
-1
-1
-1
-1
421073763
168602980
-1
-1
-1
-1
-1
8751501
-1
-1
-1
-1
821211444
-1
-1
-1
-1
-1
-1
507472068
757777587
-1
-1
-1
-1
-1
-1
-1
740789662
-1
-1
324038536
-1
-1
-1
-1
-1
-1
-1
-1
-1
-1
-1
-1
-1
-1
-1
-1
-1
858270829
609812828
-1
812064829
784013416
-1
766792126
-1
-1
-1
-1
-1
-1
247054251
134849040
-1
501805348
-1
-1
297864714
-1
-1
-1
-1
-1
-1
-1
-1
-1
-1
-1
887029491
723702136
-1
-1
212417132
-1
474381322
-1
-1
-1
-1
-1
-1
-1
-1
-1
648863427
901160947
-1
-1
-1
-1
-1
-1
903804478
-1
-1
-1
-1
-1
93340437
180178140
-1
522098331
54593327
-1
-1
-1
-1
-1
-1
-1
-1
-1
985975246
305174313
-1
623844400
-1
28959491
-1
-1
-1
718191534
-1
3036000
-1
247685751
-1
-1
417286260
-1
-1
494534933
-1
533391809
-1
-1
767466745
-1
-1
-1
-1
-1
-1
-1
-1
-1
-1
-1
-1
-1
-1
-1
-1
465474369
-1
-1
-1
-1
-1
-1
-1
-1
-1
-1
-1
281398693
-1
257598241
-1
-1
-1
-1
-1
-1
485080753
-1
667416535
-1
178222776
-1
614895041
-1
-1
-1
-1
-1
295278102
-1
58926160
798374789
-1
-1
-1
-1
-1
-1
866333742
-1
-1
364938489
-1
209876904
-1
-1
-1
166901681
-1
150218712
-1
905570117
165472878
-1
188653479
862565017
441924597
-1
-1
945928560
-1
-1
305584219
-1
-1
-1
188353249
-1
447042790
-1
-1
-1
-1
926918147
853192855
-1
-1
739555344
200586134
-1
43428357
101404815
-1
82009875
-1
157398494
-1
-1
145683837
-1
-1
-1
-1
-1
-1
-1
524726492
-1
-1
595872052
-1
438098398
-1
-1
236557017
-1
-1
-1
-1
-1
295864717
-1
-1
-1
-1
-1
-1
-1
-1
-1
-1
-1
-1
-1
-1
-1
759462730
-1
-1
-1
-1
-1
639662204
465108399
-1
647012752
-1
241396272
-1
-1
-1
951838447
-1
-1
540627660
-1
-1
-1
536635412
-1
-1
-1
-1
-1
-1
137953034
107188216
-1
-1
-1
-1
-1
917669501
-1
-1
-1
-1
-1
191019959
-1
-1
67863701
-1
-1
-1
782405987
-1
-1
-1
607152872
-1
-1
-1
706064514
446011628
795339705
-1
-1
-1
798203494
-1
-1
-1
-1
303330466
597669001
296694080
-1
-1
-1
-1
58673833
-1
983919824
-1
-1
-1
-1
-1
-1
102886475
187542098
-1
-1
663993858
-1
-1
916739698
-1
-1
-1
-1
-1
805319578
-1
-1
-1
-1
-1
565364357
-1
-1
158184498
-1
-1
7271992
-1
-1
-1
186564941
-1
-1
-1
-1
-1
-1
-1
-1
-1
-1
-1
164260383
-1
-1
25377348
-1
-1
-1
-1
-1
294803622
-1
-1
-1
-1
-1
-1
-1
-1
-1
-1
5294280
-1
-1
153350851
-1
916063416
-1
-1
-1
-1
-1
-1
-1
-1
294631572
-1
-1
-1
-1
129280255
-1
-1
-1
-1
254766866
187509430
757656514
-1
-1
-1
-1
-1
-1
-1
395999791
63411693
-1
-1
-1
-1
-1
61220688
-1
-1
343503318
-1
263498309
296658099
918988239
978867198
-1
-1
-1
-1
-1
-1
559229795
87195905
-1
-1
-1
-1
317583905
-1
-1
-1
-1
-1
-1
-1
600114063
-1
-1
-1
-1
-1
-1
182678973
418846687
-1
-1
-1
-1
-1
-1
-1
-1
-1
-1
873979837
-1
299213396
-1
-1
-1
930877618
740630029
-1
-1
-1
-1
-1
-1
-1
-1
612229982
-1
-1
-1
-1
382052919
920235205
573825855
-1
-1
-1
-1
-1
614040939
796445234
-1
-1
428138086
372814017
-1
-1
-1
-1
-1
749707208
-1
-1
-1
-1
-1
-1
-1
-1
-1
-1
-1
-1
373954239
-1
-1
-1
160007235
-1
-1
-1
-1
143867533
-1
-1
-1
-1
-1
-1
-1
-1
-1
946533265
697219861
-1
577984871
117347005
-1
-1
-1
-1
-1
-1
-1
-1
19243571
-1
-1
-1
-1
16852385
-1
660620618
-1
23741111
-1
361433306
276610398
-1
-1
-1
-1
-1
513048672
-1
-1
-1
-1
-1
-1
-1
-1
275705933
-1
-1
-1
-1
-1
194312818
-1
-1
-1
-1
-1
105480988
-1
-1
-1
-1
-1
-1
-1
-1
-1
-1
-1
-1
-1
-1
-1
-1
279636078
-1
-1
-1
778523283
611203542
231293962
-1
-1
-1
-1
488340701
310690994
-1
-1
-1
-1
-1
158919746
-1
-1
-1
-1
818103625
-1
-1
-1
448869870
-1
-1
208653437
-1
-1
-1
-1
-1
915318187
-1
-1
-1
-1
-1
-1
884644101
862130082
-1
-1
-1
-1
826946441
-1
-1
-1
-1
-1
416169682
895287970
258695773
-1
-1
-1
-1
67446349
22236151
-1
-1
-1
-1
-1
-1
-1
-1
-1
-1
-1
-1
-1
-1
-1
-1
328054207
-1
-1
-1
-1
-1
584390169
743621294
-1
-1
-1
42515991
-1
-1
-1
-1
-1
-1
-1
-1
-1
534297303
-1
-1
-1
-1
-1
440058104
-1
-1
-1
-1
-1
-1
-1
-1
-1
-1
707738172
-1
-1
-1
102035782
676990671
675280195
-1
-1
-1
227281548
-1
-1
-1
533828719
-1
-1
-1
-1
-1
-1
-1
376329145
904923395
-1
-1
-1
-1
689218681
603521588
403558167
-1
-1
-1
797352213
380487670
-1
-1
-1
-1
415382772
-1
-1
-1
-1
117554263
-1
273138089
375564995
-1
-1
318853932
-1
-1
-1
-1
-1
-1
-1
-1
48028841
-1
405167942
-1
-1
-1
-1
624583024
535885613
-1
27587619
-1
430443963
233914929
661378692
-1
-1
-1
-1
921810771
-1
-1
73685492
-1
82481570
760248602
-1
-1
-1
-1
818098617
859882974
-1
-1
-1
-1
454063485
-1
-1
-1
-1
-1
-1
521615179
718958025
-1
-1
-1
705858344
-1
-1
-1
-1
222338434
-1
-1
610697085
-1
-1
-1
281737350
-1
-1
-1
474060423
-1
-1
-1
533264982
-1
-1
-1
-1
-1
-1
179223747
-1
-1
-1
-1
613193657
-1
-1
-1
-1
-1
-1
-1
-1
948218665
-1
-1
669321065
-1
-1
-1
-1
161798175
-1
-1
-1
671142893
-1
-1
-1
-1
16524659
-1
623400678
-1
-1
-1
-1
-1
557912614
-1
-1
150738385
-1
-1
-1
638353098
-1
477378741
355657281
-1
381867094
-1
-1
-1
-1
-1
-1
-1
-1
-1
-1
585657377
-1
-1
96772932
-1
-1
-1
-1
-1
-1
-1
-1
391679298
-1
-1
256255828
-1
-1
-1
896029344
101723490
-1
-1
636339281
-1
-1
-1
-1
-1
419122391
-1
-1
-1
-1
179290560
-1
-1
876465891
584563057
-1
-1
-1
-1
-1
-1
809576451
862947855
749473432
-1
-1
-1
-1
-1
-1
-1
889465998
-1
-1
772719323
-1
-1
-1
-1
-1
-1
989251964
-1
786455578
681459850
-1
-1
-1
-1
-1
-1
191253829
-1
-1
-1
-1
-1
-1
-1
-1
-1
-1
610459582
-1
-1
-1
-1
-1
567044408
-1
-1
246916558
-1
847830553
-1
-1
421282039
-1
884295615
-1
-1
363406444
-1
-1
-1
-1
-1
795354761
27489276
894888532
-1
-1
147875139
-1
670646346
-1
-1
-1
-1
259364676
199657622
-1
824256745
-1
-1
-1
-1
-1
408158066
-1
-1
258216360
64987538
952426854
-1
-1
-1
-1
-1
-1
406038330
93778488
364683159
-1
235411962
-1
995901762
822378706
-1
-1
-1
-1
-1
-1
-1
343064712
135609026
-1
616994544
186523363
-1
-1
302580237
-1
-1
-1
-1
-1
-1
542298890
108916263
47609982
-1
-1
-1
-1
-1
-1
503439565
191830849
-1
-1
51896339
230503562
-1
-1
-1
-1
545508081
-1
142738527
-1
-1
-1
146182149
-1
424300685
-1
-1
-1
679375617
-1
81047832
-1
-1
-1
-1
-1
775541808
437667342
-1
261673840
363120753
611320605
-1
-1
-1
908482554
176409442
430169679
-1
-1
321373197
-1
-1
-1
520896642
-1
-1
-1
-1
-1
80242126
-1
-1
510440445
-1
-1
-1
-1
358832600
529352107
-1
-1
-1
-1
-1
-1
-1
-1
-1
-1
158292703
-1
-1
-1
-1
616085595
-1
83639779
-1
-1
769611812
-1
-1
-1
-1
335907302
-1
46899136
-1
-1
570574375
-1
-1
-1
690286910
-1
577753996
386242598
-1
-1
-1
-1
-1
-1
-1
592812265
-1
89085878
309514594
-1
-1
-1
-1
-1
484564644
-1
-1
-1
-1
-1
-1
-1
-1
-1
-1
-1
-1
-1
-1
-1
-1
-1
549200187
767788000
-1
-1
182918795
-1
-1
-1
-1
-1
-1
-1
918341292
-1
-1
-1
-1
-1
12733376
-1
519496891
-1
-1
-1
282770608
-1
-1
-1
-1
-1
-1
-1
-1
-1
-1
-1
-1
-1
-1
-1
-1
780004019
-1
419594580
-1
727481925
-1
-1
-1
-1
374191917
-1
-1
-1
-1
519330173
-1
733800881
152072770
-1
-1
-1
245059987
450804268
-1
483026763
-1
-1
-1
-1
-1
-1
-1
-1
-1
-1
-1
-1
321531859
-1
935356595
-1
932192176
-1
-1
-1
-1
-1
-1
-1
664374749
-1
-1
-1
592761325
624560526
-1
-1
-1
-1
-1
258812300
-1
232686320
-1
-1
-1
-1
-1
154369845
-1
864607716
-1
-1
-1
616797199
-1
-1
-1
-1
-1
-1
-1
-1
116546154
330343280
-1
509178926
451128689
-1
-1
466500800
75862737
-1
-1
-1
-1
-1
458202339
-1
-1
251568769
238000147
-1
-1
-1
-1
520517635
-1
444723831
652035243
-1
-1
62889875
-1
-1
-1
-1
-1
814523564
44731100
878400719
-1
17714094
-1
-1
-1
-1
-1
149689137
-1
445131509
-1
-1
802049514
-1
-1
-1
174044044
-1
788774307
622552546
100414590
427172320
-1
-1
-1
-1
380493500
605432872
-1
-1
-1
-1
-1
-1
180390882
145175603
-1
-1
-1
-1
-1
-1
-1
-1
-1
-1
921022756
784461898
-1
-1
-1
-1
637961132
-1
-1
712799269
907848003
-1
-1
-1
-1
-1
-1
-1
-1
-1
866913569
-1
-1
-1
-1
-1
-1
754426589
-1
-1
230060422
-1
-1
-1
-1
-1
537229250
40025056
-1
-1
566175917
-1
-1
-1
780779653
-1
994932078
-1
-1
-1
711230578
92556771
445434362
-1
-1
535732995
355978017
10524861
-1
-1
-1
-1
266776523
187291416
-1
-1
-1
751631704
597431072
-1
267730406
318010013
-1
-1
215544152
-1
-1
-1
-1
-1
-1
344837195
-1
-1
-1
-1
-1
-1
-1
-1
72772950
-1
-1
-1
26371815
-1
-1
-1
-1
-1
-1
-1
797978673
461178964
-1
901737879
-1
-1
-1
448669343
-1
216262395
141266457
-1
860380060
-1
-1
-1
-1
699029457
425592308
-1
-1
-1
-1
-1
-1
-1
675274427
-1
291092893
-1
-1
-1
-1
-1
-1
-1
75106202
-1
-1
-1
31271691
-1
-1
-1
-1
-1
-1
-1
-1
-1
-1
-1
-1
-1
-1
659039643
-1
625737708
719484513
-1
-1
-1
60976687
-1
-1
-1
-1
-1
-1
816979744
150216943
-1
-1
-1
75497923
-1
854082983
-1
349767872
-1
-1
121823054
-1
596087324
-1
-1
-1
-1
-1
-1
-1
-1
-1
-1
407613031
785352914
-1
-1
-1
-1
-1
-1
531684859
-1
-1
-1
-1
-1
-1
-1
-1
991366467
-1
-1
-1
177041269
-1
-1
-1
-1
-1
-1
204377667
-1
96593755
7273141
-1
-1
66178377
-1
-1
-1
-1
-1
-1
-1
320172612
991989127
679740334
906991406
-1
-1
-1
-1
-1
-1
14391535
974097740
-1
-1
-1
-1
257725191
-1
-1
308855881
-1
-1
-1
796827362
-1
-1
-1
-1
-1
256143768
863142313
-1
-1
-1
-1
-1
-1
-1
-1
251490724
-1
-1
266975939
-1
-1
456143181
-1
-1
-1
-1
-1
-1
-1
-1
-1
-1
-1
-1
-1
-1
-1
697766231
-1
834488417
-1
541129536
-1
674838089
-1
-1
-1
-1
-1
980875005
-1
-1
974145475
-1
-1
-1
935379279
-1
-1
979461629
-1
-1
-1
221486620
-1
-1
-1
863916736
-1
-1
-1
677919090
-1
-1
-1
-1
-1
-1
-1
-1
353679530
-1
-1
946069420
452758968
295737151
-1
36905971
-1
-1
-1
-1
-1
617351682
-1
-1
-1
-1
-1
-1
525424802
-1
-1
671448180
-1
847925821
-1
-1
168683417
-1
-1
230962721
544054707
-1
-1
-1
-1
-1
-1
445335780
-1
-1
678440450
-1
-1
-1
-1
-1
-1
529579123
643139644
455045563
932673323
706111925
-1
-1
-1
-1
-1
883689701
-1
-1
526224058
771090788
-1
897539850
-1
-1
947703821
-1
-1
-1
-1
-1
-1
-1
-1
247884506
57263805
-1
-1
-1
-1
446064714
-1
-1
-1
327049930
-1
46076520
-1
-1
-1
-1
-1
-1
-1
-1
489576232
-1
34337362
-1
-1
-1
-1
-1
-1
-1
-1
-1
124258740
-1
656620705
-1
-1
-1
-1
-1
-1
-1
-1
-1
-1
-1
-1
-1
-1
-1
-1
340902124
-1
-1
923538340
-1
-1
-1
-1
-1
-1
-1
545006664
951780006
-1
-1
-1
-1
-1
462077539
644033195
-1
-1
-1
-1
-1
-1
-1
132110607
-1
-1
-1
52412021
-1
-1
222381425
-1
-1
-1
35422615
334015815
-1
-1
-1
434375960
178347429
-1
270833752
992410941
-1
-1
256494601
466737453
-1
-1
-1
-1
250217303
-1
789585071
-1
207782089
667652493
-1
-1
-1
-1
-1
-1
-1
960425583
501686942
290822955
-1
-1
-1
-1
-1
-1
-1
-1
-1
-1
-1
-1
-1
-1
-1
340201184
-1
-1
-1
399586088
-1
-1
555101451
-1
-1
-1
-1
-1
740982222
209404792
-1
-1
-1
-1
-1
-1
-1
-1
-1
-1
-1
866952793
53908221
781428271
-1
-1
-1
91010723
809035639
-1
-1
961284303
267715929
-1
-1
463925426
-1
181303585
691438418
-1
168196163
-1
376823208
-1
-1
-1
-1
-1
-1
225198027
-1
411400430
224116304
-1
-1
602901532
772478199
-1
-1
-1
-1
594036028
-1
668110834
-1
-1
-1
-1
640287649
-1
483971763
-1
904748803
-1
555572652
-1
-1
-1
-1
-1
-1
-1
701702667
-1
-1
-1
-1
-1
-1
-1
-1
-1
-1
-1
442291668
-1
-1
-1
736754802
-1
748159366
-1
-1
-1
-1
-1
-1
800359269
-1
-1
97266480
-1
506311246
-1
-1
330504069
-1
-1
-1
-1
708578923
-1
-1
-1
-1
337473670
-1
-1
101972638
-1
-1
-1
-1
-1
-1
-1
-1
-1
-1
-1
-1
-1
-1
-1
-1
-1
682286895
-1
292091199
-1
994039396
-1
-1
86916858
-1
467793252
-1
-1
-1
-1
-1
-1
-1
-1
-1
176779468
-1
-1
-1
-1
-1
-1
-1
-1
-1
-1
-1
-1
-1
-1
-1
-1
-1
-1
-1
-1
-1
-1
-1
-1
-1
-1
-1
-1
-1
-1
901713343
-1
-1
-1
695715253
-1
-1
-1
-1
-1
-1
665241803
-1
-1
-1
-1
-1
-1
-1
-1
-1
-1
-1
-1
-1
-1
-1
-1
-1
-1
-1
-1
-1
-1
-1
-1
-1
-1
-1
26584018
-1
-1
161664670
-1
-1
-1
937387665
534354427
-1
510512036
-1
911290922
-1
278324694
-1
-1
316449524
-1
-1
-1
-1
-1
-1
-1
-1
374184714
-1
-1
-1
-1
-1
129049024
-1
-1
-1
858867142
-1
560641022
-1
617967539
-1
-1
-1
-1
-1
-1
-1
-1
-1
-1
-1
-1
-1
-1
-1
-1
-1
-1
-1
435689615
-1
676835506
42779919
-1
-1
-1
-1
-1
-1
-1
-1
-1
-1
77365281
-1
-1
-1
-1
-1
-1
673367858
-1
13055663
-1
-1
-1
-1
736370026
-1
-1
-1
-1
-1
-1
-1
-1
-1
-1
-1
157969087
-1
91751755
-1
-1
-1
-1
-1
-1
-1
-1
-1
-1
-1
153889044
-1
-1
-1
-1
-1
257868751
-1
159843774
-1
-1
-1
-1
-1
-1
-1
-1
-1
-1
-1
671829320
-1
801175957
-1
-1
-1
-1
488416796
-1
42517106
-1
-1
-1
-1
-1
-1
-1
-1
-1
-1
-1
-1
-1
298909509
2368362
383627719
-1
661333217
634501679
-1
-1
-1
-1
-1
-1
-1
-1
217524062
-1
248761759
-1
-1
-1
727561041
-1
-1
-1
-1
-1
-1
-1
-1
-1
532655037
815381034
-1
953208882
-1
534087481
-1
-1
517376926
-1
-1
-1
-1
-1
706779120
-1
293730499
-1
-1
-1
-1
-1
-1
-1
-1
-1
-1
-1
-1
140761619
-1
-1
-1
-1
707608884
-1
537681913
-1
-1
-1
-1
-1
883765796
-1
-1
-1
-1
-1
-1
-1
-1
-1
980150795
-1
-1
-1
-1
-1
-1
-1
-1
241774983
951582083
-1
-1
-1
-1
-1
-1
-1
329247885
525919488
-1
-1
-1
-1
-1
-1
-1
-1
-1
-1
575953362
-1
-1
-1
-1
-1
33747056
237585426
-1
208702894
-1
-1
-1
262895625
-1
-1
-1
-1
-1
296477429
150004792
161326988
34580387
-1
-1
-1
-1
-1
172579347
-1
944199781
-1
-1
-1
-1
77033614
-1
-1
720434337
479369996
132996260
734038156
-1
-1
-1
-1
-1
571580716
-1
-1
-1
-1
580550195
-1
-1
-1
543960534
-1
51739120
447939082
-1
672078298
604444532
-1
-1
-1
26993905
-1
-1
-1
-1
-1
-1
512706944
-1
-1
-1
-1
-1
-1
-1
503478198
-1
-1
-1
-1
-1
-1
-1
-1
42926765
-1
-1
255746590
-1
-1
898771468
-1
-1
-1
-1
-1
-1
-1
-1
290002184
-1
-1
-1
-1
51726600
842700198
-1
-1
-1
886578087
-1
-1
373059700
-1
-1
-1
-1
-1
-1
-1
-1
-1
-1
-1
-1
-1
337820975
115232995
-1
-1
-1
-1
-1
-1
328358810
-1
-1
-1
-1
115922227
-1
-1
-1
324588988
-1
-1
726367938
51897905
-1
745020469
-1
-1
-1
-1
-1
249159263
-1
470674817
-1
807998841
-1
-1
-1
-1
-1
891125036
83596143
-1
-1
-1
323622510
-1
-1
872963487
-1
570718152
43762151
-1
-1
637550654
661222986
-1
-1
-1
-1
-1
-1
-1
-1
-1
-1
-1
-1
300837595
-1
-1
-1
-1
-1
332344330
-1
-1
-1
-1
-1
-1
-1
-1
505310387
-1
-1
44798474
-1
-1
-1
930743284
199924787
-1
-1
-1
92463515
-1
-1
539784104
75732455
362066121
-1
-1
-1
-1
-1
-1
-1
-1
-1
990058041
-1
-1
-1
167088873
-1
-1
180205631
482837387
-1
-1
121414756
-1
822974051
-1
-1
-1
-1
-1
-1
-1
-1
-1
-1
-1
-1
-1
784942334
-1
-1
-1
-1
138629368
-1
-1
-1
858832828
-1
-1
-1
-1
31700822
131772397
-1
-1
-1
-1
-1
-1
-1
-1
-1
35868182
-1
389494664
167152304
-1
-1
-1
-1
-1
-1
-1
65609546
-1
-1
-1
-1
210796358
-1
500811624
-1
-1
391139133
636338986
-1
-1
-1
578429287
-1
-1
-1
-1
176524346
-1
-1
-1
486119576
-1
-1
-1
-1
994179842
353920716
-1
-1
-1
187815013
-1
790723078
-1
-1
-1
-1
354277402
-1
645857817
908086687
-1
-1
-1
-1
-1
658018656
816929163
-1
-1
-1
-1
127050752
-1
-1
-1
-1
-1
-1
-1
-1
-1
-1
489857172
-1
-1
220017876
-1
-1
435769170
-1
-1
-1
592861572
270763293
648443086
553392609
-1
803435442
5323577
-1
-1
-1
-1
-1
-1
-1
-1
-1
925367116
-1
-1
928822534
-1
-1
-1
-1
-1
-1
-1
-1
-1
-1
-1
946568336
-1
-1
362015168
995191567
224621754
716291279
-1
-1
-1
775159116
-1
-1
-1
337090413
580356952
571469272
-1
-1
975849186
-1
-1
-1
569402659
853573866
619070290
245593562
-1
-1
-1
359944650
-1
-1
-1
-1
816186511
-1
237451772
69682093
437203213
-1
-1
-1
551994883
-1
-1
862712524
-1
-1
-1
-1
-1
-1
130538462
-1
-1
-1
167006950
-1
-1
-1
-1
-1
-1
-1
155981376
-1
-1
-1
-1
-1
-1
-1
-1
-1
-1
-1
-1
-1
462626089
934025636
871818825
704661019
869041600
-1
-1
-1
-1
659832478
779026040
-1
-1
-1
-1
812374572
-1
-1
-1
-1
-1
-1
175058888
-1
206495912
772529783
-1
-1
-1
897026789
650792894
-1
712754854
-1
-1
-1
631836227
-1
-1
-1
-1
-1
-1
-1
282670679
-1
439591993
-1
-1
259907268
-1
-1
-1
-1
-1
-1
-1
975361292
-1
-1
-1
-1
-1
77955272
-1
-1
-1
-1
-1
927697700
-1
265627876
-1
-1
-1
-1
-1
-1
-1
-1
-1
847907098
-1
-1
104672812
26200436
-1
-1
-1
749650705
-1
-1
-1
762277644
-1
891460999
-1
-1
-1
-1
-1
767127190
177306380
-1
-1
-1
-1
-1
-1
-1
-1
-1
-1
-1
742910990
-1
962164341
-1
-1
-1
-1
444938490
-1
-1
226282952
-1
445373613
286657451
-1
-1
-1
-1
-1
-1
-1
-1
-1
-1
253916527
276688473
-1
751529751
66202352
-1
-1
-1
-1
-1
-1
-1
-1
-1
-1
-1
-1
147290135
371121816
164205353
-1
-1
-1
-1
217846632
492955289
-1
-1
-1
-1
-1
-1
-1
267717693
-1
-1
-1
-1
-1
-1
-1
-1
-1
-1
-1
-1
117415855
-1
477075211
-1
-1
-1
-1
538659447
-1
-1
-1
-1
-1
-1
654317808
-1
495958418
937086582
111723116
611714010
349717753
-1
-1
703895259
763139935
178788423
-1
-1
37666781
-1
-1
-1
-1
-1
-1
-1
73986104
-1
-1
558953037
724609529
-1
-1
-1
-1
-1
-1
-1
-1
-1
584390492
-1
-1
-1
-1
-1
-1
-1
-1
-1
-1
267594454
-1
-1
-1
-1
-1
362226958
-1
-1
-1
-1
-1
-1
-1
-1
-1
674706471
-1
591551575
982097235
358191429
659175996
-1
-1
-1
-1
-1
106003611
-1
-1
-1
-1
-1
-1
-1
-1
7215701
-1
864015191
-1
-1
